<?xml version="1.0" encoding="UTF-8"?>
<testng-results ignored="0" total="60" passed="57" failed="3" skipped="0">
  <reporter-output>
  </reporter-output>
  <suite started-at="2025-04-30T00:52:14 IST" name="Default suite" finished-at="2025-04-30T00:54:30 IST" duration-ms="135803">
    <groups>
      <group name="cucumber">
        <method signature="AbstractTestNGCucumberTests.runScenario(io.cucumber.testng.PickleWrapper,io.cucumber.testng.FeatureWrapper)[pri:0, instance:com.runner.RunnerTestNg@26b3fd41]" name="runScenario" class="io.cucumber.testng.AbstractTestNGCucumberTests"/>
      </group> <!-- cucumber -->
    </groups>
    <test started-at="2025-04-30T00:52:14 IST" name="Default test" finished-at="2025-04-30T00:54:30 IST" duration-ms="135803">
      <class name="com.runner.RunnerTestNg">
        <test-method is-config="true" signature="setUpClass(org.testng.ITestContext)[pri:0, instance:com.runner.RunnerTestNg@26b3fd41]" started-at="2025-04-30T00:52:14 IST" name="setUpClass" finished-at="2025-04-30T00:52:16 IST" duration-ms="1488" status="PASS">
          <params>
            <param index="0">
              <value>
                <![CDATA[org.testng.TestRunner@74960e9d]]>
              </value>
            </param>
          </params>
          <reporter-output>
          </reporter-output>
        </test-method> <!-- setUpClass -->
        <test-method signature="runScenario(io.cucumber.testng.PickleWrapper,io.cucumber.testng.FeatureWrapper)[pri:0, instance:com.runner.RunnerTestNg@26b3fd41]" started-at="2025-04-30T00:52:16 IST" name="runScenario" description="Runs Cucumber Scenarios" data-provider="scenarios" finished-at="2025-04-30T00:52:43 IST" duration-ms="26999" status="PASS">
          <params>
            <param index="0">
              <value>
                <![CDATA["Add multiple quantities of the same product"]]>
              </value>
            </param>
            <param index="1">
              <value>
                <![CDATA["Soundar_12APR2025_LambdaTesters_AddToCart"]]>
              </value>
            </param>
          </params>
          <reporter-output>
          </reporter-output>
        </test-method> <!-- runScenario -->
        <test-method signature="runScenario(io.cucumber.testng.PickleWrapper,io.cucumber.testng.FeatureWrapper)[pri:0, instance:com.runner.RunnerTestNg@26b3fd41]" started-at="2025-04-30T00:52:16 IST" name="runScenario" description="Runs Cucumber Scenarios" data-provider="scenarios" finished-at="2025-04-30T00:52:42 IST" duration-ms="25864" status="PASS">
          <params>
            <param index="0">
              <value>
                <![CDATA["User tries to add a product to cart without selecting size"]]>
              </value>
            </param>
            <param index="1">
              <value>
                <![CDATA["Soundar_12APR2025_LambdaTesters_AddToCart"]]>
              </value>
            </param>
          </params>
          <reporter-output>
          </reporter-output>
        </test-method> <!-- runScenario -->
        <test-method signature="runScenario(io.cucumber.testng.PickleWrapper,io.cucumber.testng.FeatureWrapper)[pri:0, instance:com.runner.RunnerTestNg@26b3fd41]" started-at="2025-04-30T00:52:16 IST" name="runScenario" description="Runs Cucumber Scenarios" data-provider="scenarios" finished-at="2025-04-30T00:53:09 IST" duration-ms="53720" status="PASS">
          <params>
            <param index="0">
              <value>
                <![CDATA["Remove a product from the cart"]]>
              </value>
            </param>
            <param index="1">
              <value>
                <![CDATA["Soundar_12APR2025_LambdaTesters_AddToCart"]]>
              </value>
            </param>
          </params>
          <reporter-output>
          </reporter-output>
        </test-method> <!-- runScenario -->
        <test-method signature="runScenario(io.cucumber.testng.PickleWrapper,io.cucumber.testng.FeatureWrapper)[pri:0, instance:com.runner.RunnerTestNg@26b3fd41]" started-at="2025-04-30T00:52:16 IST" name="runScenario" description="Runs Cucumber Scenarios" data-provider="scenarios" finished-at="2025-04-30T00:52:44 IST" duration-ms="27877" status="PASS">
          <params>
            <param index="0">
              <value>
                <![CDATA["Add a single product to the cart"]]>
              </value>
            </param>
            <param index="1">
              <value>
                <![CDATA["Soundar_12APR2025_LambdaTesters_AddToCart"]]>
              </value>
            </param>
          </params>
          <reporter-output>
          </reporter-output>
        </test-method> <!-- runScenario -->
        <test-method signature="runScenario(io.cucumber.testng.PickleWrapper,io.cucumber.testng.FeatureWrapper)[pri:0, instance:com.runner.RunnerTestNg@26b3fd41]" started-at="2025-04-30T00:52:16 IST" name="runScenario" description="Runs Cucumber Scenarios" data-provider="scenarios" finished-at="2025-04-30T00:52:41 IST" duration-ms="25110" status="PASS">
          <params>
            <param index="0">
              <value>
                <![CDATA["Submitting a blog comment without filling required details"]]>
              </value>
            </param>
            <param index="1">
              <value>
                <![CDATA["Jeevika_16APR2025_LambdaTesters_Blog"]]>
              </value>
            </param>
          </params>
          <reporter-output>
          </reporter-output>
        </test-method> <!-- runScenario -->
        <test-method signature="runScenario(io.cucumber.testng.PickleWrapper,io.cucumber.testng.FeatureWrapper)[pri:0, instance:com.runner.RunnerTestNg@26b3fd41]" started-at="2025-04-30T00:52:16 IST" name="runScenario" description="Runs Cucumber Scenarios" data-provider="scenarios" finished-at="2025-04-30T00:52:55 IST" duration-ms="39371" status="PASS">
          <params>
            <param index="0">
              <value>
                <![CDATA["Register a user and register as affiliate with valid and invalid inputs"]]>
              </value>
            </param>
            <param index="1">
              <value>
                <![CDATA["Jeevika_15APR2025_LambdaTesters_AffiliateAccount"]]>
              </value>
            </param>
          </params>
          <reporter-output>
          </reporter-output>
        </test-method> <!-- runScenario -->
        <test-method signature="runScenario(io.cucumber.testng.PickleWrapper,io.cucumber.testng.FeatureWrapper)[pri:0, instance:com.runner.RunnerTestNg@26b3fd41]" started-at="2025-04-30T00:52:16 IST" name="runScenario" description="Runs Cucumber Scenarios" data-provider="scenarios" finished-at="2025-04-30T00:52:37 IST" duration-ms="21636" status="PASS">
          <params>
            <param index="0">
              <value>
                <![CDATA["Submitting a blog comment without filling required details"]]>
              </value>
            </param>
            <param index="1">
              <value>
                <![CDATA["Jeevika_16APR2025_LambdaTesters_Blog"]]>
              </value>
            </param>
          </params>
          <reporter-output>
          </reporter-output>
        </test-method> <!-- runScenario -->
        <test-method signature="runScenario(io.cucumber.testng.PickleWrapper,io.cucumber.testng.FeatureWrapper)[pri:0, instance:com.runner.RunnerTestNg@26b3fd41]" started-at="2025-04-30T00:52:16 IST" name="runScenario" description="Runs Cucumber Scenarios" data-provider="scenarios" finished-at="2025-04-30T00:52:53 IST" duration-ms="37719" status="PASS">
          <params>
            <param index="0">
              <value>
                <![CDATA["Register a user and register as affiliate with valid and invalid inputs"]]>
              </value>
            </param>
            <param index="1">
              <value>
                <![CDATA["Jeevika_15APR2025_LambdaTesters_AffiliateAccount"]]>
              </value>
            </param>
          </params>
          <reporter-output>
          </reporter-output>
        </test-method> <!-- runScenario -->
        <test-method signature="runScenario(io.cucumber.testng.PickleWrapper,io.cucumber.testng.FeatureWrapper)[pri:0, instance:com.runner.RunnerTestNg@26b3fd41]" started-at="2025-04-30T00:52:16 IST" name="runScenario" description="Runs Cucumber Scenarios" data-provider="scenarios" finished-at="2025-04-30T00:52:41 IST" duration-ms="24758" status="PASS">
          <params>
            <param index="0">
              <value>
                <![CDATA["Submitting a blog comment without filling required details"]]>
              </value>
            </param>
            <param index="1">
              <value>
                <![CDATA["Jeevika_16APR2025_LambdaTesters_Blog"]]>
              </value>
            </param>
          </params>
          <reporter-output>
          </reporter-output>
        </test-method> <!-- runScenario -->
        <test-method signature="runScenario(io.cucumber.testng.PickleWrapper,io.cucumber.testng.FeatureWrapper)[pri:0, instance:com.runner.RunnerTestNg@26b3fd41]" started-at="2025-04-30T00:52:16 IST" name="runScenario" description="Runs Cucumber Scenarios" data-provider="scenarios" finished-at="2025-04-30T00:52:38 IST" duration-ms="22680" status="PASS">
          <params>
            <param index="0">
              <value>
                <![CDATA["Adding a valid comment to the blog"]]>
              </value>
            </param>
            <param index="1">
              <value>
                <![CDATA["Jeevika_16APR2025_LambdaTesters_Blog"]]>
              </value>
            </param>
          </params>
          <reporter-output>
          </reporter-output>
        </test-method> <!-- runScenario -->
        <test-method signature="runScenario(io.cucumber.testng.PickleWrapper,io.cucumber.testng.FeatureWrapper)[pri:0, instance:com.runner.RunnerTestNg@26b3fd41]" started-at="2025-04-30T00:52:37 IST" name="runScenario" description="Runs Cucumber Scenarios" data-provider="scenarios" finished-at="2025-04-30T00:52:53 IST" duration-ms="15377" status="PASS">
          <params>
            <param index="0">
              <value>
                <![CDATA["category wise selection and assertion"]]>
              </value>
            </param>
            <param index="1">
              <value>
                <![CDATA["Jeevika_16APR2025_LambdaTesters_Blog"]]>
              </value>
            </param>
          </params>
          <reporter-output>
          </reporter-output>
        </test-method> <!-- runScenario -->
        <test-method signature="runScenario(io.cucumber.testng.PickleWrapper,io.cucumber.testng.FeatureWrapper)[pri:0, instance:com.runner.RunnerTestNg@26b3fd41]" started-at="2025-04-30T00:52:38 IST" name="runScenario" description="Runs Cucumber Scenarios" data-provider="scenarios" finished-at="2025-04-30T00:52:55 IST" duration-ms="16920" status="PASS">
          <params>
            <param index="0">
              <value>
                <![CDATA["clicking the product image to navigate to product shopping page"]]>
              </value>
            </param>
            <param index="1">
              <value>
                <![CDATA["Jeevika_16APR2025_LambdaTesters_Blog"]]>
              </value>
            </param>
          </params>
          <reporter-output>
          </reporter-output>
        </test-method> <!-- runScenario -->
        <test-method signature="runScenario(io.cucumber.testng.PickleWrapper,io.cucumber.testng.FeatureWrapper)[pri:0, instance:com.runner.RunnerTestNg@26b3fd41]" started-at="2025-04-30T00:52:41 IST" name="runScenario" description="Runs Cucumber Scenarios" data-provider="scenarios" finished-at="2025-04-30T00:53:02 IST" duration-ms="21085" status="PASS">
          <params>
            <param index="0">
              <value>
                <![CDATA["Estimate the shipping and taxes"]]>
              </value>
            </param>
            <param index="1">
              <value>
                <![CDATA["Soundar_28APR2025_LambdaTesters_EstimateShippingStatus"]]>
              </value>
            </param>
          </params>
          <reporter-output>
          </reporter-output>
        </test-method> <!-- runScenario -->
        <test-method signature="runScenario(io.cucumber.testng.PickleWrapper,io.cucumber.testng.FeatureWrapper)[pri:0, instance:com.runner.RunnerTestNg@26b3fd41]" started-at="2025-04-30T00:52:41 IST" name="runScenario" description="Runs Cucumber Scenarios" data-provider="scenarios" finished-at="2025-04-30T00:53:01 IST" duration-ms="19828" status="PASS">
          <params>
            <param index="0">
              <value>
                <![CDATA["Validate all FAQ messages displayed for iPod Nano under Phones & PDAs category"]]>
              </value>
            </param>
            <param index="1">
              <value>
                <![CDATA["Soundar_29APR2025_LambdaTesters_FrequentlyAskedQuestion"]]>
              </value>
            </param>
          </params>
          <reporter-output>
          </reporter-output>
        </test-method> <!-- runScenario -->
        <test-method signature="runScenario(io.cucumber.testng.PickleWrapper,io.cucumber.testng.FeatureWrapper)[pri:0, instance:com.runner.RunnerTestNg@26b3fd41]" started-at="2025-04-30T00:52:42 IST" name="runScenario" description="Runs Cucumber Scenarios" data-provider="scenarios" finished-at="2025-04-30T00:52:59 IST" duration-ms="17226" status="PASS">
          <params>
            <param index="0">
              <value>
                <![CDATA["User requests a password reset link using valid email"]]>
              </value>
            </param>
            <param index="1">
              <value>
                <![CDATA["Soundar_09APR2025_LambdaTesters_ForgotPassword"]]>
              </value>
            </param>
          </params>
          <reporter-output>
          </reporter-output>
        </test-method> <!-- runScenario -->
        <test-method signature="runScenario(io.cucumber.testng.PickleWrapper,io.cucumber.testng.FeatureWrapper)[pri:0, instance:com.runner.RunnerTestNg@26b3fd41]" started-at="2025-04-30T00:52:43 IST" name="runScenario" description="Runs Cucumber Scenarios" data-provider="scenarios" finished-at="2025-04-30T00:52:57 IST" duration-ms="14319" status="PASS">
          <params>
            <param index="0">
              <value>
                <![CDATA["User requests a password reset link using invalid email"]]>
              </value>
            </param>
            <param index="1">
              <value>
                <![CDATA["Soundar_09APR2025_LambdaTesters_ForgotPassword"]]>
              </value>
            </param>
          </params>
          <reporter-output>
          </reporter-output>
        </test-method> <!-- runScenario -->
        <test-method signature="runScenario(io.cucumber.testng.PickleWrapper,io.cucumber.testng.FeatureWrapper)[pri:0, instance:com.runner.RunnerTestNg@26b3fd41]" started-at="2025-04-30T00:52:44 IST" name="runScenario" description="Runs Cucumber Scenarios" data-provider="scenarios" finished-at="2025-04-30T00:53:00 IST" duration-ms="16401" status="PASS">
          <params>
            <param index="0">
              <value>
                <![CDATA["User requests a password reset link without providing email"]]>
              </value>
            </param>
            <param index="1">
              <value>
                <![CDATA["Soundar_09APR2025_LambdaTesters_ForgotPassword"]]>
              </value>
            </param>
          </params>
          <reporter-output>
          </reporter-output>
        </test-method> <!-- runScenario -->
        <test-method signature="runScenario(io.cucumber.testng.PickleWrapper,io.cucumber.testng.FeatureWrapper)[pri:0, instance:com.runner.RunnerTestNg@26b3fd41]" started-at="2025-04-30T00:52:53 IST" name="runScenario" description="Runs Cucumber Scenarios" data-provider="scenarios" finished-at="2025-04-30T00:53:00 IST" duration-ms="6983" status="PASS">
          <params>
            <param index="0">
              <value>
                <![CDATA["To assert the Functioning of Webelements in home page"]]>
              </value>
            </param>
            <param index="1">
              <value>
                <![CDATA["Saranya_20APR2025_LamdaTesters_Feature file for HomePage Assertion"]]>
              </value>
            </param>
          </params>
          <reporter-output>
          </reporter-output>
        </test-method> <!-- runScenario -->
        <test-method signature="runScenario(io.cucumber.testng.PickleWrapper,io.cucumber.testng.FeatureWrapper)[pri:0, instance:com.runner.RunnerTestNg@26b3fd41]" started-at="2025-04-30T00:52:53 IST" name="runScenario" description="Runs Cucumber Scenarios" data-provider="scenarios" finished-at="2025-04-30T00:53:07 IST" duration-ms="13468" status="PASS">
          <params>
            <param index="0">
              <value>
                <![CDATA["To redirected to the product page after clicking Shop Now button in Block 2"]]>
              </value>
            </param>
            <param index="1">
              <value>
                <![CDATA["Saranya_20APR2025_LamdaTesters_Feature file for HomePage Assertion"]]>
              </value>
            </param>
          </params>
          <reporter-output>
          </reporter-output>
        </test-method> <!-- runScenario -->
        <test-method signature="runScenario(io.cucumber.testng.PickleWrapper,io.cucumber.testng.FeatureWrapper)[pri:0, instance:com.runner.RunnerTestNg@26b3fd41]" started-at="2025-04-30T00:52:55 IST" name="runScenario" description="Runs Cucumber Scenarios" data-provider="scenarios" finished-at="2025-04-30T00:53:09 IST" duration-ms="13479" status="PASS">
          <params>
            <param index="0">
              <value>
                <![CDATA["To redirected to the product page after clicking Head phones poster"]]>
              </value>
            </param>
            <param index="1">
              <value>
                <![CDATA["Saranya_20APR2025_LamdaTesters_Feature file for HomePage Assertion"]]>
              </value>
            </param>
          </params>
          <reporter-output>
          </reporter-output>
        </test-method> <!-- runScenario -->
        <test-method signature="runScenario(io.cucumber.testng.PickleWrapper,io.cucumber.testng.FeatureWrapper)[pri:0, instance:com.runner.RunnerTestNg@26b3fd41]" started-at="2025-04-30T00:52:55 IST" name="runScenario" description="Runs Cucumber Scenarios" data-provider="scenarios" finished-at="2025-04-30T00:53:15 IST" duration-ms="19136" status="FAIL">
          <params>
            <param index="0">
              <value>
                <![CDATA["Navigate banner images using the left control arrow"]]>
              </value>
            </param>
            <param index="1">
              <value>
                <![CDATA["Saranya_20APR2025_LamdaTesters_Feature file for HomePage Assertion"]]>
              </value>
            </param>
          </params>
          <exception class="org.openqa.selenium.TimeoutException">
            <message>
              <![CDATA[Expected condition failed: waiting for element to be clickable: [[ChromeDriver: chrome on windows (645fea9b15733d5a5785dc6e902239de)] -> css selector: a.carousel-control-next[href='#mz-carousel-217960']] (tried for 10 second(s) with 500 milliseconds interval)
Build info: version: '4.31.0', revision: '1ef9f18787*'
System info: os.name: 'Windows 11', os.arch: 'amd64', os.version: '10.0', java.version: '21.0.6'
Driver info: org.openqa.selenium.chrome.ChromeDriver
Capabilities {acceptInsecureCerts: false, browserName: chrome, browserVersion: 135.0.7049.115, chrome: {chromedriverVersion: 135.0.7049.114 (63fd8a7d9d0..., userDataDir: C:\Users\saran\AppData\Loca...}, fedcm:accounts: true, goog:chromeOptions: {debuggerAddress: localhost:61581}, networkConnectionEnabled: false, pageLoadStrategy: normal, platformName: windows, proxy: Proxy(), se:cdp: ws://localhost:61581/devtoo..., se:cdpVersion: 135.0.7049.115, setWindowRect: true, strictFileInteractability: false, timeouts: {implicit: 0, pageLoad: 300000, script: 30000}, unhandledPromptBehavior: dismiss and notify, webauthn:extension:credBlob: true, webauthn:extension:largeBlob: true, webauthn:extension:minPinLength: true, webauthn:extension:prf: true, webauthn:virtualAuthenticators: true}
Session ID: 645fea9b15733d5a5785dc6e902239de]]>
            </message>
            <full-stacktrace>
              <![CDATA[org.openqa.selenium.TimeoutException: Expected condition failed: waiting for element to be clickable: [[ChromeDriver: chrome on windows (645fea9b15733d5a5785dc6e902239de)] -> css selector: a.carousel-control-next[href='#mz-carousel-217960']] (tried for 10 second(s) with 500 milliseconds interval)
Build info: version: '4.31.0', revision: '1ef9f18787*'
System info: os.name: 'Windows 11', os.arch: 'amd64', os.version: '10.0', java.version: '21.0.6'
Driver info: org.openqa.selenium.chrome.ChromeDriver
Capabilities {acceptInsecureCerts: false, browserName: chrome, browserVersion: 135.0.7049.115, chrome: {chromedriverVersion: 135.0.7049.114 (63fd8a7d9d0..., userDataDir: C:\Users\saran\AppData\Loca...}, fedcm:accounts: true, goog:chromeOptions: {debuggerAddress: localhost:61581}, networkConnectionEnabled: false, pageLoadStrategy: normal, platformName: windows, proxy: Proxy(), se:cdp: ws://localhost:61581/devtoo..., se:cdpVersion: 135.0.7049.115, setWindowRect: true, strictFileInteractability: false, timeouts: {implicit: 0, pageLoad: 300000, script: 30000}, unhandledPromptBehavior: dismiss and notify, webauthn:extension:credBlob: true, webauthn:extension:largeBlob: true, webauthn:extension:minPinLength: true, webauthn:extension:prf: true, webauthn:virtualAuthenticators: true}
Session ID: 645fea9b15733d5a5785dc6e902239de
at org.openqa.selenium.support.ui.WebDriverWait.timeoutException(WebDriverWait.java:84)
at org.openqa.selenium.support.ui.FluentWait.until(FluentWait.java:228)
at com.actions.HomePageAction.clickNextButton(HomePageAction.java:63)
at com.definitions.HomePageDefinition.the_user_clicks_the_left_control_arrow_on_the_banner(HomePageDefinition.java:78)
at ✽.the user clicks the left control arrow on the banner(file:///C:/Users/saran/git/SeleniumFinalCucumber/ecommerce-lambdatest-bd/src/test/resources/com/features/Home.feature:25)
]]>
            </full-stacktrace>
          </exception> <!-- org.openqa.selenium.TimeoutException -->
          <reporter-output>
          </reporter-output>
        </test-method> <!-- runScenario -->
        <test-method signature="runScenario(io.cucumber.testng.PickleWrapper,io.cucumber.testng.FeatureWrapper)[pri:0, instance:com.runner.RunnerTestNg@26b3fd41]" started-at="2025-04-30T00:52:57 IST" name="runScenario" description="Runs Cucumber Scenarios" data-provider="scenarios" finished-at="2025-04-30T00:53:57 IST" duration-ms="60267" status="PASS">
          <params>
            <param index="0">
              <value>
                <![CDATA["To checkout view the order history after ordering"]]>
              </value>
            </param>
            <param index="1">
              <value>
                <![CDATA["Saranya_16APR2025_LambdaTesters_My_orders_feature"]]>
              </value>
            </param>
          </params>
          <reporter-output>
          </reporter-output>
        </test-method> <!-- runScenario -->
        <test-method signature="runScenario(io.cucumber.testng.PickleWrapper,io.cucumber.testng.FeatureWrapper)[pri:0, instance:com.runner.RunnerTestNg@26b3fd41]" started-at="2025-04-30T00:52:59 IST" name="runScenario" description="Runs Cucumber Scenarios" data-provider="scenarios" finished-at="2025-04-30T00:54:03 IST" duration-ms="63691" status="PASS">
          <params>
            <param index="0">
              <value>
                <![CDATA["To reorder the product in the order  history"]]>
              </value>
            </param>
            <param index="1">
              <value>
                <![CDATA["Saranya_16APR2025_LambdaTesters_My_orders_feature"]]>
              </value>
            </param>
          </params>
          <reporter-output>
          </reporter-output>
        </test-method> <!-- runScenario -->
        <test-method signature="runScenario(io.cucumber.testng.PickleWrapper,io.cucumber.testng.FeatureWrapper)[pri:0, instance:com.runner.RunnerTestNg@26b3fd41]" started-at="2025-04-30T00:53:00 IST" name="runScenario" description="Runs Cucumber Scenarios" data-provider="scenarios" finished-at="2025-04-30T00:53:54 IST" duration-ms="53712" status="PASS">
          <params>
            <param index="0">
              <value>
                <![CDATA["To checkout the shopping cart as a guest user"]]>
              </value>
            </param>
            <param index="1">
              <value>
                <![CDATA["Saranya_12APR2025_LambdaTesters_Shopping_Cart_CheckOut_functionality"]]>
              </value>
            </param>
          </params>
          <reporter-output>
          </reporter-output>
        </test-method> <!-- runScenario -->
        <test-method signature="runScenario(io.cucumber.testng.PickleWrapper,io.cucumber.testng.FeatureWrapper)[pri:0, instance:com.runner.RunnerTestNg@26b3fd41]" started-at="2025-04-30T00:53:00 IST" name="runScenario" description="Runs Cucumber Scenarios" data-provider="scenarios" finished-at="2025-04-30T00:53:18 IST" duration-ms="18176" status="PASS">
          <params>
            <param index="0">
              <value>
                <![CDATA["To checkout the empty shopping cart as a registered user"]]>
              </value>
            </param>
            <param index="1">
              <value>
                <![CDATA["Saranya_12APR2025_LambdaTesters_Shopping_Cart_CheckOut_functionality"]]>
              </value>
            </param>
          </params>
          <reporter-output>
          </reporter-output>
        </test-method> <!-- runScenario -->
        <test-method signature="runScenario(io.cucumber.testng.PickleWrapper,io.cucumber.testng.FeatureWrapper)[pri:0, instance:com.runner.RunnerTestNg@26b3fd41]" started-at="2025-04-30T00:53:01 IST" name="runScenario" description="Runs Cucumber Scenarios" data-provider="scenarios" finished-at="2025-04-30T00:53:57 IST" duration-ms="55916" status="PASS">
          <params>
            <param index="0">
              <value>
                <![CDATA["To checkout the  cart as a registered user"]]>
              </value>
            </param>
            <param index="1">
              <value>
                <![CDATA["Saranya_12APR2025_LambdaTesters_Shopping_Cart_CheckOut_functionality"]]>
              </value>
            </param>
          </params>
          <reporter-output>
          </reporter-output>
        </test-method> <!-- runScenario -->
        <test-method signature="runScenario(io.cucumber.testng.PickleWrapper,io.cucumber.testng.FeatureWrapper)[pri:0, instance:com.runner.RunnerTestNg@26b3fd41]" started-at="2025-04-30T00:53:02 IST" name="runScenario" description="Runs Cucumber Scenarios" data-provider="scenarios" finished-at="2025-04-30T00:53:53 IST" duration-ms="51087" status="PASS">
          <params>
            <param index="0">
              <value>
                <![CDATA["To checkout the  cart with existing email"]]>
              </value>
            </param>
            <param index="1">
              <value>
                <![CDATA["Saranya_12APR2025_LambdaTesters_Shopping_Cart_CheckOut_functionality"]]>
              </value>
            </param>
          </params>
          <reporter-output>
          </reporter-output>
        </test-method> <!-- runScenario -->
        <test-method signature="runScenario(io.cucumber.testng.PickleWrapper,io.cucumber.testng.FeatureWrapper)[pri:0, instance:com.runner.RunnerTestNg@26b3fd41]" started-at="2025-04-30T00:53:07 IST" name="runScenario" description="Runs Cucumber Scenarios" data-provider="scenarios" finished-at="2025-04-30T00:53:30 IST" duration-ms="23416" status="PASS">
          <params>
            <param index="0">
              <value>
                <![CDATA["To perform compare without adding products to list"]]>
              </value>
            </param>
            <param index="1">
              <value>
                <![CDATA["Saranya_15APR2025_LambdaTesters_Product_compare_functionality"]]>
              </value>
            </param>
          </params>
          <reporter-output>
          </reporter-output>
        </test-method> <!-- runScenario -->
        <test-method signature="runScenario(io.cucumber.testng.PickleWrapper,io.cucumber.testng.FeatureWrapper)[pri:0, instance:com.runner.RunnerTestNg@26b3fd41]" started-at="2025-04-30T00:53:09 IST" name="runScenario" description="Runs Cucumber Scenarios" data-provider="scenarios" finished-at="2025-04-30T00:53:48 IST" duration-ms="39108" status="PASS">
          <params>
            <param index="0">
              <value>
                <![CDATA["To Add the products to comparision list"]]>
              </value>
            </param>
            <param index="1">
              <value>
                <![CDATA["Saranya_15APR2025_LambdaTesters_Product_compare_functionality"]]>
              </value>
            </param>
          </params>
          <reporter-output>
          </reporter-output>
        </test-method> <!-- runScenario -->
        <test-method signature="runScenario(io.cucumber.testng.PickleWrapper,io.cucumber.testng.FeatureWrapper)[pri:0, instance:com.runner.RunnerTestNg@26b3fd41]" started-at="2025-04-30T00:53:09 IST" name="runScenario" description="Runs Cucumber Scenarios" data-provider="scenarios" finished-at="2025-04-30T00:53:20 IST" duration-ms="10205" status="PASS">
          <params>
            <param index="0">
              <value>
                <![CDATA["To Add the products to comparision list"]]>
              </value>
            </param>
            <param index="1">
              <value>
                <![CDATA["Saranya_15APR2025_LambdaTesters_Product_compare_functionality"]]>
              </value>
            </param>
          </params>
          <reporter-output>
          </reporter-output>
        </test-method> <!-- runScenario -->
        <test-method signature="runScenario(io.cucumber.testng.PickleWrapper,io.cucumber.testng.FeatureWrapper)[pri:0, instance:com.runner.RunnerTestNg@26b3fd41]" started-at="2025-04-30T00:53:15 IST" name="runScenario" description="Runs Cucumber Scenarios" data-provider="scenarios" finished-at="2025-04-30T00:53:32 IST" duration-ms="17310" status="PASS">
          <params>
            <param index="0">
              <value>
                <![CDATA["Submit a valid product review with rating and comment"]]>
              </value>
            </param>
            <param index="1">
              <value>
                <![CDATA["Soundar_16APR2025_LambdaTesters_ProductReview"]]>
              </value>
            </param>
          </params>
          <reporter-output>
          </reporter-output>
        </test-method> <!-- runScenario -->
        <test-method signature="runScenario(io.cucumber.testng.PickleWrapper,io.cucumber.testng.FeatureWrapper)[pri:0, instance:com.runner.RunnerTestNg@26b3fd41]" started-at="2025-04-30T00:53:18 IST" name="runScenario" description="Runs Cucumber Scenarios" data-provider="scenarios" finished-at="2025-04-30T00:53:34 IST" duration-ms="15711" status="PASS">
          <params>
            <param index="0">
              <value>
                <![CDATA["Submit review without rating and without comment"]]>
              </value>
            </param>
            <param index="1">
              <value>
                <![CDATA["Soundar_16APR2025_LambdaTesters_ProductReview"]]>
              </value>
            </param>
          </params>
          <reporter-output>
          </reporter-output>
        </test-method> <!-- runScenario -->
        <test-method signature="runScenario(io.cucumber.testng.PickleWrapper,io.cucumber.testng.FeatureWrapper)[pri:0, instance:com.runner.RunnerTestNg@26b3fd41]" started-at="2025-04-30T00:53:20 IST" name="runScenario" description="Runs Cucumber Scenarios" data-provider="scenarios" finished-at="2025-04-30T00:53:36 IST" duration-ms="16148" status="PASS">
          <params>
            <param index="0">
              <value>
                <![CDATA["Submit review without rating but with comment"]]>
              </value>
            </param>
            <param index="1">
              <value>
                <![CDATA["Soundar_16APR2025_LambdaTesters_ProductReview"]]>
              </value>
            </param>
          </params>
          <reporter-output>
          </reporter-output>
        </test-method> <!-- runScenario -->
        <test-method signature="runScenario(io.cucumber.testng.PickleWrapper,io.cucumber.testng.FeatureWrapper)[pri:0, instance:com.runner.RunnerTestNg@26b3fd41]" started-at="2025-04-30T00:53:30 IST" name="runScenario" description="Runs Cucumber Scenarios" data-provider="scenarios" finished-at="2025-04-30T00:53:46 IST" duration-ms="15793" status="PASS">
          <params>
            <param index="0">
              <value>
                <![CDATA["Submit review with rating but without comment"]]>
              </value>
            </param>
            <param index="1">
              <value>
                <![CDATA["Soundar_16APR2025_LambdaTesters_ProductReview"]]>
              </value>
            </param>
          </params>
          <reporter-output>
          </reporter-output>
        </test-method> <!-- runScenario -->
        <test-method signature="runScenario(io.cucumber.testng.PickleWrapper,io.cucumber.testng.FeatureWrapper)[pri:0, instance:com.runner.RunnerTestNg@26b3fd41]" started-at="2025-04-30T00:53:32 IST" name="runScenario" description="Runs Cucumber Scenarios" data-provider="scenarios" finished-at="2025-04-30T00:53:42 IST" duration-ms="9689" status="PASS">
          <params>
            <param index="0">
              <value>
                <![CDATA["Search functionality with valid inputs"]]>
              </value>
            </param>
            <param index="1">
              <value>
                <![CDATA["Jeevika_12APR2025_LambdaTesters_Search"]]>
              </value>
            </param>
          </params>
          <reporter-output>
          </reporter-output>
        </test-method> <!-- runScenario -->
        <test-method signature="runScenario(io.cucumber.testng.PickleWrapper,io.cucumber.testng.FeatureWrapper)[pri:0, instance:com.runner.RunnerTestNg@26b3fd41]" started-at="2025-04-30T00:53:34 IST" name="runScenario" description="Runs Cucumber Scenarios" data-provider="scenarios" finished-at="2025-04-30T00:53:43 IST" duration-ms="8631" status="PASS">
          <params>
            <param index="0">
              <value>
                <![CDATA["Search functionality with invalid inputs"]]>
              </value>
            </param>
            <param index="1">
              <value>
                <![CDATA["Jeevika_12APR2025_LambdaTesters_Search"]]>
              </value>
            </param>
          </params>
          <reporter-output>
          </reporter-output>
        </test-method> <!-- runScenario -->
        <test-method signature="runScenario(io.cucumber.testng.PickleWrapper,io.cucumber.testng.FeatureWrapper)[pri:0, instance:com.runner.RunnerTestNg@26b3fd41]" started-at="2025-04-30T00:53:36 IST" name="runScenario" description="Runs Cucumber Scenarios" data-provider="scenarios" finished-at="2025-04-30T00:53:46 IST" duration-ms="10124" status="PASS">
          <params>
            <param index="0">
              <value>
                <![CDATA["Search functionality with case sensitive inputs"]]>
              </value>
            </param>
            <param index="1">
              <value>
                <![CDATA["Jeevika_12APR2025_LambdaTesters_Search"]]>
              </value>
            </param>
          </params>
          <reporter-output>
          </reporter-output>
        </test-method> <!-- runScenario -->
        <test-method signature="runScenario(io.cucumber.testng.PickleWrapper,io.cucumber.testng.FeatureWrapper)[pri:0, instance:com.runner.RunnerTestNg@26b3fd41]" started-at="2025-04-30T00:53:42 IST" name="runScenario" description="Runs Cucumber Scenarios" data-provider="scenarios" finished-at="2025-04-30T00:53:52 IST" duration-ms="10398" status="PASS">
          <params>
            <param index="0">
              <value>
                <![CDATA["Search functionality with unnecessary indentation in search"]]>
              </value>
            </param>
            <param index="1">
              <value>
                <![CDATA["Jeevika_12APR2025_LambdaTesters_Search"]]>
              </value>
            </param>
          </params>
          <reporter-output>
          </reporter-output>
        </test-method> <!-- runScenario -->
        <test-method signature="runScenario(io.cucumber.testng.PickleWrapper,io.cucumber.testng.FeatureWrapper)[pri:0, instance:com.runner.RunnerTestNg@26b3fd41]" started-at="2025-04-30T00:53:43 IST" name="runScenario" description="Runs Cucumber Scenarios" data-provider="scenarios" finished-at="2025-04-30T00:53:52 IST" duration-ms="9722" status="PASS">
          <params>
            <param index="0">
              <value>
                <![CDATA["Search functionality by category as input"]]>
              </value>
            </param>
            <param index="1">
              <value>
                <![CDATA["Jeevika_12APR2025_LambdaTesters_Search"]]>
              </value>
            </param>
          </params>
          <reporter-output>
          </reporter-output>
        </test-method> <!-- runScenario -->
        <test-method signature="runScenario(io.cucumber.testng.PickleWrapper,io.cucumber.testng.FeatureWrapper)[pri:0, instance:com.runner.RunnerTestNg@26b3fd41]" started-at="2025-04-30T00:53:46 IST" name="runScenario" description="Runs Cucumber Scenarios" data-provider="scenarios" finished-at="2025-04-30T00:53:55 IST" duration-ms="9364" status="PASS">
          <params>
            <param index="0">
              <value>
                <![CDATA["To assert special offer button in homepage"]]>
              </value>
            </param>
            <param index="1">
              <value>
                <![CDATA["Jeevika_29APR2025_LamdaTesters_SpecialOffer_in_homePage"]]>
              </value>
            </param>
          </params>
          <reporter-output>
          </reporter-output>
        </test-method> <!-- runScenario -->
        <test-method signature="runScenario(io.cucumber.testng.PickleWrapper,io.cucumber.testng.FeatureWrapper)[pri:0, instance:com.runner.RunnerTestNg@26b3fd41]" started-at="2025-04-30T00:53:46 IST" name="runScenario" description="Runs Cucumber Scenarios" data-provider="scenarios" finished-at="2025-04-30T00:54:03 IST" duration-ms="16598" status="PASS">
          <params>
            <param index="0">
              <value>
                <![CDATA["Edit user account details"]]>
              </value>
            </param>
            <param index="1">
              <value>
                <![CDATA["Soundar_15APR2025_LambdaTesters_UserAccountManagement"]]>
              </value>
            </param>
          </params>
          <reporter-output>
          </reporter-output>
        </test-method> <!-- runScenario -->
        <test-method signature="runScenario(io.cucumber.testng.PickleWrapper,io.cucumber.testng.FeatureWrapper)[pri:0, instance:com.runner.RunnerTestNg@26b3fd41]" started-at="2025-04-30T00:53:48 IST" name="runScenario" description="Runs Cucumber Scenarios" data-provider="scenarios" finished-at="2025-04-30T00:54:08 IST" duration-ms="20186" status="PASS">
          <params>
            <param index="0">
              <value>
                <![CDATA["Adding new address"]]>
              </value>
            </param>
            <param index="1">
              <value>
                <![CDATA["Soundar_15APR2025_LambdaTesters_UserAccountManagement"]]>
              </value>
            </param>
          </params>
          <reporter-output>
          </reporter-output>
        </test-method> <!-- runScenario -->
        <test-method signature="runScenario(io.cucumber.testng.PickleWrapper,io.cucumber.testng.FeatureWrapper)[pri:0, instance:com.runner.RunnerTestNg@26b3fd41]" started-at="2025-04-30T00:53:52 IST" name="runScenario" description="Runs Cucumber Scenarios" data-provider="scenarios" finished-at="2025-04-30T00:54:09 IST" duration-ms="16731" status="PASS">
          <params>
            <param index="0">
              <value>
                <![CDATA["Modify the wishlist by removing a product"]]>
              </value>
            </param>
            <param index="1">
              <value>
                <![CDATA["Soundar_15APR2025_LambdaTesters_UserAccountManagement"]]>
              </value>
            </param>
          </params>
          <reporter-output>
          </reporter-output>
        </test-method> <!-- runScenario -->
        <test-method signature="runScenario(io.cucumber.testng.PickleWrapper,io.cucumber.testng.FeatureWrapper)[pri:0, instance:com.runner.RunnerTestNg@26b3fd41]" started-at="2025-04-30T00:53:52 IST" name="runScenario" description="Runs Cucumber Scenarios" data-provider="scenarios" finished-at="2025-04-30T00:54:08 IST" duration-ms="15859" status="PASS">
          <params>
            <param index="0">
              <value>
                <![CDATA["Subscribe or Unsubscribe from newsletter"]]>
              </value>
            </param>
            <param index="1">
              <value>
                <![CDATA["Soundar_15APR2025_LambdaTesters_UserAccountManagement"]]>
              </value>
            </param>
          </params>
          <reporter-output>
          </reporter-output>
        </test-method> <!-- runScenario -->
        <test-method signature="runScenario(io.cucumber.testng.PickleWrapper,io.cucumber.testng.FeatureWrapper)[pri:0, instance:com.runner.RunnerTestNg@26b3fd41]" started-at="2025-04-30T00:53:53 IST" name="runScenario" description="Runs Cucumber Scenarios" data-provider="scenarios" finished-at="2025-04-30T00:54:09 IST" duration-ms="16225" status="PASS">
          <params>
            <param index="0">
              <value>
                <![CDATA["Subscribe or Unsubscribe from newsletter"]]>
              </value>
            </param>
            <param index="1">
              <value>
                <![CDATA["Soundar_15APR2025_LambdaTesters_UserAccountManagement"]]>
              </value>
            </param>
          </params>
          <reporter-output>
          </reporter-output>
        </test-method> <!-- runScenario -->
        <test-method signature="runScenario(io.cucumber.testng.PickleWrapper,io.cucumber.testng.FeatureWrapper)[pri:0, instance:com.runner.RunnerTestNg@26b3fd41]" started-at="2025-04-30T00:53:54 IST" name="runScenario" description="Runs Cucumber Scenarios" data-provider="scenarios" finished-at="2025-04-30T00:54:10 IST" duration-ms="16819" status="PASS">
          <params>
            <param index="0">
              <value>
                <![CDATA["Change user password"]]>
              </value>
            </param>
            <param index="1">
              <value>
                <![CDATA["Soundar_15APR2025_LambdaTesters_UserAccountManagement"]]>
              </value>
            </param>
          </params>
          <reporter-output>
          </reporter-output>
        </test-method> <!-- runScenario -->
        <test-method signature="runScenario(io.cucumber.testng.PickleWrapper,io.cucumber.testng.FeatureWrapper)[pri:0, instance:com.runner.RunnerTestNg@26b3fd41]" started-at="2025-04-30T00:53:55 IST" name="runScenario" description="Runs Cucumber Scenarios" data-provider="scenarios" finished-at="2025-04-30T00:54:11 IST" duration-ms="15936" status="PASS">
          <params>
            <param index="0">
              <value>
                <![CDATA["Change user password without providing new password"]]>
              </value>
            </param>
            <param index="1">
              <value>
                <![CDATA["Soundar_15APR2025_LambdaTesters_UserAccountManagement"]]>
              </value>
            </param>
          </params>
          <reporter-output>
          </reporter-output>
        </test-method> <!-- runScenario -->
        <test-method signature="runScenario(io.cucumber.testng.PickleWrapper,io.cucumber.testng.FeatureWrapper)[pri:0, instance:com.runner.RunnerTestNg@26b3fd41]" started-at="2025-04-30T00:53:57 IST" name="runScenario" description="Runs Cucumber Scenarios" data-provider="scenarios" finished-at="2025-04-30T00:54:08 IST" duration-ms="11740" status="PASS">
          <params>
            <param index="0">
              <value>
                <![CDATA["User tries to login with valid credentials"]]>
              </value>
            </param>
            <param index="1">
              <value>
                <![CDATA["Jeevika_09APR2025_LambdaTesters_Login"]]>
              </value>
            </param>
          </params>
          <reporter-output>
          </reporter-output>
        </test-method> <!-- runScenario -->
        <test-method signature="runScenario(io.cucumber.testng.PickleWrapper,io.cucumber.testng.FeatureWrapper)[pri:0, instance:com.runner.RunnerTestNg@26b3fd41]" started-at="2025-04-30T00:53:57 IST" name="runScenario" description="Runs Cucumber Scenarios" data-provider="scenarios" finished-at="2025-04-30T00:54:08 IST" duration-ms="10148" status="PASS">
          <params>
            <param index="0">
              <value>
                <![CDATA["User tries to login with invalid credentials"]]>
              </value>
            </param>
            <param index="1">
              <value>
                <![CDATA["Jeevika_09APR2025_LambdaTesters_Login"]]>
              </value>
            </param>
          </params>
          <reporter-output>
          </reporter-output>
        </test-method> <!-- runScenario -->
        <test-method signature="runScenario(io.cucumber.testng.PickleWrapper,io.cucumber.testng.FeatureWrapper)[pri:0, instance:com.runner.RunnerTestNg@26b3fd41]" started-at="2025-04-30T00:54:03 IST" name="runScenario" description="Runs Cucumber Scenarios" data-provider="scenarios" finished-at="2025-04-30T00:54:13 IST" duration-ms="10803" status="PASS">
          <params>
            <param index="0">
              <value>
                <![CDATA["User tries to login with invalid credentials"]]>
              </value>
            </param>
            <param index="1">
              <value>
                <![CDATA["Jeevika_09APR2025_LambdaTesters_Login"]]>
              </value>
            </param>
          </params>
          <reporter-output>
          </reporter-output>
        </test-method> <!-- runScenario -->
        <test-method signature="runScenario(io.cucumber.testng.PickleWrapper,io.cucumber.testng.FeatureWrapper)[pri:0, instance:com.runner.RunnerTestNg@26b3fd41]" started-at="2025-04-30T00:54:03 IST" name="runScenario" description="Runs Cucumber Scenarios" data-provider="scenarios" finished-at="2025-04-30T00:54:13 IST" duration-ms="10432" status="PASS">
          <params>
            <param index="0">
              <value>
                <![CDATA["User tries to login with invalid credentials"]]>
              </value>
            </param>
            <param index="1">
              <value>
                <![CDATA["Jeevika_09APR2025_LambdaTesters_Login"]]>
              </value>
            </param>
          </params>
          <reporter-output>
          </reporter-output>
        </test-method> <!-- runScenario -->
        <test-method signature="runScenario(io.cucumber.testng.PickleWrapper,io.cucumber.testng.FeatureWrapper)[pri:0, instance:com.runner.RunnerTestNg@26b3fd41]" started-at="2025-04-30T00:54:08 IST" name="runScenario" description="Runs Cucumber Scenarios" data-provider="scenarios" finished-at="2025-04-30T00:54:17 IST" duration-ms="9797" status="PASS">
          <params>
            <param index="0">
              <value>
                <![CDATA["User tries to login with invalid credentials"]]>
              </value>
            </param>
            <param index="1">
              <value>
                <![CDATA["Jeevika_09APR2025_LambdaTesters_Login"]]>
              </value>
            </param>
          </params>
          <reporter-output>
          </reporter-output>
        </test-method> <!-- runScenario -->
        <test-method signature="runScenario(io.cucumber.testng.PickleWrapper,io.cucumber.testng.FeatureWrapper)[pri:0, instance:com.runner.RunnerTestNg@26b3fd41]" started-at="2025-04-30T00:54:08 IST" name="runScenario" description="Runs Cucumber Scenarios" data-provider="scenarios" finished-at="2025-04-30T00:54:21 IST" duration-ms="13283" status="PASS">
          <params>
            <param index="0">
              <value>
                <![CDATA["User tries to login with valid credentials and logs out"]]>
              </value>
            </param>
            <param index="1">
              <value>
                <![CDATA["Jeevika_09APR2025_LambdaTesters_Login"]]>
              </value>
            </param>
          </params>
          <reporter-output>
          </reporter-output>
        </test-method> <!-- runScenario -->
        <test-method signature="runScenario(io.cucumber.testng.PickleWrapper,io.cucumber.testng.FeatureWrapper)[pri:0, instance:com.runner.RunnerTestNg@26b3fd41]" started-at="2025-04-30T00:54:08 IST" name="runScenario" description="Runs Cucumber Scenarios" data-provider="scenarios" finished-at="2025-04-30T00:54:23 IST" duration-ms="14866" status="PASS">
          <params>
            <param index="0">
              <value>
                <![CDATA["Register with valid inputs"]]>
              </value>
            </param>
            <param index="1">
              <value>
                <![CDATA["Saranya_09APR2025_LambdaTesters_User_Registration_Functionality"]]>
              </value>
            </param>
          </params>
          <reporter-output>
          </reporter-output>
        </test-method> <!-- runScenario -->
        <test-method signature="runScenario(io.cucumber.testng.PickleWrapper,io.cucumber.testng.FeatureWrapper)[pri:0, instance:com.runner.RunnerTestNg@26b3fd41]" started-at="2025-04-30T00:54:08 IST" name="runScenario" description="Runs Cucumber Scenarios" data-provider="scenarios" finished-at="2025-04-30T00:54:23 IST" duration-ms="15009" status="PASS">
          <params>
            <param index="0">
              <value>
                <![CDATA["Register with valid inputs"]]>
              </value>
            </param>
            <param index="1">
              <value>
                <![CDATA["Saranya_09APR2025_LambdaTesters_User_Registration_Functionality"]]>
              </value>
            </param>
          </params>
          <reporter-output>
          </reporter-output>
        </test-method> <!-- runScenario -->
        <test-method signature="runScenario(io.cucumber.testng.PickleWrapper,io.cucumber.testng.FeatureWrapper)[pri:0, instance:com.runner.RunnerTestNg@26b3fd41]" started-at="2025-04-30T00:54:09 IST" name="runScenario" description="Runs Cucumber Scenarios" data-provider="scenarios" finished-at="2025-04-30T00:54:24 IST" duration-ms="15241" status="PASS">
          <params>
            <param index="0">
              <value>
                <![CDATA["Register with invalid inputs"]]>
              </value>
            </param>
            <param index="1">
              <value>
                <![CDATA["Saranya_09APR2025_LambdaTesters_User_Registration_Functionality"]]>
              </value>
            </param>
          </params>
          <reporter-output>
          </reporter-output>
        </test-method> <!-- runScenario -->
        <test-method signature="runScenario(io.cucumber.testng.PickleWrapper,io.cucumber.testng.FeatureWrapper)[pri:0, instance:com.runner.RunnerTestNg@26b3fd41]" started-at="2025-04-30T00:54:09 IST" name="runScenario" description="Runs Cucumber Scenarios" data-provider="scenarios" finished-at="2025-04-30T00:54:24 IST" duration-ms="14786" status="PASS">
          <params>
            <param index="0">
              <value>
                <![CDATA["Register with invalid inputs"]]>
              </value>
            </param>
            <param index="1">
              <value>
                <![CDATA["Saranya_09APR2025_LambdaTesters_User_Registration_Functionality"]]>
              </value>
            </param>
          </params>
          <reporter-output>
          </reporter-output>
        </test-method> <!-- runScenario -->
        <test-method signature="runScenario(io.cucumber.testng.PickleWrapper,io.cucumber.testng.FeatureWrapper)[pri:0, instance:com.runner.RunnerTestNg@26b3fd41]" started-at="2025-04-30T00:54:10 IST" name="runScenario" description="Runs Cucumber Scenarios" data-provider="scenarios" finished-at="2025-04-30T00:54:25 IST" duration-ms="14536" status="PASS">
          <params>
            <param index="0">
              <value>
                <![CDATA["Register with invalid inputs"]]>
              </value>
            </param>
            <param index="1">
              <value>
                <![CDATA["Saranya_09APR2025_LambdaTesters_User_Registration_Functionality"]]>
              </value>
            </param>
          </params>
          <reporter-output>
          </reporter-output>
        </test-method> <!-- runScenario -->
        <test-method signature="runScenario(io.cucumber.testng.PickleWrapper,io.cucumber.testng.FeatureWrapper)[pri:0, instance:com.runner.RunnerTestNg@26b3fd41]" started-at="2025-04-30T00:54:11 IST" name="runScenario" description="Runs Cucumber Scenarios" data-provider="scenarios" finished-at="2025-04-30T00:54:11 IST" duration-ms="22" status="FAIL">
          <params>
            <param index="0">
              <value>
                <![CDATA["Register with invalid inputs"]]>
              </value>
            </param>
            <param index="1">
              <value>
                <![CDATA["Saranya_09APR2025_LambdaTesters_User_Registration_Functionality"]]>
              </value>
            </param>
          </params>
          <exception class="java.lang.NullPointerException">
            <message>
              <![CDATA[Cannot invoke "org.openqa.selenium.WebDriver.navigate()" because the return value of "com.utilities.HelperClass.getDriver()" is null]]>
            </message>
            <full-stacktrace>
              <![CDATA[java.lang.NullPointerException: Cannot invoke "org.openqa.selenium.WebDriver.navigate()" because the return value of "com.utilities.HelperClass.getDriver()" is null
at com.definitions.Hooks.setUp(Hooks.java:26)
]]>
            </full-stacktrace>
          </exception> <!-- java.lang.NullPointerException -->
          <reporter-output>
          </reporter-output>
        </test-method> <!-- runScenario -->
        <test-method signature="runScenario(io.cucumber.testng.PickleWrapper,io.cucumber.testng.FeatureWrapper)[pri:0, instance:com.runner.RunnerTestNg@26b3fd41]" started-at="2025-04-30T00:54:11 IST" name="runScenario" description="Runs Cucumber Scenarios" data-provider="scenarios" finished-at="2025-04-30T00:54:11 IST" duration-ms="14" status="FAIL">
          <params>
            <param index="0">
              <value>
                <![CDATA["Register with valid inputs  with out checking privacy policy"]]>
              </value>
            </param>
            <param index="1">
              <value>
                <![CDATA["Saranya_09APR2025_LambdaTesters_User_Registration_Functionality"]]>
              </value>
            </param>
          </params>
          <exception class="java.lang.NullPointerException">
            <message>
              <![CDATA[Cannot invoke "org.openqa.selenium.WebDriver.navigate()" because the return value of "com.utilities.HelperClass.getDriver()" is null]]>
            </message>
            <full-stacktrace>
              <![CDATA[java.lang.NullPointerException: Cannot invoke "org.openqa.selenium.WebDriver.navigate()" because the return value of "com.utilities.HelperClass.getDriver()" is null
at com.definitions.Hooks.setUp(Hooks.java:26)
]]>
            </full-stacktrace>
          </exception> <!-- java.lang.NullPointerException -->
          <reporter-output>
          </reporter-output>
        </test-method> <!-- runScenario -->
        <test-method is-config="true" signature="tearDownClass()[pri:0, instance:com.runner.RunnerTestNg@26b3fd41]" started-at="2025-04-30T00:54:25 IST" name="tearDownClass" finished-at="2025-04-30T00:54:30 IST" duration-ms="5147" status="PASS">
          <reporter-output>
          </reporter-output>
        </test-method> <!-- tearDownClass -->
      </class> <!-- com.runner.RunnerTestNg -->
    </test> <!-- Default test -->
  </suite> <!-- Default suite -->
</testng-results>
