<?xml version="1.0" encoding="UTF-8"?>
<testng-results ignored="0" total="18" passed="18" failed="0" skipped="0">
  <reporter-output>
  </reporter-output>
  <suite started-at="2025-04-24T12:17:53 IST" name="Default suite" finished-at="2025-04-24T12:20:10 IST" duration-ms="137616">
    <groups>
      <group name="cucumber">
        <method signature="AbstractTestNGCucumberTests.runScenario(io.cucumber.testng.PickleWrapper,io.cucumber.testng.FeatureWrapper)[pri:0, instance:com.runner.RunnerTestNg@26b3fd41]" name="runScenario" class="io.cucumber.testng.AbstractTestNGCucumberTests"/>
      </group> <!-- cucumber -->
    </groups>
    <test started-at="2025-04-24T12:17:53 IST" name="Default test" finished-at="2025-04-24T12:20:10 IST" duration-ms="137616">
      <class name="com.runner.RunnerTestNg">
        <test-method is-config="true" signature="setUpClass(org.testng.ITestContext)[pri:0, instance:com.runner.RunnerTestNg@26b3fd41]" started-at="2025-04-24T12:17:53 IST" name="setUpClass" finished-at="2025-04-24T12:17:54 IST" duration-ms="1406" status="PASS">
          <params>
            <param index="0">
              <value>
                <![CDATA[org.testng.TestRunner@500051c5]]>
              </value>
            </param>
          </params>
          <reporter-output>
          </reporter-output>
        </test-method> <!-- setUpClass -->
        <test-method signature="runScenario(io.cucumber.testng.PickleWrapper,io.cucumber.testng.FeatureWrapper)[pri:0, instance:com.runner.RunnerTestNg@26b3fd41]" started-at="2025-04-24T12:17:54 IST" name="runScenario" description="Runs Cucumber Scenarios" data-provider="scenarios" finished-at="2025-04-24T12:19:10 IST" duration-ms="75614" status="PASS">
          <params>
            <param index="0">
              <value>
                <![CDATA["Scenario: User tries to add a product to cart without selecting size"]]>
              </value>
            </param>
            <param index="1">
              <value>
                <![CDATA["Soundar_12APR2025_LambdaTesters_AddToCart"]]>
              </value>
            </param>
          </params>
          <reporter-output>
          </reporter-output>
        </test-method> <!-- runScenario -->
        <test-method signature="runScenario(io.cucumber.testng.PickleWrapper,io.cucumber.testng.FeatureWrapper)[pri:0, instance:com.runner.RunnerTestNg@26b3fd41]" started-at="2025-04-24T12:17:54 IST" name="runScenario" description="Runs Cucumber Scenarios" data-provider="scenarios" finished-at="2025-04-24T12:19:28 IST" duration-ms="94008" status="PASS">
          <params>
            <param index="0">
              <value>
                <![CDATA["Add a single product to the cart"]]>
              </value>
            </param>
            <param index="1">
              <value>
                <![CDATA["Soundar_12APR2025_LambdaTesters_AddToCart"]]>
              </value>
            </param>
          </params>
          <reporter-output>
          </reporter-output>
        </test-method> <!-- runScenario -->
        <test-method signature="runScenario(io.cucumber.testng.PickleWrapper,io.cucumber.testng.FeatureWrapper)[pri:0, instance:com.runner.RunnerTestNg@26b3fd41]" started-at="2025-04-24T12:17:54 IST" name="runScenario" description="Runs Cucumber Scenarios" data-provider="scenarios" finished-at="2025-04-24T12:19:51 IST" duration-ms="116950" status="PASS">
          <params>
            <param index="0">
              <value>
                <![CDATA["Remove a product from the cart"]]>
              </value>
            </param>
            <param index="1">
              <value>
                <![CDATA["Soundar_12APR2025_LambdaTesters_AddToCart"]]>
              </value>
            </param>
          </params>
          <reporter-output>
          </reporter-output>
        </test-method> <!-- runScenario -->
        <test-method signature="runScenario(io.cucumber.testng.PickleWrapper,io.cucumber.testng.FeatureWrapper)[pri:0, instance:com.runner.RunnerTestNg@26b3fd41]" started-at="2025-04-24T12:17:54 IST" name="runScenario" description="Runs Cucumber Scenarios" data-provider="scenarios" finished-at="2025-04-24T12:19:10 IST" duration-ms="75731" status="PASS">
          <params>
            <param index="0">
              <value>
                <![CDATA["Add multiple quantities of the same product"]]>
              </value>
            </param>
            <param index="1">
              <value>
                <![CDATA["Soundar_12APR2025_LambdaTesters_AddToCart"]]>
              </value>
            </param>
          </params>
          <reporter-output>
          </reporter-output>
        </test-method> <!-- runScenario -->
        <test-method signature="runScenario(io.cucumber.testng.PickleWrapper,io.cucumber.testng.FeatureWrapper)[pri:0, instance:com.runner.RunnerTestNg@26b3fd41]" started-at="2025-04-24T12:17:54 IST" name="runScenario" description="Runs Cucumber Scenarios" data-provider="scenarios" finished-at="2025-04-24T12:19:52 IST" duration-ms="117255" status="PASS">
          <params>
            <param index="0">
              <value>
                <![CDATA["User requests a password reset link using valid email"]]>
              </value>
            </param>
            <param index="1">
              <value>
                <![CDATA["Soundar_09APR2025_LambdaTesters_ForgotPassword"]]>
              </value>
            </param>
          </params>
          <reporter-output>
          </reporter-output>
        </test-method> <!-- runScenario -->
        <test-method signature="runScenario(io.cucumber.testng.PickleWrapper,io.cucumber.testng.FeatureWrapper)[pri:0, instance:com.runner.RunnerTestNg@26b3fd41]" started-at="2025-04-24T12:17:54 IST" name="runScenario" description="Runs Cucumber Scenarios" data-provider="scenarios" finished-at="2025-04-24T12:19:10 IST" duration-ms="75780" status="PASS">
          <params>
            <param index="0">
              <value>
                <![CDATA["User requests a password reset link using invalid email"]]>
              </value>
            </param>
            <param index="1">
              <value>
                <![CDATA["Soundar_09APR2025_LambdaTesters_ForgotPassword"]]>
              </value>
            </param>
          </params>
          <reporter-output>
          </reporter-output>
        </test-method> <!-- runScenario -->
        <test-method signature="runScenario(io.cucumber.testng.PickleWrapper,io.cucumber.testng.FeatureWrapper)[pri:0, instance:com.runner.RunnerTestNg@26b3fd41]" started-at="2025-04-24T12:17:54 IST" name="runScenario" description="Runs Cucumber Scenarios" data-provider="scenarios" finished-at="2025-04-24T12:19:16 IST" duration-ms="81446" status="PASS">
          <params>
            <param index="0">
              <value>
                <![CDATA["User requests a password reset link without providing email"]]>
              </value>
            </param>
            <param index="1">
              <value>
                <![CDATA["Soundar_09APR2025_LambdaTesters_ForgotPassword"]]>
              </value>
            </param>
          </params>
          <reporter-output>
          </reporter-output>
        </test-method> <!-- runScenario -->
        <test-method signature="runScenario(io.cucumber.testng.PickleWrapper,io.cucumber.testng.FeatureWrapper)[pri:0, instance:com.runner.RunnerTestNg@26b3fd41]" started-at="2025-04-24T12:17:54 IST" name="runScenario" description="Runs Cucumber Scenarios" data-provider="scenarios" finished-at="2025-04-24T12:19:30 IST" duration-ms="95313" status="PASS">
          <params>
            <param index="0">
              <value>
                <![CDATA["Submit a valid product review with rating and comment"]]>
              </value>
            </param>
            <param index="1">
              <value>
                <![CDATA["Soundar_16APR2025_LambdaTesters_ProductReview"]]>
              </value>
            </param>
          </params>
          <reporter-output>
          </reporter-output>
        </test-method> <!-- runScenario -->
        <test-method signature="runScenario(io.cucumber.testng.PickleWrapper,io.cucumber.testng.FeatureWrapper)[pri:0, instance:com.runner.RunnerTestNg@26b3fd41]" started-at="2025-04-24T12:17:54 IST" name="runScenario" description="Runs Cucumber Scenarios" data-provider="scenarios" finished-at="2025-04-24T12:19:51 IST" duration-ms="117101" status="PASS">
          <params>
            <param index="0">
              <value>
                <![CDATA["Submit review without rating and without comment"]]>
              </value>
            </param>
            <param index="1">
              <value>
                <![CDATA["Soundar_16APR2025_LambdaTesters_ProductReview"]]>
              </value>
            </param>
          </params>
          <reporter-output>
          </reporter-output>
        </test-method> <!-- runScenario -->
        <test-method signature="runScenario(io.cucumber.testng.PickleWrapper,io.cucumber.testng.FeatureWrapper)[pri:0, instance:com.runner.RunnerTestNg@26b3fd41]" started-at="2025-04-24T12:17:54 IST" name="runScenario" description="Runs Cucumber Scenarios" data-provider="scenarios" finished-at="2025-04-24T12:19:36 IST" duration-ms="101167" status="PASS">
          <params>
            <param index="0">
              <value>
                <![CDATA["Submit review without rating but with comment"]]>
              </value>
            </param>
            <param index="1">
              <value>
                <![CDATA["Soundar_16APR2025_LambdaTesters_ProductReview"]]>
              </value>
            </param>
          </params>
          <reporter-output>
          </reporter-output>
        </test-method> <!-- runScenario -->
        <test-method signature="runScenario(io.cucumber.testng.PickleWrapper,io.cucumber.testng.FeatureWrapper)[pri:0, instance:com.runner.RunnerTestNg@26b3fd41]" started-at="2025-04-24T12:19:10 IST" name="runScenario" description="Runs Cucumber Scenarios" data-provider="scenarios" finished-at="2025-04-24T12:19:47 IST" duration-ms="36817" status="PASS">
          <params>
            <param index="0">
              <value>
                <![CDATA["Submit review with rating but without comment"]]>
              </value>
            </param>
            <param index="1">
              <value>
                <![CDATA["Soundar_16APR2025_LambdaTesters_ProductReview"]]>
              </value>
            </param>
          </params>
          <reporter-output>
          </reporter-output>
        </test-method> <!-- runScenario -->
        <test-method signature="runScenario(io.cucumber.testng.PickleWrapper,io.cucumber.testng.FeatureWrapper)[pri:0, instance:com.runner.RunnerTestNg@26b3fd41]" started-at="2025-04-24T12:19:10 IST" name="runScenario" description="Runs Cucumber Scenarios" data-provider="scenarios" finished-at="2025-04-24T12:19:49 IST" duration-ms="38519" status="PASS">
          <params>
            <param index="0">
              <value>
                <![CDATA["Edit user account details"]]>
              </value>
            </param>
            <param index="1">
              <value>
                <![CDATA["Soundar_15APR2025_LambdaTesters_UserAccountManagement"]]>
              </value>
            </param>
          </params>
          <reporter-output>
          </reporter-output>
        </test-method> <!-- runScenario -->
        <test-method signature="runScenario(io.cucumber.testng.PickleWrapper,io.cucumber.testng.FeatureWrapper)[pri:0, instance:com.runner.RunnerTestNg@26b3fd41]" started-at="2025-04-24T12:19:10 IST" name="runScenario" description="Runs Cucumber Scenarios" data-provider="scenarios" finished-at="2025-04-24T12:19:52 IST" duration-ms="42051" status="PASS">
          <params>
            <param index="0">
              <value>
                <![CDATA["Adding new address"]]>
              </value>
            </param>
            <param index="1">
              <value>
                <![CDATA["Soundar_15APR2025_LambdaTesters_UserAccountManagement"]]>
              </value>
            </param>
          </params>
          <reporter-output>
          </reporter-output>
        </test-method> <!-- runScenario -->
        <test-method signature="runScenario(io.cucumber.testng.PickleWrapper,io.cucumber.testng.FeatureWrapper)[pri:0, instance:com.runner.RunnerTestNg@26b3fd41]" started-at="2025-04-24T12:19:16 IST" name="runScenario" description="Runs Cucumber Scenarios" data-provider="scenarios" finished-at="2025-04-24T12:19:51 IST" duration-ms="35712" status="PASS">
          <params>
            <param index="0">
              <value>
                <![CDATA["Modify the wishlist by removing a product"]]>
              </value>
            </param>
            <param index="1">
              <value>
                <![CDATA["Soundar_15APR2025_LambdaTesters_UserAccountManagement"]]>
              </value>
            </param>
          </params>
          <reporter-output>
          </reporter-output>
        </test-method> <!-- runScenario -->
        <test-method signature="runScenario(io.cucumber.testng.PickleWrapper,io.cucumber.testng.FeatureWrapper)[pri:0, instance:com.runner.RunnerTestNg@26b3fd41]" started-at="2025-04-24T12:19:28 IST" name="runScenario" description="Runs Cucumber Scenarios" data-provider="scenarios" finished-at="2025-04-24T12:19:52 IST" duration-ms="23995" status="PASS">
          <params>
            <param index="0">
              <value>
                <![CDATA["Subscribe or Unsubscribe from newsletter"]]>
              </value>
            </param>
            <param index="1">
              <value>
                <![CDATA["Soundar_15APR2025_LambdaTesters_UserAccountManagement"]]>
              </value>
            </param>
          </params>
          <reporter-output>
          </reporter-output>
        </test-method> <!-- runScenario -->
        <test-method signature="runScenario(io.cucumber.testng.PickleWrapper,io.cucumber.testng.FeatureWrapper)[pri:0, instance:com.runner.RunnerTestNg@26b3fd41]" started-at="2025-04-24T12:19:30 IST" name="runScenario" description="Runs Cucumber Scenarios" data-provider="scenarios" finished-at="2025-04-24T12:19:53 IST" duration-ms="23359" status="PASS">
          <params>
            <param index="0">
              <value>
                <![CDATA["Subscribe or Unsubscribe from newsletter"]]>
              </value>
            </param>
            <param index="1">
              <value>
                <![CDATA["Soundar_15APR2025_LambdaTesters_UserAccountManagement"]]>
              </value>
            </param>
          </params>
          <reporter-output>
          </reporter-output>
        </test-method> <!-- runScenario -->
        <test-method signature="runScenario(io.cucumber.testng.PickleWrapper,io.cucumber.testng.FeatureWrapper)[pri:0, instance:com.runner.RunnerTestNg@26b3fd41]" started-at="2025-04-24T12:19:36 IST" name="runScenario" description="Runs Cucumber Scenarios" data-provider="scenarios" finished-at="2025-04-24T12:19:59 IST" duration-ms="23196" status="PASS">
          <params>
            <param index="0">
              <value>
                <![CDATA["Change user password"]]>
              </value>
            </param>
            <param index="1">
              <value>
                <![CDATA["Soundar_15APR2025_LambdaTesters_UserAccountManagement"]]>
              </value>
            </param>
          </params>
          <reporter-output>
          </reporter-output>
        </test-method> <!-- runScenario -->
        <test-method signature="runScenario(io.cucumber.testng.PickleWrapper,io.cucumber.testng.FeatureWrapper)[pri:0, instance:com.runner.RunnerTestNg@26b3fd41]" started-at="2025-04-24T12:19:47 IST" name="runScenario" description="Runs Cucumber Scenarios" data-provider="scenarios" finished-at="2025-04-24T12:20:06 IST" duration-ms="19392" status="PASS">
          <params>
            <param index="0">
              <value>
                <![CDATA["Change user password without providing new password"]]>
              </value>
            </param>
            <param index="1">
              <value>
                <![CDATA["Soundar_15APR2025_LambdaTesters_UserAccountManagement"]]>
              </value>
            </param>
          </params>
          <reporter-output>
          </reporter-output>
        </test-method> <!-- runScenario -->
        <test-method is-config="true" signature="tearDownClass()[pri:0, instance:com.runner.RunnerTestNg@26b3fd41]" started-at="2025-04-24T12:20:06 IST" name="tearDownClass" finished-at="2025-04-24T12:20:10 IST" duration-ms="4291" status="PASS">
          <reporter-output>
          </reporter-output>
        </test-method> <!-- tearDownClass -->
      </class> <!-- com.runner.RunnerTestNg -->
    </test> <!-- Default test -->
  </suite> <!-- Default suite -->
</testng-results>
