<?xml version="1.0" encoding="UTF-8"?>
<testng-results ignored="0" total="44" passed="44" failed="0" skipped="0">
  <reporter-output>
  </reporter-output>
  <suite started-at="2025-04-16T18:46:46 IST" name="Suite" finished-at="2025-04-16T18:48:32 IST" duration-ms="105859">
    <groups>
      <group name="cucumber">
        <method signature="AbstractTestNGCucumberTests.runScenario(io.cucumber.testng.PickleWrapper,io.cucumber.testng.FeatureWrapper)[pri:0, instance:com.runner.RunnerTestNg@58a9760d]" name="runScenario" class="io.cucumber.testng.AbstractTestNGCucumberTests"/>
      </group> <!-- cucumber -->
    </groups>
    <test started-at="2025-04-16T18:46:46 IST" name="Test" finished-at="2025-04-16T18:48:32 IST" duration-ms="105859">
      <class name="com.runner.RunnerTestNg">
        <test-method is-config="true" signature="setUpClass(org.testng.ITestContext)[pri:0, instance:com.runner.RunnerTestNg@58a9760d]" started-at="2025-04-16T18:46:46 IST" name="setUpClass" finished-at="2025-04-16T18:46:48 IST" duration-ms="1366" status="PASS">
          <params>
            <param index="0">
              <value>
                <![CDATA[org.testng.TestRunner@6392827e]]>
              </value>
            </param>
          </params>
          <reporter-output>
          </reporter-output>
        </test-method> <!-- setUpClass -->
        <test-method signature="runScenario(io.cucumber.testng.PickleWrapper,io.cucumber.testng.FeatureWrapper)[pri:0, instance:com.runner.RunnerTestNg@58a9760d]" started-at="2025-04-16T18:46:48 IST" name="runScenario" description="Runs Cucumber Scenarios" data-provider="scenarios" finished-at="2025-04-16T18:47:14 IST" duration-ms="26473" status="PASS">
          <params>
            <param index="0">
              <value>
                <![CDATA["Scenario: User tries to add a product to cart without selecting size"]]>
              </value>
            </param>
            <param index="1">
              <value>
                <![CDATA["Add to Cart Functionality on eCommerce Playground"]]>
              </value>
            </param>
          </params>
          <reporter-output>
          </reporter-output>
        </test-method> <!-- runScenario -->
        <test-method signature="runScenario(io.cucumber.testng.PickleWrapper,io.cucumber.testng.FeatureWrapper)[pri:0, instance:com.runner.RunnerTestNg@58a9760d]" started-at="2025-04-16T18:46:48 IST" name="runScenario" description="Runs Cucumber Scenarios" data-provider="scenarios" finished-at="2025-04-16T18:47:13 IST" duration-ms="25793" status="PASS">
          <params>
            <param index="0">
              <value>
                <![CDATA["Add multiple quantities of the same product"]]>
              </value>
            </param>
            <param index="1">
              <value>
                <![CDATA["Add to Cart Functionality on eCommerce Playground"]]>
              </value>
            </param>
          </params>
          <reporter-output>
          </reporter-output>
        </test-method> <!-- runScenario -->
        <test-method signature="runScenario(io.cucumber.testng.PickleWrapper,io.cucumber.testng.FeatureWrapper)[pri:0, instance:com.runner.RunnerTestNg@58a9760d]" started-at="2025-04-16T18:46:48 IST" name="runScenario" description="Runs Cucumber Scenarios" data-provider="scenarios" finished-at="2025-04-16T18:47:39 IST" duration-ms="51144" status="PASS">
          <params>
            <param index="0">
              <value>
                <![CDATA["Remove a product from the cart"]]>
              </value>
            </param>
            <param index="1">
              <value>
                <![CDATA["Add to Cart Functionality on eCommerce Playground"]]>
              </value>
            </param>
          </params>
          <reporter-output>
          </reporter-output>
        </test-method> <!-- runScenario -->
        <test-method signature="runScenario(io.cucumber.testng.PickleWrapper,io.cucumber.testng.FeatureWrapper)[pri:0, instance:com.runner.RunnerTestNg@58a9760d]" started-at="2025-04-16T18:46:48 IST" name="runScenario" description="Runs Cucumber Scenarios" data-provider="scenarios" finished-at="2025-04-16T18:47:18 IST" duration-ms="30627" status="PASS">
          <params>
            <param index="0">
              <value>
                <![CDATA["Add a single product to the cart"]]>
              </value>
            </param>
            <param index="1">
              <value>
                <![CDATA["Add to Cart Functionality on eCommerce Playground"]]>
              </value>
            </param>
          </params>
          <reporter-output>
          </reporter-output>
        </test-method> <!-- runScenario -->
        <test-method signature="runScenario(io.cucumber.testng.PickleWrapper,io.cucumber.testng.FeatureWrapper)[pri:0, instance:com.runner.RunnerTestNg@58a9760d]" started-at="2025-04-16T18:46:48 IST" name="runScenario" description="Runs Cucumber Scenarios" data-provider="scenarios" finished-at="2025-04-16T18:47:09 IST" duration-ms="20978" status="PASS">
          <params>
            <param index="0">
              <value>
                <![CDATA["Adding a valid comment to the blog"]]>
              </value>
            </param>
            <param index="1">
              <value>
                <![CDATA["Blog functionality"]]>
              </value>
            </param>
          </params>
          <reporter-output>
          </reporter-output>
        </test-method> <!-- runScenario -->
        <test-method signature="runScenario(io.cucumber.testng.PickleWrapper,io.cucumber.testng.FeatureWrapper)[pri:0, instance:com.runner.RunnerTestNg@58a9760d]" started-at="2025-04-16T18:46:48 IST" name="runScenario" description="Runs Cucumber Scenarios" data-provider="scenarios" finished-at="2025-04-16T18:47:14 IST" duration-ms="26072" status="PASS">
          <params>
            <param index="0">
              <value>
                <![CDATA["Submitting a blog comment without filling required details"]]>
              </value>
            </param>
            <param index="1">
              <value>
                <![CDATA["Blog functionality"]]>
              </value>
            </param>
          </params>
          <reporter-output>
          </reporter-output>
        </test-method> <!-- runScenario -->
        <test-method signature="runScenario(io.cucumber.testng.PickleWrapper,io.cucumber.testng.FeatureWrapper)[pri:0, instance:com.runner.RunnerTestNg@58a9760d]" started-at="2025-04-16T18:46:48 IST" name="runScenario" description="Runs Cucumber Scenarios" data-provider="scenarios" finished-at="2025-04-16T18:47:14 IST" duration-ms="26241" status="PASS">
          <params>
            <param index="0">
              <value>
                <![CDATA["Submitting a blog comment without filling required details"]]>
              </value>
            </param>
            <param index="1">
              <value>
                <![CDATA["Blog functionality"]]>
              </value>
            </param>
          </params>
          <reporter-output>
          </reporter-output>
        </test-method> <!-- runScenario -->
        <test-method signature="runScenario(io.cucumber.testng.PickleWrapper,io.cucumber.testng.FeatureWrapper)[pri:0, instance:com.runner.RunnerTestNg@58a9760d]" started-at="2025-04-16T18:46:48 IST" name="runScenario" description="Runs Cucumber Scenarios" data-provider="scenarios" finished-at="2025-04-16T18:47:09 IST" duration-ms="21379" status="PASS">
          <params>
            <param index="0">
              <value>
                <![CDATA["Submitting a blog comment without filling required details"]]>
              </value>
            </param>
            <param index="1">
              <value>
                <![CDATA["Blog functionality"]]>
              </value>
            </param>
          </params>
          <reporter-output>
          </reporter-output>
        </test-method> <!-- runScenario -->
        <test-method signature="runScenario(io.cucumber.testng.PickleWrapper,io.cucumber.testng.FeatureWrapper)[pri:0, instance:com.runner.RunnerTestNg@58a9760d]" started-at="2025-04-16T18:46:48 IST" name="runScenario" description="Runs Cucumber Scenarios" data-provider="scenarios" finished-at="2025-04-16T18:47:30 IST" duration-ms="42071" status="PASS">
          <params>
            <param index="0">
              <value>
                <![CDATA["Register a user and register as affiliate with valid and invalid inputs"]]>
              </value>
            </param>
            <param index="1">
              <value>
                <![CDATA["User Login and Affiliate Account Functionality"]]>
              </value>
            </param>
          </params>
          <reporter-output>
          </reporter-output>
        </test-method> <!-- runScenario -->
        <test-method signature="runScenario(io.cucumber.testng.PickleWrapper,io.cucumber.testng.FeatureWrapper)[pri:0, instance:com.runner.RunnerTestNg@58a9760d]" started-at="2025-04-16T18:46:48 IST" name="runScenario" description="Runs Cucumber Scenarios" data-provider="scenarios" finished-at="2025-04-16T18:47:14 IST" duration-ms="26641" status="PASS">
          <params>
            <param index="0">
              <value>
                <![CDATA["User requests a password reset link using valid email"]]>
              </value>
            </param>
            <param index="1">
              <value>
                <![CDATA["Forgot Password Functionality"]]>
              </value>
            </param>
          </params>
          <reporter-output>
          </reporter-output>
        </test-method> <!-- runScenario -->
        <test-method signature="runScenario(io.cucumber.testng.PickleWrapper,io.cucumber.testng.FeatureWrapper)[pri:0, instance:com.runner.RunnerTestNg@58a9760d]" started-at="2025-04-16T18:47:09 IST" name="runScenario" description="Runs Cucumber Scenarios" data-provider="scenarios" finished-at="2025-04-16T18:47:26 IST" duration-ms="17634" status="PASS">
          <params>
            <param index="0">
              <value>
                <![CDATA["User requests a password reset link using invalid email"]]>
              </value>
            </param>
            <param index="1">
              <value>
                <![CDATA["Forgot Password Functionality"]]>
              </value>
            </param>
          </params>
          <reporter-output>
          </reporter-output>
        </test-method> <!-- runScenario -->
        <test-method signature="runScenario(io.cucumber.testng.PickleWrapper,io.cucumber.testng.FeatureWrapper)[pri:0, instance:com.runner.RunnerTestNg@58a9760d]" started-at="2025-04-16T18:47:09 IST" name="runScenario" description="Runs Cucumber Scenarios" data-provider="scenarios" finished-at="2025-04-16T18:47:30 IST" duration-ms="21020" status="PASS">
          <params>
            <param index="0">
              <value>
                <![CDATA["User requests a password reset link without providing email"]]>
              </value>
            </param>
            <param index="1">
              <value>
                <![CDATA["Forgot Password Functionality"]]>
              </value>
            </param>
          </params>
          <reporter-output>
          </reporter-output>
        </test-method> <!-- runScenario -->
        <test-method signature="runScenario(io.cucumber.testng.PickleWrapper,io.cucumber.testng.FeatureWrapper)[pri:0, instance:com.runner.RunnerTestNg@58a9760d]" started-at="2025-04-16T18:47:13 IST" name="runScenario" description="Runs Cucumber Scenarios" data-provider="scenarios" finished-at="2025-04-16T18:48:12 IST" duration-ms="58686" status="PASS">
          <params>
            <param index="0">
              <value>
                <![CDATA["To checkout the shopping cart as a guest user"]]>
              </value>
            </param>
            <param index="1">
              <value>
                <![CDATA["Shopping Cart CheckOut functionality"]]>
              </value>
            </param>
          </params>
          <reporter-output>
          </reporter-output>
        </test-method> <!-- runScenario -->
        <test-method signature="runScenario(io.cucumber.testng.PickleWrapper,io.cucumber.testng.FeatureWrapper)[pri:0, instance:com.runner.RunnerTestNg@58a9760d]" started-at="2025-04-16T18:47:14 IST" name="runScenario" description="Runs Cucumber Scenarios" data-provider="scenarios" finished-at="2025-04-16T18:47:40 IST" duration-ms="26223" status="PASS">
          <params>
            <param index="0">
              <value>
                <![CDATA["To checkout the empty shopping cart as a registered user"]]>
              </value>
            </param>
            <param index="1">
              <value>
                <![CDATA["Shopping Cart CheckOut functionality"]]>
              </value>
            </param>
          </params>
          <reporter-output>
          </reporter-output>
        </test-method> <!-- runScenario -->
        <test-method signature="runScenario(io.cucumber.testng.PickleWrapper,io.cucumber.testng.FeatureWrapper)[pri:0, instance:com.runner.RunnerTestNg@58a9760d]" started-at="2025-04-16T18:47:14 IST" name="runScenario" description="Runs Cucumber Scenarios" data-provider="scenarios" finished-at="2025-04-16T18:48:17 IST" duration-ms="63314" status="PASS">
          <params>
            <param index="0">
              <value>
                <![CDATA["To checkout the  cart as a registered user"]]>
              </value>
            </param>
            <param index="1">
              <value>
                <![CDATA["Shopping Cart CheckOut functionality"]]>
              </value>
            </param>
          </params>
          <reporter-output>
          </reporter-output>
        </test-method> <!-- runScenario -->
        <test-method signature="runScenario(io.cucumber.testng.PickleWrapper,io.cucumber.testng.FeatureWrapper)[pri:0, instance:com.runner.RunnerTestNg@58a9760d]" started-at="2025-04-16T18:47:14 IST" name="runScenario" description="Runs Cucumber Scenarios" data-provider="scenarios" finished-at="2025-04-16T18:48:00 IST" duration-ms="46093" status="PASS">
          <params>
            <param index="0">
              <value>
                <![CDATA["To checkout the  cart with existing email"]]>
              </value>
            </param>
            <param index="1">
              <value>
                <![CDATA["Shopping Cart CheckOut functionality"]]>
              </value>
            </param>
          </params>
          <reporter-output>
          </reporter-output>
        </test-method> <!-- runScenario -->
        <test-method signature="runScenario(io.cucumber.testng.PickleWrapper,io.cucumber.testng.FeatureWrapper)[pri:0, instance:com.runner.RunnerTestNg@58a9760d]" started-at="2025-04-16T18:47:14 IST" name="runScenario" description="Runs Cucumber Scenarios" data-provider="scenarios" finished-at="2025-04-16T18:47:35 IST" duration-ms="20713" status="PASS">
          <params>
            <param index="0">
              <value>
                <![CDATA["To perform compare without adding products to list"]]>
              </value>
            </param>
            <param index="1">
              <value>
                <![CDATA["Product compare functionality"]]>
              </value>
            </param>
          </params>
          <reporter-output>
          </reporter-output>
        </test-method> <!-- runScenario -->
        <test-method signature="runScenario(io.cucumber.testng.PickleWrapper,io.cucumber.testng.FeatureWrapper)[pri:0, instance:com.runner.RunnerTestNg@58a9760d]" started-at="2025-04-16T18:47:18 IST" name="runScenario" description="Runs Cucumber Scenarios" data-provider="scenarios" finished-at="2025-04-16T18:47:40 IST" duration-ms="21312" status="PASS">
          <params>
            <param index="0">
              <value>
                <![CDATA["To Add the products to comparision list"]]>
              </value>
            </param>
            <param index="1">
              <value>
                <![CDATA["Product compare functionality"]]>
              </value>
            </param>
          </params>
          <reporter-output>
          </reporter-output>
        </test-method> <!-- runScenario -->
        <test-method signature="runScenario(io.cucumber.testng.PickleWrapper,io.cucumber.testng.FeatureWrapper)[pri:0, instance:com.runner.RunnerTestNg@58a9760d]" started-at="2025-04-16T18:47:26 IST" name="runScenario" description="Runs Cucumber Scenarios" data-provider="scenarios" finished-at="2025-04-16T18:47:46 IST" duration-ms="19226" status="PASS">
          <params>
            <param index="0">
              <value>
                <![CDATA["Submit a valid product review with rating and comment"]]>
              </value>
            </param>
            <param index="1">
              <value>
                <![CDATA["Product Review"]]>
              </value>
            </param>
          </params>
          <reporter-output>
          </reporter-output>
        </test-method> <!-- runScenario -->
        <test-method signature="runScenario(io.cucumber.testng.PickleWrapper,io.cucumber.testng.FeatureWrapper)[pri:0, instance:com.runner.RunnerTestNg@58a9760d]" started-at="2025-04-16T18:47:30 IST" name="runScenario" description="Runs Cucumber Scenarios" data-provider="scenarios" finished-at="2025-04-16T18:47:47 IST" duration-ms="17133" status="PASS">
          <params>
            <param index="0">
              <value>
                <![CDATA["Submit review without rating and without comment"]]>
              </value>
            </param>
            <param index="1">
              <value>
                <![CDATA["Product Review"]]>
              </value>
            </param>
          </params>
          <reporter-output>
          </reporter-output>
        </test-method> <!-- runScenario -->
        <test-method signature="runScenario(io.cucumber.testng.PickleWrapper,io.cucumber.testng.FeatureWrapper)[pri:0, instance:com.runner.RunnerTestNg@58a9760d]" started-at="2025-04-16T18:47:30 IST" name="runScenario" description="Runs Cucumber Scenarios" data-provider="scenarios" finished-at="2025-04-16T18:47:49 IST" duration-ms="18987" status="PASS">
          <params>
            <param index="0">
              <value>
                <![CDATA["Submit review without rating but with comment"]]>
              </value>
            </param>
            <param index="1">
              <value>
                <![CDATA["Product Review"]]>
              </value>
            </param>
          </params>
          <reporter-output>
          </reporter-output>
        </test-method> <!-- runScenario -->
        <test-method signature="runScenario(io.cucumber.testng.PickleWrapper,io.cucumber.testng.FeatureWrapper)[pri:0, instance:com.runner.RunnerTestNg@58a9760d]" started-at="2025-04-16T18:47:35 IST" name="runScenario" description="Runs Cucumber Scenarios" data-provider="scenarios" finished-at="2025-04-16T18:47:52 IST" duration-ms="17389" status="PASS">
          <params>
            <param index="0">
              <value>
                <![CDATA["Submit review with rating but without comment"]]>
              </value>
            </param>
            <param index="1">
              <value>
                <![CDATA["Product Review"]]>
              </value>
            </param>
          </params>
          <reporter-output>
          </reporter-output>
        </test-method> <!-- runScenario -->
        <test-method signature="runScenario(io.cucumber.testng.PickleWrapper,io.cucumber.testng.FeatureWrapper)[pri:0, instance:com.runner.RunnerTestNg@58a9760d]" started-at="2025-04-16T18:47:39 IST" name="runScenario" description="Runs Cucumber Scenarios" data-provider="scenarios" finished-at="2025-04-16T18:47:48 IST" duration-ms="9531" status="PASS">
          <params>
            <param index="0">
              <value>
                <![CDATA["Search functionality with valid inputs"]]>
              </value>
            </param>
            <param index="1">
              <value>
                <![CDATA["Search functionality"]]>
              </value>
            </param>
          </params>
          <reporter-output>
          </reporter-output>
        </test-method> <!-- runScenario -->
        <test-method signature="runScenario(io.cucumber.testng.PickleWrapper,io.cucumber.testng.FeatureWrapper)[pri:0, instance:com.runner.RunnerTestNg@58a9760d]" started-at="2025-04-16T18:47:40 IST" name="runScenario" description="Runs Cucumber Scenarios" data-provider="scenarios" finished-at="2025-04-16T18:47:49 IST" duration-ms="9672" status="PASS">
          <params>
            <param index="0">
              <value>
                <![CDATA["Search functionality with invalid inputs"]]>
              </value>
            </param>
            <param index="1">
              <value>
                <![CDATA["Search functionality"]]>
              </value>
            </param>
          </params>
          <reporter-output>
          </reporter-output>
        </test-method> <!-- runScenario -->
        <test-method signature="runScenario(io.cucumber.testng.PickleWrapper,io.cucumber.testng.FeatureWrapper)[pri:0, instance:com.runner.RunnerTestNg@58a9760d]" started-at="2025-04-16T18:47:40 IST" name="runScenario" description="Runs Cucumber Scenarios" data-provider="scenarios" finished-at="2025-04-16T18:47:50 IST" duration-ms="9561" status="PASS">
          <params>
            <param index="0">
              <value>
                <![CDATA["Search functionality with case sensitive inputs"]]>
              </value>
            </param>
            <param index="1">
              <value>
                <![CDATA["Search functionality"]]>
              </value>
            </param>
          </params>
          <reporter-output>
          </reporter-output>
        </test-method> <!-- runScenario -->
        <test-method signature="runScenario(io.cucumber.testng.PickleWrapper,io.cucumber.testng.FeatureWrapper)[pri:0, instance:com.runner.RunnerTestNg@58a9760d]" started-at="2025-04-16T18:47:46 IST" name="runScenario" description="Runs Cucumber Scenarios" data-provider="scenarios" finished-at="2025-04-16T18:47:55 IST" duration-ms="9566" status="PASS">
          <params>
            <param index="0">
              <value>
                <![CDATA["Search functionality with unnecessary indentation in search"]]>
              </value>
            </param>
            <param index="1">
              <value>
                <![CDATA["Search functionality"]]>
              </value>
            </param>
          </params>
          <reporter-output>
          </reporter-output>
        </test-method> <!-- runScenario -->
        <test-method signature="runScenario(io.cucumber.testng.PickleWrapper,io.cucumber.testng.FeatureWrapper)[pri:0, instance:com.runner.RunnerTestNg@58a9760d]" started-at="2025-04-16T18:47:47 IST" name="runScenario" description="Runs Cucumber Scenarios" data-provider="scenarios" finished-at="2025-04-16T18:47:56 IST" duration-ms="8784" status="PASS">
          <params>
            <param index="0">
              <value>
                <![CDATA["Search functionality by category as input"]]>
              </value>
            </param>
            <param index="1">
              <value>
                <![CDATA["Search functionality"]]>
              </value>
            </param>
          </params>
          <reporter-output>
          </reporter-output>
        </test-method> <!-- runScenario -->
        <test-method signature="runScenario(io.cucumber.testng.PickleWrapper,io.cucumber.testng.FeatureWrapper)[pri:0, instance:com.runner.RunnerTestNg@58a9760d]" started-at="2025-04-16T18:47:48 IST" name="runScenario" description="Runs Cucumber Scenarios" data-provider="scenarios" finished-at="2025-04-16T18:48:07 IST" duration-ms="18983" status="PASS">
          <params>
            <param index="0">
              <value>
                <![CDATA["Edit user account details"]]>
              </value>
            </param>
            <param index="1">
              <value>
                <![CDATA["User Account Management"]]>
              </value>
            </param>
          </params>
          <reporter-output>
          </reporter-output>
        </test-method> <!-- runScenario -->
        <test-method signature="runScenario(io.cucumber.testng.PickleWrapper,io.cucumber.testng.FeatureWrapper)[pri:0, instance:com.runner.RunnerTestNg@58a9760d]" started-at="2025-04-16T18:47:49 IST" name="runScenario" description="Runs Cucumber Scenarios" data-provider="scenarios" finished-at="2025-04-16T18:48:06 IST" duration-ms="16524" status="PASS">
          <params>
            <param index="0">
              <value>
                <![CDATA["Modify the wishlist by removing a product"]]>
              </value>
            </param>
            <param index="1">
              <value>
                <![CDATA["User Account Management"]]>
              </value>
            </param>
          </params>
          <reporter-output>
          </reporter-output>
        </test-method> <!-- runScenario -->
        <test-method signature="runScenario(io.cucumber.testng.PickleWrapper,io.cucumber.testng.FeatureWrapper)[pri:0, instance:com.runner.RunnerTestNg@58a9760d]" started-at="2025-04-16T18:47:49 IST" name="runScenario" description="Runs Cucumber Scenarios" data-provider="scenarios" finished-at="2025-04-16T18:48:06 IST" duration-ms="16786" status="PASS">
          <params>
            <param index="0">
              <value>
                <![CDATA["Subscribe or Unsubscribe from newsletter"]]>
              </value>
            </param>
            <param index="1">
              <value>
                <![CDATA["User Account Management"]]>
              </value>
            </param>
          </params>
          <reporter-output>
          </reporter-output>
        </test-method> <!-- runScenario -->
        <test-method signature="runScenario(io.cucumber.testng.PickleWrapper,io.cucumber.testng.FeatureWrapper)[pri:0, instance:com.runner.RunnerTestNg@58a9760d]" started-at="2025-04-16T18:47:50 IST" name="runScenario" description="Runs Cucumber Scenarios" data-provider="scenarios" finished-at="2025-04-16T18:48:07 IST" duration-ms="17583" status="PASS">
          <params>
            <param index="0">
              <value>
                <![CDATA["Subscribe or Unsubscribe from newsletter"]]>
              </value>
            </param>
            <param index="1">
              <value>
                <![CDATA["User Account Management"]]>
              </value>
            </param>
          </params>
          <reporter-output>
          </reporter-output>
        </test-method> <!-- runScenario -->
        <test-method signature="runScenario(io.cucumber.testng.PickleWrapper,io.cucumber.testng.FeatureWrapper)[pri:0, instance:com.runner.RunnerTestNg@58a9760d]" started-at="2025-04-16T18:47:52 IST" name="runScenario" description="Runs Cucumber Scenarios" data-provider="scenarios" finished-at="2025-04-16T18:48:11 IST" duration-ms="18743" status="PASS">
          <params>
            <param index="0">
              <value>
                <![CDATA["Change user password"]]>
              </value>
            </param>
            <param index="1">
              <value>
                <![CDATA["User Account Management"]]>
              </value>
            </param>
          </params>
          <reporter-output>
          </reporter-output>
        </test-method> <!-- runScenario -->
        <test-method signature="runScenario(io.cucumber.testng.PickleWrapper,io.cucumber.testng.FeatureWrapper)[pri:0, instance:com.runner.RunnerTestNg@58a9760d]" started-at="2025-04-16T18:47:55 IST" name="runScenario" description="Runs Cucumber Scenarios" data-provider="scenarios" finished-at="2025-04-16T18:48:09 IST" duration-ms="13460" status="PASS">
          <params>
            <param index="0">
              <value>
                <![CDATA["User tries to login with valid credentials"]]>
              </value>
            </param>
            <param index="1">
              <value>
                <![CDATA["Login Functionality"]]>
              </value>
            </param>
          </params>
          <reporter-output>
          </reporter-output>
        </test-method> <!-- runScenario -->
        <test-method signature="runScenario(io.cucumber.testng.PickleWrapper,io.cucumber.testng.FeatureWrapper)[pri:0, instance:com.runner.RunnerTestNg@58a9760d]" started-at="2025-04-16T18:47:56 IST" name="runScenario" description="Runs Cucumber Scenarios" data-provider="scenarios" finished-at="2025-04-16T18:48:08 IST" duration-ms="12424" status="PASS">
          <params>
            <param index="0">
              <value>
                <![CDATA["User tries to login with invalid credentials"]]>
              </value>
            </param>
            <param index="1">
              <value>
                <![CDATA["Login Functionality"]]>
              </value>
            </param>
          </params>
          <reporter-output>
          </reporter-output>
        </test-method> <!-- runScenario -->
        <test-method signature="runScenario(io.cucumber.testng.PickleWrapper,io.cucumber.testng.FeatureWrapper)[pri:0, instance:com.runner.RunnerTestNg@58a9760d]" started-at="2025-04-16T18:48:00 IST" name="runScenario" description="Runs Cucumber Scenarios" data-provider="scenarios" finished-at="2025-04-16T18:48:13 IST" duration-ms="12721" status="PASS">
          <params>
            <param index="0">
              <value>
                <![CDATA["User tries to login with invalid credentials"]]>
              </value>
            </param>
            <param index="1">
              <value>
                <![CDATA["Login Functionality"]]>
              </value>
            </param>
          </params>
          <reporter-output>
          </reporter-output>
        </test-method> <!-- runScenario -->
        <test-method signature="runScenario(io.cucumber.testng.PickleWrapper,io.cucumber.testng.FeatureWrapper)[pri:0, instance:com.runner.RunnerTestNg@58a9760d]" started-at="2025-04-16T18:48:06 IST" name="runScenario" description="Runs Cucumber Scenarios" data-provider="scenarios" finished-at="2025-04-16T18:48:16 IST" duration-ms="9961" status="PASS">
          <params>
            <param index="0">
              <value>
                <![CDATA["User tries to login with invalid credentials"]]>
              </value>
            </param>
            <param index="1">
              <value>
                <![CDATA["Login Functionality"]]>
              </value>
            </param>
          </params>
          <reporter-output>
          </reporter-output>
        </test-method> <!-- runScenario -->
        <test-method signature="runScenario(io.cucumber.testng.PickleWrapper,io.cucumber.testng.FeatureWrapper)[pri:0, instance:com.runner.RunnerTestNg@58a9760d]" started-at="2025-04-16T18:48:06 IST" name="runScenario" description="Runs Cucumber Scenarios" data-provider="scenarios" finished-at="2025-04-16T18:48:16 IST" duration-ms="9774" status="PASS">
          <params>
            <param index="0">
              <value>
                <![CDATA["User tries to login with invalid credentials"]]>
              </value>
            </param>
            <param index="1">
              <value>
                <![CDATA["Login Functionality"]]>
              </value>
            </param>
          </params>
          <reporter-output>
          </reporter-output>
        </test-method> <!-- runScenario -->
        <test-method signature="runScenario(io.cucumber.testng.PickleWrapper,io.cucumber.testng.FeatureWrapper)[pri:0, instance:com.runner.RunnerTestNg@58a9760d]" started-at="2025-04-16T18:48:07 IST" name="runScenario" description="Runs Cucumber Scenarios" data-provider="scenarios" finished-at="2025-04-16T18:48:19 IST" duration-ms="12327" status="PASS">
          <params>
            <param index="0">
              <value>
                <![CDATA["User tries to login with valid credentials and logs out"]]>
              </value>
            </param>
            <param index="1">
              <value>
                <![CDATA["Login Functionality"]]>
              </value>
            </param>
          </params>
          <reporter-output>
          </reporter-output>
        </test-method> <!-- runScenario -->
        <test-method signature="runScenario(io.cucumber.testng.PickleWrapper,io.cucumber.testng.FeatureWrapper)[pri:0, instance:com.runner.RunnerTestNg@58a9760d]" started-at="2025-04-16T18:48:07 IST" name="runScenario" description="Runs Cucumber Scenarios" data-provider="scenarios" finished-at="2025-04-16T18:48:22 IST" duration-ms="15001" status="PASS">
          <params>
            <param index="0">
              <value>
                <![CDATA["Register with valid inputs"]]>
              </value>
            </param>
            <param index="1">
              <value>
                <![CDATA["User Registration Functionality"]]>
              </value>
            </param>
          </params>
          <reporter-output>
          </reporter-output>
        </test-method> <!-- runScenario -->
        <test-method signature="runScenario(io.cucumber.testng.PickleWrapper,io.cucumber.testng.FeatureWrapper)[pri:0, instance:com.runner.RunnerTestNg@58a9760d]" started-at="2025-04-16T18:48:08 IST" name="runScenario" description="Runs Cucumber Scenarios" data-provider="scenarios" finished-at="2025-04-16T18:48:21 IST" duration-ms="12861" status="PASS">
          <params>
            <param index="0">
              <value>
                <![CDATA["Register with invalid inputs"]]>
              </value>
            </param>
            <param index="1">
              <value>
                <![CDATA["User Registration Functionality"]]>
              </value>
            </param>
          </params>
          <reporter-output>
          </reporter-output>
        </test-method> <!-- runScenario -->
        <test-method signature="runScenario(io.cucumber.testng.PickleWrapper,io.cucumber.testng.FeatureWrapper)[pri:0, instance:com.runner.RunnerTestNg@58a9760d]" started-at="2025-04-16T18:48:09 IST" name="runScenario" description="Runs Cucumber Scenarios" data-provider="scenarios" finished-at="2025-04-16T18:48:21 IST" duration-ms="12244" status="PASS">
          <params>
            <param index="0">
              <value>
                <![CDATA["Register with invalid inputs"]]>
              </value>
            </param>
            <param index="1">
              <value>
                <![CDATA["User Registration Functionality"]]>
              </value>
            </param>
          </params>
          <reporter-output>
          </reporter-output>
        </test-method> <!-- runScenario -->
        <test-method signature="runScenario(io.cucumber.testng.PickleWrapper,io.cucumber.testng.FeatureWrapper)[pri:0, instance:com.runner.RunnerTestNg@58a9760d]" started-at="2025-04-16T18:48:11 IST" name="runScenario" description="Runs Cucumber Scenarios" data-provider="scenarios" finished-at="2025-04-16T18:48:23 IST" duration-ms="11752" status="PASS">
          <params>
            <param index="0">
              <value>
                <![CDATA["Register with invalid inputs"]]>
              </value>
            </param>
            <param index="1">
              <value>
                <![CDATA["User Registration Functionality"]]>
              </value>
            </param>
          </params>
          <reporter-output>
          </reporter-output>
        </test-method> <!-- runScenario -->
        <test-method signature="runScenario(io.cucumber.testng.PickleWrapper,io.cucumber.testng.FeatureWrapper)[pri:0, instance:com.runner.RunnerTestNg@58a9760d]" started-at="2025-04-16T18:48:12 IST" name="runScenario" description="Runs Cucumber Scenarios" data-provider="scenarios" finished-at="2025-04-16T18:48:24 IST" duration-ms="11513" status="PASS">
          <params>
            <param index="0">
              <value>
                <![CDATA["Register with invalid inputs"]]>
              </value>
            </param>
            <param index="1">
              <value>
                <![CDATA["User Registration Functionality"]]>
              </value>
            </param>
          </params>
          <reporter-output>
          </reporter-output>
        </test-method> <!-- runScenario -->
        <test-method signature="runScenario(io.cucumber.testng.PickleWrapper,io.cucumber.testng.FeatureWrapper)[pri:0, instance:com.runner.RunnerTestNg@58a9760d]" started-at="2025-04-16T18:48:13 IST" name="runScenario" description="Runs Cucumber Scenarios" data-provider="scenarios" finished-at="2025-04-16T18:48:27 IST" duration-ms="14503" status="PASS">
          <params>
            <param index="0">
              <value>
                <![CDATA["Register with valid inputs  with out checking privacy policy"]]>
              </value>
            </param>
            <param index="1">
              <value>
                <![CDATA["User Registration Functionality"]]>
              </value>
            </param>
          </params>
          <reporter-output>
          </reporter-output>
        </test-method> <!-- runScenario -->
        <test-method is-config="true" signature="tearDownClass()[pri:0, instance:com.runner.RunnerTestNg@58a9760d]" started-at="2025-04-16T18:48:27 IST" name="tearDownClass" finished-at="2025-04-16T18:48:32 IST" duration-ms="4625" status="PASS">
          <reporter-output>
          </reporter-output>
        </test-method> <!-- tearDownClass -->
      </class> <!-- com.runner.RunnerTestNg -->
    </test> <!-- Test -->
  </suite> <!-- Suite -->
</testng-results>
