<?xml version="1.0" encoding="UTF-8"?>
<testng-results ignored="0" total="8" passed="8" failed="0" skipped="0">
  <reporter-output>
  </reporter-output>
  <suite started-at="2025-04-19T11:34:22 IST" name="Default suite" finished-at="2025-04-19T11:35:21 IST" duration-ms="58359">
    <groups>
      <group name="cucumber">
        <method signature="AbstractTestNGCucumberTests.runScenario(io.cucumber.testng.PickleWrapper,io.cucumber.testng.FeatureWrapper)[pri:0, instance:com.runner.RunnerTestNg@26b3fd41]" name="runScenario" class="io.cucumber.testng.AbstractTestNGCucumberTests"/>
      </group> <!-- cucumber -->
    </groups>
    <test started-at="2025-04-19T11:34:22 IST" name="Default test" finished-at="2025-04-19T11:35:21 IST" duration-ms="58359">
      <class name="com.runner.RunnerTestNg">
        <test-method is-config="true" signature="setUpClass(org.testng.ITestContext)[pri:0, instance:com.runner.RunnerTestNg@26b3fd41]" started-at="2025-04-19T11:34:22 IST" name="setUpClass" finished-at="2025-04-19T11:34:24 IST" duration-ms="1498" status="PASS">
          <params>
            <param index="0">
              <value>
                <![CDATA[org.testng.TestRunner@1989e8c6]]>
              </value>
            </param>
          </params>
          <reporter-output>
          </reporter-output>
        </test-method> <!-- setUpClass -->
        <test-method signature="runScenario(io.cucumber.testng.PickleWrapper,io.cucumber.testng.FeatureWrapper)[pri:0, instance:com.runner.RunnerTestNg@26b3fd41]" started-at="2025-04-19T11:34:24 IST" name="runScenario" description="Runs Cucumber Scenarios" data-provider="scenarios" finished-at="2025-04-19T11:35:05 IST" duration-ms="40759" status="PASS">
          <params>
            <param index="0">
              <value>
                <![CDATA["Subscribe or Unsubscribe from newsletter"]]>
              </value>
            </param>
            <param index="1">
              <value>
                <![CDATA["User Account Management"]]>
              </value>
            </param>
          </params>
          <reporter-output>
          </reporter-output>
        </test-method> <!-- runScenario -->
        <test-method signature="runScenario(io.cucumber.testng.PickleWrapper,io.cucumber.testng.FeatureWrapper)[pri:0, instance:com.runner.RunnerTestNg@26b3fd41]" started-at="2025-04-19T11:34:24 IST" name="runScenario" description="Runs Cucumber Scenarios" data-provider="scenarios" finished-at="2025-04-19T11:35:05 IST" duration-ms="41090" status="PASS">
          <params>
            <param index="0">
              <value>
                <![CDATA["Edit user account details"]]>
              </value>
            </param>
            <param index="1">
              <value>
                <![CDATA["User Account Management"]]>
              </value>
            </param>
          </params>
          <reporter-output>
          </reporter-output>
        </test-method> <!-- runScenario -->
        <test-method signature="runScenario(io.cucumber.testng.PickleWrapper,io.cucumber.testng.FeatureWrapper)[pri:0, instance:com.runner.RunnerTestNg@26b3fd41]" started-at="2025-04-19T11:34:24 IST" name="runScenario" description="Runs Cucumber Scenarios" data-provider="scenarios" finished-at="2025-04-19T11:35:17 IST" duration-ms="53528" status="PASS">
          <params>
            <param index="0">
              <value>
                <![CDATA["Register a user and register as affiliate with valid and invalid inputs"]]>
              </value>
            </param>
            <param index="1">
              <value>
                <![CDATA["User Login and Affiliate Account Functionality"]]>
              </value>
            </param>
          </params>
          <reporter-output>
          </reporter-output>
        </test-method> <!-- runScenario -->
        <test-method signature="runScenario(io.cucumber.testng.PickleWrapper,io.cucumber.testng.FeatureWrapper)[pri:0, instance:com.runner.RunnerTestNg@26b3fd41]" started-at="2025-04-19T11:34:24 IST" name="runScenario" description="Runs Cucumber Scenarios" data-provider="scenarios" finished-at="2025-04-19T11:35:05 IST" duration-ms="41092" status="PASS">
          <params>
            <param index="0">
              <value>
                <![CDATA["Modify the wishlist by removing a product"]]>
              </value>
            </param>
            <param index="1">
              <value>
                <![CDATA["User Account Management"]]>
              </value>
            </param>
          </params>
          <reporter-output>
          </reporter-output>
        </test-method> <!-- runScenario -->
        <test-method signature="runScenario(io.cucumber.testng.PickleWrapper,io.cucumber.testng.FeatureWrapper)[pri:0, instance:com.runner.RunnerTestNg@26b3fd41]" started-at="2025-04-19T11:34:24 IST" name="runScenario" description="Runs Cucumber Scenarios" data-provider="scenarios" finished-at="2025-04-19T11:35:10 IST" duration-ms="45678" status="PASS">
          <params>
            <param index="0">
              <value>
                <![CDATA["Adding new address"]]>
              </value>
            </param>
            <param index="1">
              <value>
                <![CDATA["User Account Management"]]>
              </value>
            </param>
          </params>
          <reporter-output>
          </reporter-output>
        </test-method> <!-- runScenario -->
        <test-method signature="runScenario(io.cucumber.testng.PickleWrapper,io.cucumber.testng.FeatureWrapper)[pri:0, instance:com.runner.RunnerTestNg@26b3fd41]" started-at="2025-04-19T11:34:24 IST" name="runScenario" description="Runs Cucumber Scenarios" data-provider="scenarios" finished-at="2025-04-19T11:35:05 IST" duration-ms="41042" status="PASS">
          <params>
            <param index="0">
              <value>
                <![CDATA["Subscribe or Unsubscribe from newsletter"]]>
              </value>
            </param>
            <param index="1">
              <value>
                <![CDATA["User Account Management"]]>
              </value>
            </param>
          </params>
          <reporter-output>
          </reporter-output>
        </test-method> <!-- runScenario -->
        <test-method signature="runScenario(io.cucumber.testng.PickleWrapper,io.cucumber.testng.FeatureWrapper)[pri:0, instance:com.runner.RunnerTestNg@26b3fd41]" started-at="2025-04-19T11:34:24 IST" name="runScenario" description="Runs Cucumber Scenarios" data-provider="scenarios" finished-at="2025-04-19T11:35:05 IST" duration-ms="40966" status="PASS">
          <params>
            <param index="0">
              <value>
                <![CDATA["Change user password"]]>
              </value>
            </param>
            <param index="1">
              <value>
                <![CDATA["User Account Management"]]>
              </value>
            </param>
          </params>
          <reporter-output>
          </reporter-output>
        </test-method> <!-- runScenario -->
        <test-method signature="runScenario(io.cucumber.testng.PickleWrapper,io.cucumber.testng.FeatureWrapper)[pri:0, instance:com.runner.RunnerTestNg@26b3fd41]" started-at="2025-04-19T11:34:24 IST" name="runScenario" description="Runs Cucumber Scenarios" data-provider="scenarios" finished-at="2025-04-19T11:35:04 IST" duration-ms="40167" status="PASS">
          <params>
            <param index="0">
              <value>
                <![CDATA["Change user password without providing new password"]]>
              </value>
            </param>
            <param index="1">
              <value>
                <![CDATA["User Account Management"]]>
              </value>
            </param>
          </params>
          <reporter-output>
          </reporter-output>
        </test-method> <!-- runScenario -->
        <test-method is-config="true" signature="tearDownClass()[pri:0, instance:com.runner.RunnerTestNg@26b3fd41]" started-at="2025-04-19T11:35:17 IST" name="tearDownClass" finished-at="2025-04-19T11:35:21 IST" duration-ms="3199" status="PASS">
          <reporter-output>
          </reporter-output>
        </test-method> <!-- tearDownClass -->
      </class> <!-- com.runner.RunnerTestNg -->
    </test> <!-- Default test -->
  </suite> <!-- Default suite -->
</testng-results>
