<?xml version="1.0" encoding="UTF-8"?>
<testng-results ignored="0" total="51" passed="49" failed="2" skipped="0">
  <reporter-output>
  </reporter-output>
  <suite started-at="2025-04-17T12:19:45 IST" name="Suite" finished-at="2025-04-17T12:24:13 IST" duration-ms="267725">
    <groups>
      <group name="cucumber">
        <method signature="AbstractTestNGCucumberTests.runScenario(io.cucumber.testng.PickleWrapper,io.cucumber.testng.FeatureWrapper)[pri:0, instance:com.runner.RunnerTestNg@58a9760d]" name="runScenario" class="io.cucumber.testng.AbstractTestNGCucumberTests"/>
      </group> <!-- cucumber -->
    </groups>
    <test started-at="2025-04-17T12:19:45 IST" name="Test" finished-at="2025-04-17T12:24:13 IST" duration-ms="267725">
      <class name="com.runner.RunnerTestNg">
        <test-method is-config="true" signature="setUpClass(org.testng.ITestContext)[pri:0, instance:com.runner.RunnerTestNg@58a9760d]" started-at="2025-04-17T12:19:45 IST" name="setUpClass" finished-at="2025-04-17T12:19:46 IST" duration-ms="902" status="PASS">
          <params>
            <param index="0">
              <value>
                <![CDATA[org.testng.TestRunner@342c38f8]]>
              </value>
            </param>
          </params>
          <reporter-output>
          </reporter-output>
        </test-method> <!-- setUpClass -->
        <test-method signature="runScenario(io.cucumber.testng.PickleWrapper,io.cucumber.testng.FeatureWrapper)[pri:0, instance:com.runner.RunnerTestNg@58a9760d]" started-at="2025-04-17T12:19:46 IST" name="runScenario" description="Runs Cucumber Scenarios" data-provider="scenarios" finished-at="2025-04-17T12:20:33 IST" duration-ms="46414" status="PASS">
          <params>
            <param index="0">
              <value>
                <![CDATA["Add a single product to the cart"]]>
              </value>
            </param>
            <param index="1">
              <value>
                <![CDATA["Add to Cart Functionality on eCommerce Playground"]]>
              </value>
            </param>
          </params>
          <reporter-output>
          </reporter-output>
        </test-method> <!-- runScenario -->
        <test-method signature="runScenario(io.cucumber.testng.PickleWrapper,io.cucumber.testng.FeatureWrapper)[pri:0, instance:com.runner.RunnerTestNg@58a9760d]" started-at="2025-04-17T12:19:46 IST" name="runScenario" description="Runs Cucumber Scenarios" data-provider="scenarios" finished-at="2025-04-17T12:20:22 IST" duration-ms="35977" status="PASS">
          <params>
            <param index="0">
              <value>
                <![CDATA["Submitting a blog comment without filling required details"]]>
              </value>
            </param>
            <param index="1">
              <value>
                <![CDATA["Blog functionality"]]>
              </value>
            </param>
          </params>
          <reporter-output>
          </reporter-output>
        </test-method> <!-- runScenario -->
        <test-method signature="runScenario(io.cucumber.testng.PickleWrapper,io.cucumber.testng.FeatureWrapper)[pri:0, instance:com.runner.RunnerTestNg@58a9760d]" started-at="2025-04-17T12:19:46 IST" name="runScenario" description="Runs Cucumber Scenarios" data-provider="scenarios" finished-at="2025-04-17T12:20:33 IST" duration-ms="46703" status="PASS">
          <params>
            <param index="0">
              <value>
                <![CDATA["Add multiple quantities of the same product"]]>
              </value>
            </param>
            <param index="1">
              <value>
                <![CDATA["Add to Cart Functionality on eCommerce Playground"]]>
              </value>
            </param>
          </params>
          <reporter-output>
          </reporter-output>
        </test-method> <!-- runScenario -->
        <test-method signature="runScenario(io.cucumber.testng.PickleWrapper,io.cucumber.testng.FeatureWrapper)[pri:0, instance:com.runner.RunnerTestNg@58a9760d]" started-at="2025-04-17T12:19:46 IST" name="runScenario" description="Runs Cucumber Scenarios" data-provider="scenarios" finished-at="2025-04-17T12:20:22 IST" duration-ms="36177" status="PASS">
          <params>
            <param index="0">
              <value>
                <![CDATA["Submitting a blog comment without filling required details"]]>
              </value>
            </param>
            <param index="1">
              <value>
                <![CDATA["Blog functionality"]]>
              </value>
            </param>
          </params>
          <reporter-output>
          </reporter-output>
        </test-method> <!-- runScenario -->
        <test-method signature="runScenario(io.cucumber.testng.PickleWrapper,io.cucumber.testng.FeatureWrapper)[pri:0, instance:com.runner.RunnerTestNg@58a9760d]" started-at="2025-04-17T12:19:46 IST" name="runScenario" description="Runs Cucumber Scenarios" data-provider="scenarios" finished-at="2025-04-17T12:20:21 IST" duration-ms="34644" status="PASS">
          <params>
            <param index="0">
              <value>
                <![CDATA["Submitting a blog comment without filling required details"]]>
              </value>
            </param>
            <param index="1">
              <value>
                <![CDATA["Blog functionality"]]>
              </value>
            </param>
          </params>
          <reporter-output>
          </reporter-output>
        </test-method> <!-- runScenario -->
        <test-method signature="runScenario(io.cucumber.testng.PickleWrapper,io.cucumber.testng.FeatureWrapper)[pri:0, instance:com.runner.RunnerTestNg@58a9760d]" started-at="2025-04-17T12:19:46 IST" name="runScenario" description="Runs Cucumber Scenarios" data-provider="scenarios" finished-at="2025-04-17T12:21:00 IST" duration-ms="73569" status="PASS">
          <params>
            <param index="0">
              <value>
                <![CDATA["Remove a product from the cart"]]>
              </value>
            </param>
            <param index="1">
              <value>
                <![CDATA["Add to Cart Functionality on eCommerce Playground"]]>
              </value>
            </param>
          </params>
          <reporter-output>
          </reporter-output>
        </test-method> <!-- runScenario -->
        <test-method signature="runScenario(io.cucumber.testng.PickleWrapper,io.cucumber.testng.FeatureWrapper)[pri:0, instance:com.runner.RunnerTestNg@58a9760d]" started-at="2025-04-17T12:19:46 IST" name="runScenario" description="Runs Cucumber Scenarios" data-provider="scenarios" finished-at="2025-04-17T12:20:20 IST" duration-ms="33628" status="PASS">
          <params>
            <param index="0">
              <value>
                <![CDATA["Adding a valid comment to the blog"]]>
              </value>
            </param>
            <param index="1">
              <value>
                <![CDATA["Blog functionality"]]>
              </value>
            </param>
          </params>
          <reporter-output>
          </reporter-output>
        </test-method> <!-- runScenario -->
        <test-method signature="runScenario(io.cucumber.testng.PickleWrapper,io.cucumber.testng.FeatureWrapper)[pri:0, instance:com.runner.RunnerTestNg@58a9760d]" started-at="2025-04-17T12:19:46 IST" name="runScenario" description="Runs Cucumber Scenarios" data-provider="scenarios" finished-at="2025-04-17T12:20:18 IST" duration-ms="31402" status="PASS">
          <params>
            <param index="0">
              <value>
                <![CDATA["category wise selection and assertion"]]>
              </value>
            </param>
            <param index="1">
              <value>
                <![CDATA["Blog functionality"]]>
              </value>
            </param>
          </params>
          <reporter-output>
          </reporter-output>
        </test-method> <!-- runScenario -->
        <test-method signature="runScenario(io.cucumber.testng.PickleWrapper,io.cucumber.testng.FeatureWrapper)[pri:0, instance:com.runner.RunnerTestNg@58a9760d]" started-at="2025-04-17T12:19:46 IST" name="runScenario" description="Runs Cucumber Scenarios" data-provider="scenarios" finished-at="2025-04-17T12:21:05 IST" duration-ms="78823" status="PASS">
          <params>
            <param index="0">
              <value>
                <![CDATA["Register a user and register as affiliate with valid and invalid inputs"]]>
              </value>
            </param>
            <param index="1">
              <value>
                <![CDATA["User Login and Affiliate Account Functionality"]]>
              </value>
            </param>
          </params>
          <reporter-output>
          </reporter-output>
        </test-method> <!-- runScenario -->
        <test-method signature="runScenario(io.cucumber.testng.PickleWrapper,io.cucumber.testng.FeatureWrapper)[pri:0, instance:com.runner.RunnerTestNg@58a9760d]" started-at="2025-04-17T12:19:46 IST" name="runScenario" description="Runs Cucumber Scenarios" data-provider="scenarios" finished-at="2025-04-17T12:20:33 IST" duration-ms="47010" status="PASS">
          <params>
            <param index="0">
              <value>
                <![CDATA["Scenario: User tries to add a product to cart without selecting size"]]>
              </value>
            </param>
            <param index="1">
              <value>
                <![CDATA["Add to Cart Functionality on eCommerce Playground"]]>
              </value>
            </param>
          </params>
          <reporter-output>
          </reporter-output>
        </test-method> <!-- runScenario -->
        <test-method signature="runScenario(io.cucumber.testng.PickleWrapper,io.cucumber.testng.FeatureWrapper)[pri:0, instance:com.runner.RunnerTestNg@58a9760d]" started-at="2025-04-17T12:20:18 IST" name="runScenario" description="Runs Cucumber Scenarios" data-provider="scenarios" finished-at="2025-04-17T12:21:11 IST" duration-ms="53600" status="PASS">
          <params>
            <param index="0">
              <value>
                <![CDATA["User requests a password reset link using valid email"]]>
              </value>
            </param>
            <param index="1">
              <value>
                <![CDATA["Forgot Password Functionality"]]>
              </value>
            </param>
          </params>
          <reporter-output>
          </reporter-output>
        </test-method> <!-- runScenario -->
        <test-method signature="runScenario(io.cucumber.testng.PickleWrapper,io.cucumber.testng.FeatureWrapper)[pri:0, instance:com.runner.RunnerTestNg@58a9760d]" started-at="2025-04-17T12:20:20 IST" name="runScenario" description="Runs Cucumber Scenarios" data-provider="scenarios" finished-at="2025-04-17T12:21:03 IST" duration-ms="43080" status="PASS">
          <params>
            <param index="0">
              <value>
                <![CDATA["User requests a password reset link using invalid email"]]>
              </value>
            </param>
            <param index="1">
              <value>
                <![CDATA["Forgot Password Functionality"]]>
              </value>
            </param>
          </params>
          <reporter-output>
          </reporter-output>
        </test-method> <!-- runScenario -->
        <test-method signature="runScenario(io.cucumber.testng.PickleWrapper,io.cucumber.testng.FeatureWrapper)[pri:0, instance:com.runner.RunnerTestNg@58a9760d]" started-at="2025-04-17T12:20:21 IST" name="runScenario" description="Runs Cucumber Scenarios" data-provider="scenarios" finished-at="2025-04-17T12:21:03 IST" duration-ms="42686" status="PASS">
          <params>
            <param index="0">
              <value>
                <![CDATA["User requests a password reset link without providing email"]]>
              </value>
            </param>
            <param index="1">
              <value>
                <![CDATA["Forgot Password Functionality"]]>
              </value>
            </param>
          </params>
          <reporter-output>
          </reporter-output>
        </test-method> <!-- runScenario -->
        <test-method signature="runScenario(io.cucumber.testng.PickleWrapper,io.cucumber.testng.FeatureWrapper)[pri:0, instance:com.runner.RunnerTestNg@58a9760d]" started-at="2025-04-17T12:20:22 IST" name="runScenario" description="Runs Cucumber Scenarios" data-provider="scenarios" finished-at="2025-04-17T12:22:56 IST" duration-ms="153367" status="PASS">
          <params>
            <param index="0">
              <value>
                <![CDATA["To checkout view the order history after ordering"]]>
              </value>
            </param>
            <param index="1">
              <value>
                <![CDATA["My orders feature"]]>
              </value>
            </param>
          </params>
          <reporter-output>
          </reporter-output>
        </test-method> <!-- runScenario -->
        <test-method signature="runScenario(io.cucumber.testng.PickleWrapper,io.cucumber.testng.FeatureWrapper)[pri:0, instance:com.runner.RunnerTestNg@58a9760d]" started-at="2025-04-17T12:20:22 IST" name="runScenario" description="Runs Cucumber Scenarios" data-provider="scenarios" finished-at="2025-04-17T12:23:02 IST" duration-ms="159187" status="PASS">
          <params>
            <param index="0">
              <value>
                <![CDATA["To reorder the product in the order  history"]]>
              </value>
            </param>
            <param index="1">
              <value>
                <![CDATA["My orders feature"]]>
              </value>
            </param>
          </params>
          <reporter-output>
          </reporter-output>
        </test-method> <!-- runScenario -->
        <test-method signature="runScenario(io.cucumber.testng.PickleWrapper,io.cucumber.testng.FeatureWrapper)[pri:0, instance:com.runner.RunnerTestNg@58a9760d]" started-at="2025-04-17T12:20:33 IST" name="runScenario" description="Runs Cucumber Scenarios" data-provider="scenarios" finished-at="2025-04-17T12:23:02 IST" duration-ms="149289" status="PASS">
          <params>
            <param index="0">
              <value>
                <![CDATA["To checkout the shopping cart as a guest user"]]>
              </value>
            </param>
            <param index="1">
              <value>
                <![CDATA["Shopping Cart CheckOut functionality"]]>
              </value>
            </param>
          </params>
          <reporter-output>
          </reporter-output>
        </test-method> <!-- runScenario -->
        <test-method signature="runScenario(io.cucumber.testng.PickleWrapper,io.cucumber.testng.FeatureWrapper)[pri:0, instance:com.runner.RunnerTestNg@58a9760d]" started-at="2025-04-17T12:20:33 IST" name="runScenario" description="Runs Cucumber Scenarios" data-provider="scenarios" finished-at="2025-04-17T12:21:23 IST" duration-ms="49966" status="PASS">
          <params>
            <param index="0">
              <value>
                <![CDATA["To checkout the empty shopping cart as a registered user"]]>
              </value>
            </param>
            <param index="1">
              <value>
                <![CDATA["Shopping Cart CheckOut functionality"]]>
              </value>
            </param>
          </params>
          <reporter-output>
          </reporter-output>
        </test-method> <!-- runScenario -->
        <test-method signature="runScenario(io.cucumber.testng.PickleWrapper,io.cucumber.testng.FeatureWrapper)[pri:0, instance:com.runner.RunnerTestNg@58a9760d]" started-at="2025-04-17T12:20:33 IST" name="runScenario" description="Runs Cucumber Scenarios" data-provider="scenarios" finished-at="2025-04-17T12:22:53 IST" duration-ms="139406" status="PASS">
          <params>
            <param index="0">
              <value>
                <![CDATA["To checkout the  cart as a registered user"]]>
              </value>
            </param>
            <param index="1">
              <value>
                <![CDATA["Shopping Cart CheckOut functionality"]]>
              </value>
            </param>
          </params>
          <reporter-output>
          </reporter-output>
        </test-method> <!-- runScenario -->
        <test-method signature="runScenario(io.cucumber.testng.PickleWrapper,io.cucumber.testng.FeatureWrapper)[pri:0, instance:com.runner.RunnerTestNg@58a9760d]" started-at="2025-04-17T12:21:00 IST" name="runScenario" description="Runs Cucumber Scenarios" data-provider="scenarios" finished-at="2025-04-17T12:22:54 IST" duration-ms="114512" status="PASS">
          <params>
            <param index="0">
              <value>
                <![CDATA["To checkout the  cart with existing email"]]>
              </value>
            </param>
            <param index="1">
              <value>
                <![CDATA["Shopping Cart CheckOut functionality"]]>
              </value>
            </param>
          </params>
          <reporter-output>
          </reporter-output>
        </test-method> <!-- runScenario -->
        <test-method signature="runScenario(io.cucumber.testng.PickleWrapper,io.cucumber.testng.FeatureWrapper)[pri:0, instance:com.runner.RunnerTestNg@58a9760d]" started-at="2025-04-17T12:21:03 IST" name="runScenario" description="Runs Cucumber Scenarios" data-provider="scenarios" finished-at="2025-04-17T12:22:08 IST" duration-ms="65224" status="PASS">
          <params>
            <param index="0">
              <value>
                <![CDATA["To perform compare without adding products to list"]]>
              </value>
            </param>
            <param index="1">
              <value>
                <![CDATA["Product compare functionality"]]>
              </value>
            </param>
          </params>
          <reporter-output>
          </reporter-output>
        </test-method> <!-- runScenario -->
        <test-method signature="runScenario(io.cucumber.testng.PickleWrapper,io.cucumber.testng.FeatureWrapper)[pri:0, instance:com.runner.RunnerTestNg@58a9760d]" started-at="2025-04-17T12:21:03 IST" name="runScenario" description="Runs Cucumber Scenarios" data-provider="scenarios" finished-at="2025-04-17T12:22:37 IST" duration-ms="93365" status="PASS">
          <params>
            <param index="0">
              <value>
                <![CDATA["To Add the products to comparision list"]]>
              </value>
            </param>
            <param index="1">
              <value>
                <![CDATA["Product compare functionality"]]>
              </value>
            </param>
          </params>
          <reporter-output>
          </reporter-output>
        </test-method> <!-- runScenario -->
        <test-method signature="runScenario(io.cucumber.testng.PickleWrapper,io.cucumber.testng.FeatureWrapper)[pri:0, instance:com.runner.RunnerTestNg@58a9760d]" started-at="2025-04-17T12:21:05 IST" name="runScenario" description="Runs Cucumber Scenarios" data-provider="scenarios" finished-at="2025-04-17T12:22:00 IST" duration-ms="54737" status="PASS">
          <params>
            <param index="0">
              <value>
                <![CDATA["To Add the products to comparision list"]]>
              </value>
            </param>
            <param index="1">
              <value>
                <![CDATA["Product compare functionality"]]>
              </value>
            </param>
          </params>
          <reporter-output>
          </reporter-output>
        </test-method> <!-- runScenario -->
        <test-method signature="runScenario(io.cucumber.testng.PickleWrapper,io.cucumber.testng.FeatureWrapper)[pri:0, instance:com.runner.RunnerTestNg@58a9760d]" started-at="2025-04-17T12:21:11 IST" name="runScenario" description="Runs Cucumber Scenarios" data-provider="scenarios" finished-at="2025-04-17T12:22:34 IST" duration-ms="82821" status="PASS">
          <params>
            <param index="0">
              <value>
                <![CDATA["Submit a valid product review with rating and comment"]]>
              </value>
            </param>
            <param index="1">
              <value>
                <![CDATA["Product Review"]]>
              </value>
            </param>
          </params>
          <reporter-output>
          </reporter-output>
        </test-method> <!-- runScenario -->
        <test-method signature="runScenario(io.cucumber.testng.PickleWrapper,io.cucumber.testng.FeatureWrapper)[pri:0, instance:com.runner.RunnerTestNg@58a9760d]" started-at="2025-04-17T12:21:23 IST" name="runScenario" description="Runs Cucumber Scenarios" data-provider="scenarios" finished-at="2025-04-17T12:22:46 IST" duration-ms="82993" status="PASS">
          <params>
            <param index="0">
              <value>
                <![CDATA["Submit review without rating and without comment"]]>
              </value>
            </param>
            <param index="1">
              <value>
                <![CDATA["Product Review"]]>
              </value>
            </param>
          </params>
          <reporter-output>
          </reporter-output>
        </test-method> <!-- runScenario -->
        <test-method signature="runScenario(io.cucumber.testng.PickleWrapper,io.cucumber.testng.FeatureWrapper)[pri:0, instance:com.runner.RunnerTestNg@58a9760d]" started-at="2025-04-17T12:22:00 IST" name="runScenario" description="Runs Cucumber Scenarios" data-provider="scenarios" finished-at="2025-04-17T12:22:50 IST" duration-ms="50514" status="PASS">
          <params>
            <param index="0">
              <value>
                <![CDATA["Submit review without rating but with comment"]]>
              </value>
            </param>
            <param index="1">
              <value>
                <![CDATA["Product Review"]]>
              </value>
            </param>
          </params>
          <reporter-output>
          </reporter-output>
        </test-method> <!-- runScenario -->
        <test-method signature="runScenario(io.cucumber.testng.PickleWrapper,io.cucumber.testng.FeatureWrapper)[pri:0, instance:com.runner.RunnerTestNg@58a9760d]" started-at="2025-04-17T12:22:08 IST" name="runScenario" description="Runs Cucumber Scenarios" data-provider="scenarios" finished-at="2025-04-17T12:22:52 IST" duration-ms="44310" status="PASS">
          <params>
            <param index="0">
              <value>
                <![CDATA["Submit review with rating but without comment"]]>
              </value>
            </param>
            <param index="1">
              <value>
                <![CDATA["Product Review"]]>
              </value>
            </param>
          </params>
          <reporter-output>
          </reporter-output>
        </test-method> <!-- runScenario -->
        <test-method signature="runScenario(io.cucumber.testng.PickleWrapper,io.cucumber.testng.FeatureWrapper)[pri:0, instance:com.runner.RunnerTestNg@58a9760d]" started-at="2025-04-17T12:22:34 IST" name="runScenario" description="Runs Cucumber Scenarios" data-provider="scenarios" finished-at="2025-04-17T12:22:53 IST" duration-ms="19186" status="PASS">
          <params>
            <param index="0">
              <value>
                <![CDATA["Search functionality with valid inputs"]]>
              </value>
            </param>
            <param index="1">
              <value>
                <![CDATA["Search functionality"]]>
              </value>
            </param>
          </params>
          <reporter-output>
          </reporter-output>
        </test-method> <!-- runScenario -->
        <test-method signature="runScenario(io.cucumber.testng.PickleWrapper,io.cucumber.testng.FeatureWrapper)[pri:0, instance:com.runner.RunnerTestNg@58a9760d]" started-at="2025-04-17T12:22:37 IST" name="runScenario" description="Runs Cucumber Scenarios" data-provider="scenarios" finished-at="2025-04-17T12:22:52 IST" duration-ms="15318" status="PASS">
          <params>
            <param index="0">
              <value>
                <![CDATA["Search functionality with invalid inputs"]]>
              </value>
            </param>
            <param index="1">
              <value>
                <![CDATA["Search functionality"]]>
              </value>
            </param>
          </params>
          <reporter-output>
          </reporter-output>
        </test-method> <!-- runScenario -->
        <test-method signature="runScenario(io.cucumber.testng.PickleWrapper,io.cucumber.testng.FeatureWrapper)[pri:0, instance:com.runner.RunnerTestNg@58a9760d]" started-at="2025-04-17T12:22:46 IST" name="runScenario" description="Runs Cucumber Scenarios" data-provider="scenarios" finished-at="2025-04-17T12:23:08 IST" duration-ms="22032" status="FAIL">
          <params>
            <param index="0">
              <value>
                <![CDATA["Search functionality with case sensitive inputs"]]>
              </value>
            </param>
            <param index="1">
              <value>
                <![CDATA["Search functionality"]]>
              </value>
            </param>
          </params>
          <exception class="java.lang.AssertionError">
            <full-stacktrace>
              <![CDATA[java.lang.AssertionError
at org.junit.Assert.fail(Assert.java:87)
at org.junit.Assert.assertTrue(Assert.java:42)
at org.junit.Assert.assertTrue(Assert.java:53)
at com.definitions.SearchDefinition.verify_products_displayed(SearchDefinition.java:112)
at ✽.the products must be displayed(file:///C:/Users/saran/git/SeleniumFinalCucumber/ecommerce-lambdatest-bd/src/test/resources/com/features/Search.feature:19)
]]>
            </full-stacktrace>
          </exception> <!-- java.lang.AssertionError -->
          <reporter-output>
          </reporter-output>
        </test-method> <!-- runScenario -->
        <test-method signature="runScenario(io.cucumber.testng.PickleWrapper,io.cucumber.testng.FeatureWrapper)[pri:0, instance:com.runner.RunnerTestNg@58a9760d]" started-at="2025-04-17T12:22:50 IST" name="runScenario" description="Runs Cucumber Scenarios" data-provider="scenarios" finished-at="2025-04-17T12:23:11 IST" duration-ms="20281" status="PASS">
          <params>
            <param index="0">
              <value>
                <![CDATA["Search functionality with unnecessary indentation in search"]]>
              </value>
            </param>
            <param index="1">
              <value>
                <![CDATA["Search functionality"]]>
              </value>
            </param>
          </params>
          <reporter-output>
          </reporter-output>
        </test-method> <!-- runScenario -->
        <test-method signature="runScenario(io.cucumber.testng.PickleWrapper,io.cucumber.testng.FeatureWrapper)[pri:0, instance:com.runner.RunnerTestNg@58a9760d]" started-at="2025-04-17T12:22:52 IST" name="runScenario" description="Runs Cucumber Scenarios" data-provider="scenarios" finished-at="2025-04-17T12:23:11 IST" duration-ms="18555" status="PASS">
          <params>
            <param index="0">
              <value>
                <![CDATA["Search functionality by category as input"]]>
              </value>
            </param>
            <param index="1">
              <value>
                <![CDATA["Search functionality"]]>
              </value>
            </param>
          </params>
          <reporter-output>
          </reporter-output>
        </test-method> <!-- runScenario -->
        <test-method signature="runScenario(io.cucumber.testng.PickleWrapper,io.cucumber.testng.FeatureWrapper)[pri:0, instance:com.runner.RunnerTestNg@58a9760d]" started-at="2025-04-17T12:22:52 IST" name="runScenario" description="Runs Cucumber Scenarios" data-provider="scenarios" finished-at="2025-04-17T12:23:35 IST" duration-ms="42597" status="PASS">
          <params>
            <param index="0">
              <value>
                <![CDATA["Edit user account details"]]>
              </value>
            </param>
            <param index="1">
              <value>
                <![CDATA["User Account Management"]]>
              </value>
            </param>
          </params>
          <reporter-output>
          </reporter-output>
        </test-method> <!-- runScenario -->
        <test-method signature="runScenario(io.cucumber.testng.PickleWrapper,io.cucumber.testng.FeatureWrapper)[pri:0, instance:com.runner.RunnerTestNg@58a9760d]" started-at="2025-04-17T12:22:53 IST" name="runScenario" description="Runs Cucumber Scenarios" data-provider="scenarios" finished-at="2025-04-17T12:24:08 IST" duration-ms="75627" status="FAIL">
          <params>
            <param index="0">
              <value>
                <![CDATA["Adding new address"]]>
              </value>
            </param>
            <param index="1">
              <value>
                <![CDATA["User Account Management"]]>
              </value>
            </param>
          </params>
          <exception class="java.lang.AssertionError">
            <message>
              <![CDATA[expected [true] but found [false]]]>
            </message>
            <full-stacktrace>
              <![CDATA[java.lang.AssertionError: expected [true] but found [false]
at org.testng.Assert.fail(Assert.java:111)
at org.testng.Assert.failNotEquals(Assert.java:1590)
at org.testng.Assert.assertTrue(Assert.java:57)
at org.testng.Assert.assertTrue(Assert.java:67)
at com.definitions.UserAccountDefinition.user_should_see_success_message(UserAccountDefinition.java:93)
at ✽.user should see "Your address has been successfully added"(file:///C:/Users/saran/git/SeleniumFinalCucumber/ecommerce-lambdatest-bd/src/test/resources/com/features/UserAccountManagement.feature:24)
]]>
            </full-stacktrace>
          </exception> <!-- java.lang.AssertionError -->
          <reporter-output>
          </reporter-output>
        </test-method> <!-- runScenario -->
        <test-method signature="runScenario(io.cucumber.testng.PickleWrapper,io.cucumber.testng.FeatureWrapper)[pri:0, instance:com.runner.RunnerTestNg@58a9760d]" started-at="2025-04-17T12:22:53 IST" name="runScenario" description="Runs Cucumber Scenarios" data-provider="scenarios" finished-at="2025-04-17T12:23:29 IST" duration-ms="35554" status="PASS">
          <params>
            <param index="0">
              <value>
                <![CDATA["Modify the wishlist by removing a product"]]>
              </value>
            </param>
            <param index="1">
              <value>
                <![CDATA["User Account Management"]]>
              </value>
            </param>
          </params>
          <reporter-output>
          </reporter-output>
        </test-method> <!-- runScenario -->
        <test-method signature="runScenario(io.cucumber.testng.PickleWrapper,io.cucumber.testng.FeatureWrapper)[pri:0, instance:com.runner.RunnerTestNg@58a9760d]" started-at="2025-04-17T12:22:54 IST" name="runScenario" description="Runs Cucumber Scenarios" data-provider="scenarios" finished-at="2025-04-17T12:23:25 IST" duration-ms="31242" status="PASS">
          <params>
            <param index="0">
              <value>
                <![CDATA["Subscribe or Unsubscribe from newsletter"]]>
              </value>
            </param>
            <param index="1">
              <value>
                <![CDATA["User Account Management"]]>
              </value>
            </param>
          </params>
          <reporter-output>
          </reporter-output>
        </test-method> <!-- runScenario -->
        <test-method signature="runScenario(io.cucumber.testng.PickleWrapper,io.cucumber.testng.FeatureWrapper)[pri:0, instance:com.runner.RunnerTestNg@58a9760d]" started-at="2025-04-17T12:22:56 IST" name="runScenario" description="Runs Cucumber Scenarios" data-provider="scenarios" finished-at="2025-04-17T12:23:44 IST" duration-ms="48224" status="PASS">
          <params>
            <param index="0">
              <value>
                <![CDATA["Subscribe or Unsubscribe from newsletter"]]>
              </value>
            </param>
            <param index="1">
              <value>
                <![CDATA["User Account Management"]]>
              </value>
            </param>
          </params>
          <reporter-output>
          </reporter-output>
        </test-method> <!-- runScenario -->
        <test-method signature="runScenario(io.cucumber.testng.PickleWrapper,io.cucumber.testng.FeatureWrapper)[pri:0, instance:com.runner.RunnerTestNg@58a9760d]" started-at="2025-04-17T12:23:02 IST" name="runScenario" description="Runs Cucumber Scenarios" data-provider="scenarios" finished-at="2025-04-17T12:23:35 IST" duration-ms="33151" status="PASS">
          <params>
            <param index="0">
              <value>
                <![CDATA["Change user password"]]>
              </value>
            </param>
            <param index="1">
              <value>
                <![CDATA["User Account Management"]]>
              </value>
            </param>
          </params>
          <reporter-output>
          </reporter-output>
        </test-method> <!-- runScenario -->
        <test-method signature="runScenario(io.cucumber.testng.PickleWrapper,io.cucumber.testng.FeatureWrapper)[pri:0, instance:com.runner.RunnerTestNg@58a9760d]" started-at="2025-04-17T12:23:02 IST" name="runScenario" description="Runs Cucumber Scenarios" data-provider="scenarios" finished-at="2025-04-17T12:23:32 IST" duration-ms="29907" status="PASS">
          <params>
            <param index="0">
              <value>
                <![CDATA["Change user password without providing new password"]]>
              </value>
            </param>
            <param index="1">
              <value>
                <![CDATA["User Account Management"]]>
              </value>
            </param>
          </params>
          <reporter-output>
          </reporter-output>
        </test-method> <!-- runScenario -->
        <test-method signature="runScenario(io.cucumber.testng.PickleWrapper,io.cucumber.testng.FeatureWrapper)[pri:0, instance:com.runner.RunnerTestNg@58a9760d]" started-at="2025-04-17T12:23:08 IST" name="runScenario" description="Runs Cucumber Scenarios" data-provider="scenarios" finished-at="2025-04-17T12:23:31 IST" duration-ms="23576" status="PASS">
          <params>
            <param index="0">
              <value>
                <![CDATA["User tries to login with valid credentials"]]>
              </value>
            </param>
            <param index="1">
              <value>
                <![CDATA["Login Functionality"]]>
              </value>
            </param>
          </params>
          <reporter-output>
          </reporter-output>
        </test-method> <!-- runScenario -->
        <test-method signature="runScenario(io.cucumber.testng.PickleWrapper,io.cucumber.testng.FeatureWrapper)[pri:0, instance:com.runner.RunnerTestNg@58a9760d]" started-at="2025-04-17T12:23:11 IST" name="runScenario" description="Runs Cucumber Scenarios" data-provider="scenarios" finished-at="2025-04-17T12:23:30 IST" duration-ms="19412" status="PASS">
          <params>
            <param index="0">
              <value>
                <![CDATA["User tries to login with invalid credentials"]]>
              </value>
            </param>
            <param index="1">
              <value>
                <![CDATA["Login Functionality"]]>
              </value>
            </param>
          </params>
          <reporter-output>
          </reporter-output>
        </test-method> <!-- runScenario -->
        <test-method signature="runScenario(io.cucumber.testng.PickleWrapper,io.cucumber.testng.FeatureWrapper)[pri:0, instance:com.runner.RunnerTestNg@58a9760d]" started-at="2025-04-17T12:23:11 IST" name="runScenario" description="Runs Cucumber Scenarios" data-provider="scenarios" finished-at="2025-04-17T12:23:31 IST" duration-ms="20579" status="PASS">
          <params>
            <param index="0">
              <value>
                <![CDATA["User tries to login with invalid credentials"]]>
              </value>
            </param>
            <param index="1">
              <value>
                <![CDATA["Login Functionality"]]>
              </value>
            </param>
          </params>
          <reporter-output>
          </reporter-output>
        </test-method> <!-- runScenario -->
        <test-method signature="runScenario(io.cucumber.testng.PickleWrapper,io.cucumber.testng.FeatureWrapper)[pri:0, instance:com.runner.RunnerTestNg@58a9760d]" started-at="2025-04-17T12:23:25 IST" name="runScenario" description="Runs Cucumber Scenarios" data-provider="scenarios" finished-at="2025-04-17T12:23:46 IST" duration-ms="20174" status="PASS">
          <params>
            <param index="0">
              <value>
                <![CDATA["User tries to login with invalid credentials"]]>
              </value>
            </param>
            <param index="1">
              <value>
                <![CDATA["Login Functionality"]]>
              </value>
            </param>
          </params>
          <reporter-output>
          </reporter-output>
        </test-method> <!-- runScenario -->
        <test-method signature="runScenario(io.cucumber.testng.PickleWrapper,io.cucumber.testng.FeatureWrapper)[pri:0, instance:com.runner.RunnerTestNg@58a9760d]" started-at="2025-04-17T12:23:29 IST" name="runScenario" description="Runs Cucumber Scenarios" data-provider="scenarios" finished-at="2025-04-17T12:23:52 IST" duration-ms="23154" status="PASS">
          <params>
            <param index="0">
              <value>
                <![CDATA["User tries to login with invalid credentials"]]>
              </value>
            </param>
            <param index="1">
              <value>
                <![CDATA["Login Functionality"]]>
              </value>
            </param>
          </params>
          <reporter-output>
          </reporter-output>
        </test-method> <!-- runScenario -->
        <test-method signature="runScenario(io.cucumber.testng.PickleWrapper,io.cucumber.testng.FeatureWrapper)[pri:0, instance:com.runner.RunnerTestNg@58a9760d]" started-at="2025-04-17T12:23:30 IST" name="runScenario" description="Runs Cucumber Scenarios" data-provider="scenarios" finished-at="2025-04-17T12:24:03 IST" duration-ms="32668" status="PASS">
          <params>
            <param index="0">
              <value>
                <![CDATA["User tries to login with valid credentials and logs out"]]>
              </value>
            </param>
            <param index="1">
              <value>
                <![CDATA["Login Functionality"]]>
              </value>
            </param>
          </params>
          <reporter-output>
          </reporter-output>
        </test-method> <!-- runScenario -->
        <test-method signature="runScenario(io.cucumber.testng.PickleWrapper,io.cucumber.testng.FeatureWrapper)[pri:0, instance:com.runner.RunnerTestNg@58a9760d]" started-at="2025-04-17T12:23:31 IST" name="runScenario" description="Runs Cucumber Scenarios" data-provider="scenarios" finished-at="2025-04-17T12:24:03 IST" duration-ms="31457" status="PASS">
          <params>
            <param index="0">
              <value>
                <![CDATA["Register with valid inputs"]]>
              </value>
            </param>
            <param index="1">
              <value>
                <![CDATA["User Registration Functionality"]]>
              </value>
            </param>
          </params>
          <reporter-output>
          </reporter-output>
        </test-method> <!-- runScenario -->
        <test-method signature="runScenario(io.cucumber.testng.PickleWrapper,io.cucumber.testng.FeatureWrapper)[pri:0, instance:com.runner.RunnerTestNg@58a9760d]" started-at="2025-04-17T12:23:31 IST" name="runScenario" description="Runs Cucumber Scenarios" data-provider="scenarios" finished-at="2025-04-17T12:24:08 IST" duration-ms="36865" status="PASS">
          <params>
            <param index="0">
              <value>
                <![CDATA["Register with valid inputs"]]>
              </value>
            </param>
            <param index="1">
              <value>
                <![CDATA["User Registration Functionality"]]>
              </value>
            </param>
          </params>
          <reporter-output>
          </reporter-output>
        </test-method> <!-- runScenario -->
        <test-method signature="runScenario(io.cucumber.testng.PickleWrapper,io.cucumber.testng.FeatureWrapper)[pri:0, instance:com.runner.RunnerTestNg@58a9760d]" started-at="2025-04-17T12:23:32 IST" name="runScenario" description="Runs Cucumber Scenarios" data-provider="scenarios" finished-at="2025-04-17T12:24:06 IST" duration-ms="34403" status="PASS">
          <params>
            <param index="0">
              <value>
                <![CDATA["Register with invalid inputs"]]>
              </value>
            </param>
            <param index="1">
              <value>
                <![CDATA["User Registration Functionality"]]>
              </value>
            </param>
          </params>
          <reporter-output>
          </reporter-output>
        </test-method> <!-- runScenario -->
        <test-method signature="runScenario(io.cucumber.testng.PickleWrapper,io.cucumber.testng.FeatureWrapper)[pri:0, instance:com.runner.RunnerTestNg@58a9760d]" started-at="2025-04-17T12:23:35 IST" name="runScenario" description="Runs Cucumber Scenarios" data-provider="scenarios" finished-at="2025-04-17T12:24:02 IST" duration-ms="27768" status="PASS">
          <params>
            <param index="0">
              <value>
                <![CDATA["Register with invalid inputs"]]>
              </value>
            </param>
            <param index="1">
              <value>
                <![CDATA["User Registration Functionality"]]>
              </value>
            </param>
          </params>
          <reporter-output>
          </reporter-output>
        </test-method> <!-- runScenario -->
        <test-method signature="runScenario(io.cucumber.testng.PickleWrapper,io.cucumber.testng.FeatureWrapper)[pri:0, instance:com.runner.RunnerTestNg@58a9760d]" started-at="2025-04-17T12:23:35 IST" name="runScenario" description="Runs Cucumber Scenarios" data-provider="scenarios" finished-at="2025-04-17T12:24:03 IST" duration-ms="27998" status="PASS">
          <params>
            <param index="0">
              <value>
                <![CDATA["Register with invalid inputs"]]>
              </value>
            </param>
            <param index="1">
              <value>
                <![CDATA["User Registration Functionality"]]>
              </value>
            </param>
          </params>
          <reporter-output>
          </reporter-output>
        </test-method> <!-- runScenario -->
        <test-method signature="runScenario(io.cucumber.testng.PickleWrapper,io.cucumber.testng.FeatureWrapper)[pri:0, instance:com.runner.RunnerTestNg@58a9760d]" started-at="2025-04-17T12:23:44 IST" name="runScenario" description="Runs Cucumber Scenarios" data-provider="scenarios" finished-at="2025-04-17T12:24:07 IST" duration-ms="23033" status="PASS">
          <params>
            <param index="0">
              <value>
                <![CDATA["Register with invalid inputs"]]>
              </value>
            </param>
            <param index="1">
              <value>
                <![CDATA["User Registration Functionality"]]>
              </value>
            </param>
          </params>
          <reporter-output>
          </reporter-output>
        </test-method> <!-- runScenario -->
        <test-method signature="runScenario(io.cucumber.testng.PickleWrapper,io.cucumber.testng.FeatureWrapper)[pri:0, instance:com.runner.RunnerTestNg@58a9760d]" started-at="2025-04-17T12:23:46 IST" name="runScenario" description="Runs Cucumber Scenarios" data-provider="scenarios" finished-at="2025-04-17T12:24:07 IST" duration-ms="21677" status="PASS">
          <params>
            <param index="0">
              <value>
                <![CDATA["Register with valid inputs  with out checking privacy policy"]]>
              </value>
            </param>
            <param index="1">
              <value>
                <![CDATA["User Registration Functionality"]]>
              </value>
            </param>
          </params>
          <reporter-output>
          </reporter-output>
        </test-method> <!-- runScenario -->
        <test-method is-config="true" signature="tearDownClass()[pri:0, instance:com.runner.RunnerTestNg@58a9760d]" started-at="2025-04-17T12:24:08 IST" name="tearDownClass" finished-at="2025-04-17T12:24:13 IST" duration-ms="4618" status="PASS">
          <reporter-output>
          </reporter-output>
        </test-method> <!-- tearDownClass -->
      </class> <!-- com.runner.RunnerTestNg -->
    </test> <!-- Test -->
  </suite> <!-- Suite -->
</testng-results>
