<?xml version="1.0" encoding="UTF-8"?>
<!-- Generated by org.testng.reporters.JUnitReportReporter -->
<testsuite hostname="Saranya" failures="0" tests="22" name="com.runner.RunnerTestNg" time="1392.691" errors="0" timestamp="2025-05-27T23:10:17 IST" skipped="0">
  <testcase classname="com.runner.RunnerTestNg" name="runScenario" time="42.919"/>
  <testcase classname="com.runner.RunnerTestNg" name="runScenario" time="79.416"/>
  <testcase classname="com.runner.RunnerTestNg" name="runScenario" time="123.656"/>
  <testcase classname="com.runner.RunnerTestNg" name="runScenario" time="99.654"/>
  <testcase classname="com.runner.RunnerTestNg" name="runScenario" time="43.491"/>
  <testcase classname="com.runner.RunnerTestNg" name="runScenario" time="122.333"/>
  <testcase classname="com.runner.RunnerTestNg" name="runScenario" time="127.896"/>
  <testcase classname="com.runner.RunnerTestNg" name="runScenario" time="47.936"/>
  <testcase classname="com.runner.RunnerTestNg" name="runScenario" time="32.260"/>
  <testcase classname="com.runner.RunnerTestNg" name="runScenario" time="33.869"/>
  <testcase classname="com.runner.RunnerTestNg" name="runScenario" time="48.076"/>
  <testcase classname="com.runner.RunnerTestNg" name="runScenario" time="49.595"/>
  <testcase classname="com.runner.RunnerTestNg" name="runScenario" time="129.137"/>
  <testcase classname="com.runner.RunnerTestNg" name="runScenario" time="27.747"/>
  <testcase classname="com.runner.RunnerTestNg" name="runScenario" time="28.530"/>
  <testcase classname="com.runner.RunnerTestNg" name="runScenario" time="25.779"/>
  <testcase classname="com.runner.RunnerTestNg" name="runScenario" time="28.842"/>
  <testcase classname="com.runner.RunnerTestNg" name="runScenario" time="101.648"/>
  <testcase classname="com.runner.RunnerTestNg" name="runScenario" time="29.315"/>
  <testcase classname="com.runner.RunnerTestNg" name="runScenario" time="47.166"/>
  <testcase classname="com.runner.RunnerTestNg" name="runScenario" time="25.519"/>
  <testcase classname="com.runner.RunnerTestNg" name="runScenario" time="97.907"/>
</testsuite> <!-- com.runner.RunnerTestNg -->
