<?xml version="1.0" encoding="UTF-8"?>
<!-- Generated by org.testng.reporters.JUnitReportReporter -->
<testsuite hostname="Saranya" failures="1" tests="44" name="com.runner.RunnerTestNg" time="796.121" errors="0" timestamp="2025-04-16T19:14:44 IST" skipped="0">
  <testcase classname="com.runner.RunnerTestNg" name="runScenario" time="11.745"/>
  <testcase classname="com.runner.RunnerTestNg" name="runScenario" time="14.199"/>
  <testcase classname="com.runner.RunnerTestNg" name="runScenario" time="51.193"/>
  <testcase classname="com.runner.RunnerTestNg" name="runScenario" time="16.955"/>
  <testcase classname="com.runner.RunnerTestNg" name="runScenario" time="16.347"/>
  <testcase classname="com.runner.RunnerTestNg" name="runScenario" time="18.296"/>
  <testcase classname="com.runner.RunnerTestNg" name="runScenario" time="17.225"/>
  <testcase classname="com.runner.RunnerTestNg" name="runScenario" time="10.689"/>
  <testcase classname="com.runner.RunnerTestNg" name="runScenario" time="14.292"/>
  <testcase classname="com.runner.RunnerTestNg" name="runScenario" time="13.656"/>
  <testcase classname="com.runner.RunnerTestNg" name="runScenario" time="15.036"/>
  <testcase classname="com.runner.RunnerTestNg" name="runScenario" time="8.282"/>
  <testcase classname="com.runner.RunnerTestNg" name="runScenario" time="10.469"/>
  <testcase classname="com.runner.RunnerTestNg" name="runScenario" time="51.161"/>
  <testcase classname="com.runner.RunnerTestNg" name="runScenario" time="8.795"/>
  <testcase classname="com.runner.RunnerTestNg" name="runScenario" time="16.883"/>
  <testcase classname="com.runner.RunnerTestNg" name="runScenario" time="16.841"/>
  <testcase classname="com.runner.RunnerTestNg" name="runScenario" time="17.603"/>
  <testcase classname="com.runner.RunnerTestNg" name="runScenario" time="20.200"/>
  <testcase classname="com.runner.RunnerTestNg" name="runScenario" time="33.632"/>
  <testcase classname="com.runner.RunnerTestNg" name="runScenario" time="9.260"/>
  <testcase classname="com.runner.RunnerTestNg" name="runScenario" time="15.286"/>
  <testcase classname="com.runner.RunnerTestNg" name="runScenario" time="13.879"/>
  <testcase classname="com.runner.RunnerTestNg" name="runScenario" time="44.680"/>
  <testcase classname="com.runner.RunnerTestNg" name="runScenario" time="21.573"/>
  <testcase classname="com.runner.RunnerTestNg" name="runScenario" time="24.431">
    <failure message="expected [true] but found [false]" type="java.lang.AssertionError">
      <![CDATA[java.lang.AssertionError: expected [true] but found [false]
at org.testng.Assert.fail(Assert.java:111)
at org.testng.Assert.failNotEquals(Assert.java:1590)
at org.testng.Assert.assertTrue(Assert.java:57)
at org.testng.Assert.assertTrue(Assert.java:67)
at com.definitions.UserAccountDefinition.user_should_see_success_message(UserAccountDefinition.java:70)
at ✽.user should see "Success: You have modified your wish list!"(file:///C:/Users/saran/git/SeleniumFinalCucumber/ecommerce-lambdatest-bd/src/test/resources/com/features/UserAccountManagement.feature:25)
]]>
    </failure>
  </testcase> <!-- runScenario -->
  <testcase classname="com.runner.RunnerTestNg" name="runScenario" time="13.014"/>
  <testcase classname="com.runner.RunnerTestNg" name="runScenario" time="21.016"/>
  <testcase classname="com.runner.RunnerTestNg" name="runScenario" time="15.906"/>
  <testcase classname="com.runner.RunnerTestNg" name="runScenario" time="8.857"/>
  <testcase classname="com.runner.RunnerTestNg" name="runScenario" time="17.346"/>
  <testcase classname="com.runner.RunnerTestNg" name="runScenario" time="16.523"/>
  <testcase classname="com.runner.RunnerTestNg" name="runScenario" time="11.514"/>
  <testcase classname="com.runner.RunnerTestNg" name="runScenario" time="15.186"/>
  <testcase classname="com.runner.RunnerTestNg" name="runScenario" time="16.410"/>
  <testcase classname="com.runner.RunnerTestNg" name="runScenario" time="13.824"/>
  <testcase classname="com.runner.RunnerTestNg" name="runScenario" time="16.544"/>
  <testcase classname="com.runner.RunnerTestNg" name="runScenario" time="43.337"/>
  <testcase classname="com.runner.RunnerTestNg" name="runScenario" time="11.743"/>
  <testcase classname="com.runner.RunnerTestNg" name="runScenario" time="10.004"/>
  <testcase classname="com.runner.RunnerTestNg" name="runScenario" time="10.886"/>
  <testcase classname="com.runner.RunnerTestNg" name="runScenario" time="12.589"/>
  <testcase classname="com.runner.RunnerTestNg" name="runScenario" time="18.738"/>
  <testcase classname="com.runner.RunnerTestNg" name="runScenario" time="10.076"/>
</testsuite> <!-- com.runner.RunnerTestNg -->
