<?xml version="1.0" encoding="UTF-8"?>
<!-- Generated by org.testng.reporters.JUnitReportReporter -->
<testsuite hostname="Saranya" failures="1" tests="11" name="com.runner.RunnerTestNg" time="225.572" errors="0" timestamp="2025-04-12T11:31:28 IST" skipped="0">
  <testcase classname="com.runner.RunnerTestNg" name="runScenario" time="21.892"/>
  <testcase classname="com.runner.RunnerTestNg" name="runScenario" time="13.608"/>
  <testcase classname="com.runner.RunnerTestNg" name="runScenario" time="20.958"/>
  <testcase classname="com.runner.RunnerTestNg" name="runScenario" time="22.458"/>
  <testcase classname="com.runner.RunnerTestNg" name="runScenario" time="20.394"/>
  <testcase classname="com.runner.RunnerTestNg" name="runScenario" time="22.346"/>
  <testcase classname="com.runner.RunnerTestNg" name="runScenario" time="18.715"/>
  <testcase classname="com.runner.RunnerTestNg" name="runScenario" time="19.040"/>
  <testcase classname="com.runner.RunnerTestNg" name="runScenario" time="22.122"/>
  <testcase classname="com.runner.RunnerTestNg" name="runScenario" time="22.570">
    <failure message="expected:&lt;[Register Account]&gt; but was:&lt;[Your Account Has Been Created!]&gt;" type="org.junit.ComparisonFailure">
      <![CDATA[org.junit.ComparisonFailure: expected:<[Register Account]> but was:<[Your Account Has Been Created!]>
at org.junit.Assert.assertEquals(Assert.java:117)
at org.junit.Assert.assertEquals(Assert.java:146)
at com.definitions.UserRegistrationDefinition.the_user_should_see(UserRegistrationDefinition.java:65)
at ✽.the user should see "Your Account Has Been Created!"(file:///C:/Users/saran/git/SeleniumFinalCucumber/ecommerce-lambdatest-bd/src/test/resources/com/features/UserRegistration.feature:16)
]]>
    </failure>
  </testcase> <!-- runScenario -->
  <testcase classname="com.runner.RunnerTestNg" name="runScenario" time="21.469"/>
</testsuite> <!-- com.runner.RunnerTestNg -->
