<?xml version="1.0" encoding="UTF-8"?>
<!-- Generated by org.testng.reporters.JUnitReportReporter -->
<testsuite hostname="Saranya" failures="0" tests="54" name="com.runner.RunnerTestNg" time="2879.485" errors="3" timestamp="2025-04-28T23:27:13 IST" skipped="0">
  <testcase classname="com.runner.RunnerTestNg" name="runScenario" time="65.920"/>
  <testcase classname="com.runner.RunnerTestNg" name="runScenario" time="17.603"/>
  <testcase classname="com.runner.RunnerTestNg" name="runScenario" time="28.227">
    <error message="Expected condition failed: waiting for visibility of Proxy element for: DefaultElementLocator &#039;By.xpath: //input[@placeholder=&#039;Search&#039; or @name=&#039;search&#039;]&#039; (tried for 10 second(s) with 500 milliseconds interval)" type="org.openqa.selenium.TimeoutException">
      <![CDATA[org.openqa.selenium.TimeoutException: Expected condition failed: waiting for visibility of Proxy element for: DefaultElementLocator 'By.xpath: //input[@placeholder='Search' or @name='search']' (tried for 10 second(s) with 500 milliseconds interval)
at org.openqa.selenium.support.ui.WebDriverWait.timeoutException(WebDriverWait.java:84)
at org.openqa.selenium.support.ui.FluentWait.until(FluentWait.java:228)
at com.actions.SearchAction.enterSearchTerm(SearchAction.java:65)
at com.definitions.SearchDefinition.performSearch(SearchDefinition.java:106)
at com.definitions.SearchDefinition.search_with_indented_input(SearchDefinition.java:96)
at ✽.the user searches with indented input from excel(file:///C:/Users/saran/git/SeleniumFinalCucumber/ecommerce-lambdatest-bd/src/test/resources/com/features/Search.feature:23)
Caused by: org.openqa.selenium.NoSuchElementException: no such element: Unable to locate element: {"method":"xpath","selector":"//input[@placeholder='Search' or @name='search']"}
  (Session info: chrome=135.0.7049.115)
For documentation on this error, please visit: https://www.selenium.dev/documentation/webdriver/troubleshooting/errors#no-such-element-exception
Build info: version: '4.31.0', revision: '1ef9f18787*'
System info: os.name: 'Windows 11', os.arch: 'amd64', os.version: '10.0', java.version: '21.0.6'
Driver info: org.openqa.selenium.chrome.ChromeDriver
Command: [b0f1fac1dbba3e6351afabfcaf84431a, findElement {using=xpath, value=//input[@placeholder='Search' or @name='search']}]
Capabilities {acceptInsecureCerts: false, browserName: chrome, browserVersion: 135.0.7049.115, chrome: {chromedriverVersion: 135.0.7049.114 (63fd8a7d9d0..., userDataDir: C:\Users\saran\AppData\Loca...}, fedcm:accounts: true, goog:chromeOptions: {debuggerAddress: localhost:56547}, networkConnectionEnabled: false, pageLoadStrategy: normal, platformName: windows, proxy: Proxy(), se:cdp: ws://localhost:56547/devtoo..., se:cdpVersion: 135.0.7049.115, setWindowRect: true, strictFileInteractability: false, timeouts: {implicit: 0, pageLoad: 300000, script: 30000}, unhandledPromptBehavior: dismiss and notify, webauthn:extension:credBlob: true, webauthn:extension:largeBlob: true, webauthn:extension:minPinLength: true, webauthn:extension:prf: true, webauthn:virtualAuthenticators: true}
Session ID: b0f1fac1dbba3e6351afabfcaf84431a
at java.base/jdk.internal.reflect.DirectConstructorHandleAccessor.newInstance(DirectConstructorHandleAccessor.java:62)
at java.base/java.lang.reflect.Constructor.newInstanceWithCaller(Constructor.java:502)
at java.base/java.lang.reflect.Constructor.newInstance(Constructor.java:486)
at org.openqa.selenium.remote.ErrorCodec.decode(ErrorCodec.java:167)
at org.openqa.selenium.remote.codec.w3c.W3CHttpResponseCodec.decode(W3CHttpResponseCodec.java:138)
at org.openqa.selenium.remote.codec.w3c.W3CHttpResponseCodec.decode(W3CHttpResponseCodec.java:50)
at org.openqa.selenium.remote.HttpCommandExecutor.execute(HttpCommandExecutor.java:215)
at org.openqa.selenium.remote.service.DriverCommandExecutor.invokeExecute(DriverCommandExecutor.java:216)
at org.openqa.selenium.remote.service.DriverCommandExecutor.execute(DriverCommandExecutor.java:174)
at org.openqa.selenium.remote.RemoteWebDriver.execute(RemoteWebDriver.java:545)
at org.openqa.selenium.remote.ElementLocation$ElementFinder$2.findElement(ElementLocation.java:165)
at org.openqa.selenium.remote.ElementLocation.findElement(ElementLocation.java:59)
at org.openqa.selenium.remote.RemoteWebDriver.findElement(RemoteWebDriver.java:368)
at org.openqa.selenium.remote.RemoteWebDriver.findElement(RemoteWebDriver.java:362)
at org.openqa.selenium.support.pagefactory.DefaultElementLocator.findElement(DefaultElementLocator.java:68)
at org.openqa.selenium.support.pagefactory.internal.LocatingElementHandler.invoke(LocatingElementHandler.java:38)
at jdk.proxy2/jdk.proxy2.$Proxy60.isDisplayed(Unknown Source)
at org.openqa.selenium.support.ui.ExpectedConditions.elementIfVisible(ExpectedConditions.java:304)
at org.openqa.selenium.support.ui.ExpectedConditions$10.apply(ExpectedConditions.java:290)
at org.openqa.selenium.support.ui.ExpectedConditions$10.apply(ExpectedConditions.java:287)
at org.openqa.selenium.support.ui.FluentWait.until(FluentWait.java:203)
... 4 more
]]>
    </error>
  </testcase> <!-- runScenario -->
  <testcase classname="com.runner.RunnerTestNg" name="runScenario" time="55.277"/>
  <testcase classname="com.runner.RunnerTestNg" name="runScenario" time="74.291"/>
  <testcase classname="com.runner.RunnerTestNg" name="runScenario" time="26.183"/>
  <testcase classname="com.runner.RunnerTestNg" name="runScenario" time="121.669"/>
  <testcase classname="com.runner.RunnerTestNg" name="runScenario" time="68.081"/>
  <testcase classname="com.runner.RunnerTestNg" name="runScenario" time="92.634"/>
  <testcase classname="com.runner.RunnerTestNg" name="runScenario" time="25.685"/>
  <testcase classname="com.runner.RunnerTestNg" name="runScenario" time="29.241"/>
  <testcase classname="com.runner.RunnerTestNg" name="runScenario" time="21.166"/>
  <testcase classname="com.runner.RunnerTestNg" name="runScenario" time="9.923"/>
  <testcase classname="com.runner.RunnerTestNg" name="runScenario" time="16.435"/>
  <testcase classname="com.runner.RunnerTestNg" name="runScenario" time="18.091"/>
  <testcase classname="com.runner.RunnerTestNg" name="runScenario" time="20.763"/>
  <testcase classname="com.runner.RunnerTestNg" name="runScenario" time="36.149"/>
  <testcase classname="com.runner.RunnerTestNg" name="runScenario" time="34.710"/>
  <testcase classname="com.runner.RunnerTestNg" name="runScenario" time="15.855"/>
  <testcase classname="com.runner.RunnerTestNg" name="runScenario" time="144.800"/>
  <testcase classname="com.runner.RunnerTestNg" name="runScenario" time="39.832"/>
  <testcase classname="com.runner.RunnerTestNg" name="runScenario" time="107.850"/>
  <testcase classname="com.runner.RunnerTestNg" name="runScenario" time="77.797"/>
  <testcase classname="com.runner.RunnerTestNg" name="runScenario" time="109.458"/>
  <testcase classname="com.runner.RunnerTestNg" name="runScenario" time="85.095"/>
  <testcase classname="com.runner.RunnerTestNg" name="runScenario" time="107.720"/>
  <testcase classname="com.runner.RunnerTestNg" name="runScenario" time="79.445"/>
  <testcase classname="com.runner.RunnerTestNg" name="runScenario" time="77.053"/>
  <testcase classname="com.runner.RunnerTestNg" name="runScenario" time="31.041"/>
  <testcase classname="com.runner.RunnerTestNg" name="runScenario" time="97.770"/>
  <testcase classname="com.runner.RunnerTestNg" name="runScenario" time="22.902"/>
  <testcase classname="com.runner.RunnerTestNg" name="runScenario" time="65.502"/>
  <testcase classname="com.runner.RunnerTestNg" name="runScenario" time="16.133"/>
  <testcase classname="com.runner.RunnerTestNg" name="runScenario" time="30.558"/>
  <testcase classname="com.runner.RunnerTestNg" name="runScenario" time="39.029"/>
  <testcase classname="com.runner.RunnerTestNg" name="runScenario" time="18.383"/>
  <testcase classname="com.runner.RunnerTestNg" name="runScenario" time="86.867"/>
  <testcase classname="com.runner.RunnerTestNg" name="runScenario" time="77.315"/>
  <testcase classname="com.runner.RunnerTestNg" name="runScenario" time="22.341"/>
  <testcase classname="com.runner.RunnerTestNg" name="runScenario" time="15.449">
    <error message="no such element: Unable to locate element: {&quot;method&quot;:&quot;xpath&quot;,&quot;selector&quot;:&quot;(//div[@id=&#039;widget-navbar-217834&#039;]//li[@class=&#039;nav-item dropdown dropdown-hoverable&#039;]//descendant::a)[5]&quot;}
  (Session info: chrome=135.0.7049.115)
For documentation on this error, please visit: https://www.selenium.dev/documentation/webdriver/troubleshooting/errors#no-such-element-exception
Build info: version: &#039;4.31.0&#039;, revision: &#039;1ef9f18787*&#039;
System info: os.name: &#039;Windows 11&#039;, os.arch: &#039;amd64&#039;, os.version: &#039;10.0&#039;, java.version: &#039;21.0.6&#039;
Driver info: org.openqa.selenium.chrome.ChromeDriver
Command: [691acce987328909308822b822a02530, findElement {using=xpath, value=(//div[@id=&#039;widget-navbar-217834&#039;]//li[@class=&#039;nav-item dropdown dropdown-hoverable&#039;]//descendant::a)[5]}]
Capabilities {acceptInsecureCerts: false, browserName: chrome, browserVersion: 135.0.7049.115, chrome: {chromedriverVersion: 135.0.7049.114 (63fd8a7d9d0..., userDataDir: C:\Users\saran\AppData\Loca...}, fedcm:accounts: true, goog:chromeOptions: {debuggerAddress: localhost:57225}, networkConnectionEnabled: false, pageLoadStrategy: normal, platformName: windows, proxy: Proxy(), se:cdp: ws://localhost:57225/devtoo..., se:cdpVersion: 135.0.7049.115, setWindowRect: true, strictFileInteractability: false, timeouts: {implicit: 0, pageLoad: 300000, script: 30000}, unhandledPromptBehavior: dismiss and notify, webauthn:extension:credBlob: true, webauthn:extension:largeBlob: true, webauthn:extension:minPinLength: true, webauthn:extension:prf: true, webauthn:virtualAuthenticators: true}
Session ID: 691acce987328909308822b822a02530" type="org.openqa.selenium.NoSuchElementException">
      <![CDATA[org.openqa.selenium.NoSuchElementException: no such element: Unable to locate element: {"method":"xpath","selector":"(//div[@id='widget-navbar-217834']//li[@class='nav-item dropdown dropdown-hoverable']//descendant::a)[5]"}
  (Session info: chrome=135.0.7049.115)
For documentation on this error, please visit: https://www.selenium.dev/documentation/webdriver/troubleshooting/errors#no-such-element-exception
Build info: version: '4.31.0', revision: '1ef9f18787*'
System info: os.name: 'Windows 11', os.arch: 'amd64', os.version: '10.0', java.version: '21.0.6'
Driver info: org.openqa.selenium.chrome.ChromeDriver
Command: [691acce987328909308822b822a02530, findElement {using=xpath, value=(//div[@id='widget-navbar-217834']//li[@class='nav-item dropdown dropdown-hoverable']//descendant::a)[5]}]
Capabilities {acceptInsecureCerts: false, browserName: chrome, browserVersion: 135.0.7049.115, chrome: {chromedriverVersion: 135.0.7049.114 (63fd8a7d9d0..., userDataDir: C:\Users\saran\AppData\Loca...}, fedcm:accounts: true, goog:chromeOptions: {debuggerAddress: localhost:57225}, networkConnectionEnabled: false, pageLoadStrategy: normal, platformName: windows, proxy: Proxy(), se:cdp: ws://localhost:57225/devtoo..., se:cdpVersion: 135.0.7049.115, setWindowRect: true, strictFileInteractability: false, timeouts: {implicit: 0, pageLoad: 300000, script: 30000}, unhandledPromptBehavior: dismiss and notify, webauthn:extension:credBlob: true, webauthn:extension:largeBlob: true, webauthn:extension:minPinLength: true, webauthn:extension:prf: true, webauthn:virtualAuthenticators: true}
Session ID: 691acce987328909308822b822a02530
at java.base/jdk.internal.reflect.DirectConstructorHandleAccessor.newInstance(DirectConstructorHandleAccessor.java:62)
at java.base/java.lang.reflect.Constructor.newInstanceWithCaller(Constructor.java:502)
at java.base/java.lang.reflect.Constructor.newInstance(Constructor.java:486)
at org.openqa.selenium.remote.ErrorCodec.decode(ErrorCodec.java:167)
at org.openqa.selenium.remote.codec.w3c.W3CHttpResponseCodec.decode(W3CHttpResponseCodec.java:138)
at org.openqa.selenium.remote.codec.w3c.W3CHttpResponseCodec.decode(W3CHttpResponseCodec.java:50)
at org.openqa.selenium.remote.HttpCommandExecutor.execute(HttpCommandExecutor.java:215)
at org.openqa.selenium.remote.service.DriverCommandExecutor.invokeExecute(DriverCommandExecutor.java:216)
at org.openqa.selenium.remote.service.DriverCommandExecutor.execute(DriverCommandExecutor.java:174)
at org.openqa.selenium.remote.RemoteWebDriver.execute(RemoteWebDriver.java:545)
at org.openqa.selenium.remote.ElementLocation$ElementFinder$2.findElement(ElementLocation.java:165)
at org.openqa.selenium.remote.ElementLocation.findElement(ElementLocation.java:59)
at org.openqa.selenium.remote.RemoteWebDriver.findElement(RemoteWebDriver.java:368)
at org.openqa.selenium.remote.RemoteWebDriver.findElement(RemoteWebDriver.java:362)
at org.openqa.selenium.support.pagefactory.DefaultElementLocator.findElement(DefaultElementLocator.java:68)
at org.openqa.selenium.support.pagefactory.internal.LocatingElementHandler.invoke(LocatingElementHandler.java:38)
at jdk.proxy2/jdk.proxy2.$Proxy60.click(Unknown Source)
at com.actions.UserLoginAction.clickMyAccounts(UserLoginAction.java:39)
at com.definitions.UserLoginDefinition.the_user_clicks_on_my_account(UserLoginDefinition.java:16)
at ✽.the user clicks on My Account(file:///C:/Users/saran/git/SeleniumFinalCucumber/ecommerce-lambdatest-bd/src/test/resources/com/features/UserAccountManagement.feature:5)
]]>
    </error>
  </testcase> <!-- runScenario -->
  <testcase classname="com.runner.RunnerTestNg" name="runScenario" time="94.184"/>
  <testcase classname="com.runner.RunnerTestNg" name="runScenario" time="15.513">
    <error message="no such element: Unable to locate element: {&quot;method&quot;:&quot;xpath&quot;,&quot;selector&quot;:&quot;(//div[@id=&#039;widget-navbar-217834&#039;]//li[@class=&#039;nav-item dropdown dropdown-hoverable&#039;]//descendant::a)[5]&quot;}
  (Session info: chrome=135.0.7049.115)
For documentation on this error, please visit: https://www.selenium.dev/documentation/webdriver/troubleshooting/errors#no-such-element-exception
Build info: version: &#039;4.31.0&#039;, revision: &#039;1ef9f18787*&#039;
System info: os.name: &#039;Windows 11&#039;, os.arch: &#039;amd64&#039;, os.version: &#039;10.0&#039;, java.version: &#039;21.0.6&#039;
Driver info: org.openqa.selenium.chrome.ChromeDriver
Command: [191b4e36f3092d1fca9016d735591f2e, findElement {using=xpath, value=(//div[@id=&#039;widget-navbar-217834&#039;]//li[@class=&#039;nav-item dropdown dropdown-hoverable&#039;]//descendant::a)[5]}]
Capabilities {acceptInsecureCerts: false, browserName: chrome, browserVersion: 135.0.7049.115, chrome: {chromedriverVersion: 135.0.7049.114 (63fd8a7d9d0..., userDataDir: C:\Users\saran\AppData\Loca...}, fedcm:accounts: true, goog:chromeOptions: {debuggerAddress: localhost:56862}, networkConnectionEnabled: false, pageLoadStrategy: normal, platformName: windows, proxy: Proxy(), se:cdp: ws://localhost:56862/devtoo..., se:cdpVersion: 135.0.7049.115, setWindowRect: true, strictFileInteractability: false, timeouts: {implicit: 0, pageLoad: 300000, script: 30000}, unhandledPromptBehavior: dismiss and notify, webauthn:extension:credBlob: true, webauthn:extension:largeBlob: true, webauthn:extension:minPinLength: true, webauthn:extension:prf: true, webauthn:virtualAuthenticators: true}
Session ID: 191b4e36f3092d1fca9016d735591f2e" type="org.openqa.selenium.NoSuchElementException">
      <![CDATA[org.openqa.selenium.NoSuchElementException: no such element: Unable to locate element: {"method":"xpath","selector":"(//div[@id='widget-navbar-217834']//li[@class='nav-item dropdown dropdown-hoverable']//descendant::a)[5]"}
  (Session info: chrome=135.0.7049.115)
For documentation on this error, please visit: https://www.selenium.dev/documentation/webdriver/troubleshooting/errors#no-such-element-exception
Build info: version: '4.31.0', revision: '1ef9f18787*'
System info: os.name: 'Windows 11', os.arch: 'amd64', os.version: '10.0', java.version: '21.0.6'
Driver info: org.openqa.selenium.chrome.ChromeDriver
Command: [191b4e36f3092d1fca9016d735591f2e, findElement {using=xpath, value=(//div[@id='widget-navbar-217834']//li[@class='nav-item dropdown dropdown-hoverable']//descendant::a)[5]}]
Capabilities {acceptInsecureCerts: false, browserName: chrome, browserVersion: 135.0.7049.115, chrome: {chromedriverVersion: 135.0.7049.114 (63fd8a7d9d0..., userDataDir: C:\Users\saran\AppData\Loca...}, fedcm:accounts: true, goog:chromeOptions: {debuggerAddress: localhost:56862}, networkConnectionEnabled: false, pageLoadStrategy: normal, platformName: windows, proxy: Proxy(), se:cdp: ws://localhost:56862/devtoo..., se:cdpVersion: 135.0.7049.115, setWindowRect: true, strictFileInteractability: false, timeouts: {implicit: 0, pageLoad: 300000, script: 30000}, unhandledPromptBehavior: dismiss and notify, webauthn:extension:credBlob: true, webauthn:extension:largeBlob: true, webauthn:extension:minPinLength: true, webauthn:extension:prf: true, webauthn:virtualAuthenticators: true}
Session ID: 191b4e36f3092d1fca9016d735591f2e
at java.base/jdk.internal.reflect.DirectConstructorHandleAccessor.newInstance(DirectConstructorHandleAccessor.java:62)
at java.base/java.lang.reflect.Constructor.newInstanceWithCaller(Constructor.java:502)
at java.base/java.lang.reflect.Constructor.newInstance(Constructor.java:486)
at org.openqa.selenium.remote.ErrorCodec.decode(ErrorCodec.java:167)
at org.openqa.selenium.remote.codec.w3c.W3CHttpResponseCodec.decode(W3CHttpResponseCodec.java:138)
at org.openqa.selenium.remote.codec.w3c.W3CHttpResponseCodec.decode(W3CHttpResponseCodec.java:50)
at org.openqa.selenium.remote.HttpCommandExecutor.execute(HttpCommandExecutor.java:215)
at org.openqa.selenium.remote.service.DriverCommandExecutor.invokeExecute(DriverCommandExecutor.java:216)
at org.openqa.selenium.remote.service.DriverCommandExecutor.execute(DriverCommandExecutor.java:174)
at org.openqa.selenium.remote.RemoteWebDriver.execute(RemoteWebDriver.java:545)
at org.openqa.selenium.remote.ElementLocation$ElementFinder$2.findElement(ElementLocation.java:165)
at org.openqa.selenium.remote.ElementLocation.findElement(ElementLocation.java:59)
at org.openqa.selenium.remote.RemoteWebDriver.findElement(RemoteWebDriver.java:368)
at org.openqa.selenium.remote.RemoteWebDriver.findElement(RemoteWebDriver.java:362)
at org.openqa.selenium.support.pagefactory.DefaultElementLocator.findElement(DefaultElementLocator.java:68)
at org.openqa.selenium.support.pagefactory.internal.LocatingElementHandler.invoke(LocatingElementHandler.java:38)
at jdk.proxy2/jdk.proxy2.$Proxy60.click(Unknown Source)
at com.actions.UserLoginAction.clickMyAccounts(UserLoginAction.java:39)
at com.definitions.UserLoginDefinition.the_user_clicks_on_my_account(UserLoginDefinition.java:16)
at ✽.the user clicks on My Account(file:///C:/Users/saran/git/SeleniumFinalCucumber/ecommerce-lambdatest-bd/src/test/resources/com/features/UserAccountManagement.feature:5)
]]>
    </error>
  </testcase> <!-- runScenario -->
  <testcase classname="com.runner.RunnerTestNg" name="runScenario" time="75.828"/>
  <testcase classname="com.runner.RunnerTestNg" name="runScenario" time="77.791"/>
  <testcase classname="com.runner.RunnerTestNg" name="runScenario" time="23.348"/>
  <testcase classname="com.runner.RunnerTestNg" name="runScenario" time="55.524"/>
  <testcase classname="com.runner.RunnerTestNg" name="runScenario" time="27.883"/>
  <testcase classname="com.runner.RunnerTestNg" name="runScenario" time="19.493"/>
  <testcase classname="com.runner.RunnerTestNg" name="runScenario" time="113.206"/>
  <testcase classname="com.runner.RunnerTestNg" name="runScenario" time="18.083"/>
  <testcase classname="com.runner.RunnerTestNg" name="runScenario" time="22.774"/>
  <testcase classname="com.runner.RunnerTestNg" name="runScenario" time="83.306"/>
  <testcase classname="com.runner.RunnerTestNg" name="runScenario" time="88.496"/>
  <testcase classname="com.runner.RunnerTestNg" name="runScenario" time="33.813"/>
</testsuite> <!-- com.runner.RunnerTestNg -->
