<?xml version="1.0" encoding="UTF-8"?>
<!-- Generated by org.testng.reporters.JUnitReportReporter -->
<testsuite hostname="Saranya" failures="0" tests="20" name="com.runner.RunnerTestNg" time="949.493" errors="1" timestamp="2025-05-05T16:10:34 IST" skipped="0">
  <testcase classname="com.runner.RunnerTestNg" name="runScenario" time="22.683"/>
  <testcase classname="com.runner.RunnerTestNg" name="runScenario" time="22.268"/>
  <testcase classname="com.runner.RunnerTestNg" name="runScenario" time="17.144"/>
  <testcase classname="com.runner.RunnerTestNg" name="runScenario" time="47.191"/>
  <testcase classname="com.runner.RunnerTestNg" name="runScenario" time="16.977"/>
  <testcase classname="com.runner.RunnerTestNg" name="runScenario" time="26.150"/>
  <testcase classname="com.runner.RunnerTestNg" name="runScenario" time="52.538"/>
  <testcase classname="com.runner.RunnerTestNg" name="runScenario" time="102.907"/>
  <testcase classname="com.runner.RunnerTestNg" name="runScenario" time="52.473"/>
  <testcase classname="com.runner.RunnerTestNg" name="runScenario" time="19.214"/>
  <testcase classname="com.runner.RunnerTestNg" name="runScenario" time="41.025"/>
  <testcase classname="com.runner.RunnerTestNg" name="runScenario" time="20.247"/>
  <testcase classname="com.runner.RunnerTestNg" name="runScenario" time="98.305"/>
  <testcase classname="com.runner.RunnerTestNg" name="runScenario" time="17.980"/>
  <testcase classname="com.runner.RunnerTestNg" name="runScenario" time="20.274"/>
  <testcase classname="com.runner.RunnerTestNg" name="runScenario" time="85.029">
    <error message="Expected condition failed: waiting for visibility of [[ChromeDriver: chrome on windows (d7cb9d586aa7146de7314be76371ae83)] -&gt; xpath: //*[@id=&#039;form-checkout&#039;]/div/div[2]/div/div[4]/label] (tried for 10 second(s) with 500 milliseconds interval)
Build info: version: &#039;4.31.0&#039;, revision: &#039;1ef9f18787*&#039;
System info: os.name: &#039;Windows 11&#039;, os.arch: &#039;amd64&#039;, os.version: &#039;10.0&#039;, java.version: &#039;21.0.6&#039;
Driver info: org.openqa.selenium.chrome.ChromeDriver
Capabilities {acceptInsecureCerts: false, browserName: chrome, browserVersion: 136.0.7103.48, chrome: {chromedriverVersion: 136.0.7103.49 (031848bc6ad0..., userDataDir: C:\Users\saran\AppData\Loca...}, fedcm:accounts: true, goog:chromeOptions: {debuggerAddress: localhost:49836}, networkConnectionEnabled: false, pageLoadStrategy: normal, platformName: windows, proxy: Proxy(), se:cdp: ws://localhost:49836/devtoo..., se:cdpVersion: 136.0.7103.48, setWindowRect: true, strictFileInteractability: false, timeouts: {implicit: 0, pageLoad: 300000, script: 30000}, unhandledPromptBehavior: dismiss and notify, webauthn:extension:credBlob: true, webauthn:extension:largeBlob: true, webauthn:extension:minPinLength: true, webauthn:extension:prf: true, webauthn:virtualAuthenticators: true}
Session ID: d7cb9d586aa7146de7314be76371ae83" type="org.openqa.selenium.TimeoutException">
      <![CDATA[org.openqa.selenium.TimeoutException: Expected condition failed: waiting for visibility of [[ChromeDriver: chrome on windows (d7cb9d586aa7146de7314be76371ae83)] -> xpath: //*[@id='form-checkout']/div/div[2]/div/div[4]/label] (tried for 10 second(s) with 500 milliseconds interval)
Build info: version: '4.31.0', revision: '1ef9f18787*'
System info: os.name: 'Windows 11', os.arch: 'amd64', os.version: '10.0', java.version: '21.0.6'
Driver info: org.openqa.selenium.chrome.ChromeDriver
Capabilities {acceptInsecureCerts: false, browserName: chrome, browserVersion: 136.0.7103.48, chrome: {chromedriverVersion: 136.0.7103.49 (031848bc6ad0..., userDataDir: C:\Users\saran\AppData\Loca...}, fedcm:accounts: true, goog:chromeOptions: {debuggerAddress: localhost:49836}, networkConnectionEnabled: false, pageLoadStrategy: normal, platformName: windows, proxy: Proxy(), se:cdp: ws://localhost:49836/devtoo..., se:cdpVersion: 136.0.7103.48, setWindowRect: true, strictFileInteractability: false, timeouts: {implicit: 0, pageLoad: 300000, script: 30000}, unhandledPromptBehavior: dismiss and notify, webauthn:extension:credBlob: true, webauthn:extension:largeBlob: true, webauthn:extension:minPinLength: true, webauthn:extension:prf: true, webauthn:virtualAuthenticators: true}
Session ID: d7cb9d586aa7146de7314be76371ae83
at org.openqa.selenium.support.ui.WebDriverWait.timeoutException(WebDriverWait.java:84)
at org.openqa.selenium.support.ui.FluentWait.until(FluentWait.java:228)
at com.actions.CheckOutAction.acceptGuestTermsCondition(CheckOutAction.java:92)
at com.definitions.CheckoutDefinition.the_user_accepts_the_terms_and_condition(CheckoutDefinition.java:61)
at ✽.the user accepts the terms and condition(file:///C:/Users/saran/git/SeleniumFinalCucumber/ecommerce-lambdatest-bd/src/test/resources/com/features/ProductCheckOut.feature:24)
]]>
    </error>
  </testcase>
  <testcase classname="com.runner.RunnerTestNg" name="runScenario" time="52.769"/>
  <testcase classname="com.runner.RunnerTestNg" name="runScenario" time="46.760"/>
  <testcase classname="com.runner.RunnerTestNg" name="runScenario" time="92.674"/>
  <testcase classname="com.runner.RunnerTestNg" name="runScenario" time="94.885"/>
</testsuite> <!-- com.runner.RunnerTestNg -->
