<?xml version="1.0" encoding="UTF-8"?>
<!-- Generated by org.testng.reporters.JUnitReportReporter -->
<testsuite hostname="Saranya" failures="1" tests="48" name="com.runner.RunnerTestNg" time="2209.138" errors="0" timestamp="2025-04-17T09:18:07 IST" skipped="0">
  <testcase classname="com.runner.RunnerTestNg" name="runScenario" time="16.196"/>
  <testcase classname="com.runner.RunnerTestNg" name="runScenario" time="74.610"/>
  <testcase classname="com.runner.RunnerTestNg" name="runScenario" time="59.113"/>
  <testcase classname="com.runner.RunnerTestNg" name="runScenario" time="59.578"/>
  <testcase classname="com.runner.RunnerTestNg" name="runScenario" time="26.929"/>
  <testcase classname="com.runner.RunnerTestNg" name="runScenario" time="46.113"/>
  <testcase classname="com.runner.RunnerTestNg" name="runScenario" time="19.673"/>
  <testcase classname="com.runner.RunnerTestNg" name="runScenario" time="16.902"/>
  <testcase classname="com.runner.RunnerTestNg" name="runScenario" time="115.807"/>
  <testcase classname="com.runner.RunnerTestNg" name="runScenario" time="15.216"/>
  <testcase classname="com.runner.RunnerTestNg" name="runScenario" time="127.795"/>
  <testcase classname="com.runner.RunnerTestNg" name="runScenario" time="16.184"/>
  <testcase classname="com.runner.RunnerTestNg" name="runScenario" time="28.912"/>
  <testcase classname="com.runner.RunnerTestNg" name="runScenario" time="42.587"/>
  <testcase classname="com.runner.RunnerTestNg" name="runScenario" time="110.673"/>
  <testcase classname="com.runner.RunnerTestNg" name="runScenario" time="15.203"/>
  <testcase classname="com.runner.RunnerTestNg" name="runScenario" time="26.954"/>
  <testcase classname="com.runner.RunnerTestNg" name="runScenario" time="12.070"/>
  <testcase classname="com.runner.RunnerTestNg" name="runScenario" time="21.860"/>
  <testcase classname="com.runner.RunnerTestNg" name="runScenario" time="61.495"/>
  <testcase classname="com.runner.RunnerTestNg" name="runScenario" time="22.850"/>
  <testcase classname="com.runner.RunnerTestNg" name="runScenario" time="75.121"/>
  <testcase classname="com.runner.RunnerTestNg" name="runScenario" time="45.562"/>
  <testcase classname="com.runner.RunnerTestNg" name="runScenario" time="103.936"/>
  <testcase classname="com.runner.RunnerTestNg" name="runScenario" time="37.276"/>
  <testcase classname="com.runner.RunnerTestNg" name="runScenario" time="88.076"/>
  <testcase classname="com.runner.RunnerTestNg" name="runScenario" time="22.281"/>
  <testcase classname="com.runner.RunnerTestNg" name="runScenario" time="26.735"/>
  <testcase classname="com.runner.RunnerTestNg" name="runScenario" time="24.996"/>
  <testcase classname="com.runner.RunnerTestNg" name="runScenario" time="36.584">
    <failure message="expected [true] but found [false]" type="java.lang.AssertionError">
      <![CDATA[java.lang.AssertionError: expected [true] but found [false]
at org.testng.Assert.fail(Assert.java:111)
at org.testng.Assert.failNotEquals(Assert.java:1590)
at org.testng.Assert.assertTrue(Assert.java:57)
at org.testng.Assert.assertTrue(Assert.java:67)
at com.definitions.UserAccountDefinition.user_should_see_success_message(UserAccountDefinition.java:88)
at ✽.user should see "Your address has been successfully added"(file:///C:/Users/saran/git/SeleniumFinalCucumber/ecommerce-lambdatest-bd/src/test/resources/com/features/UserAccountManagement.feature:24)
]]>
    </failure>
  </testcase> <!-- runScenario -->
  <testcase classname="com.runner.RunnerTestNg" name="runScenario" time="19.220"/>
  <testcase classname="com.runner.RunnerTestNg" name="runScenario" time="50.883"/>
  <testcase classname="com.runner.RunnerTestNg" name="runScenario" time="103.612"/>
  <testcase classname="com.runner.RunnerTestNg" name="runScenario" time="51.343"/>
  <testcase classname="com.runner.RunnerTestNg" name="runScenario" time="60.488"/>
  <testcase classname="com.runner.RunnerTestNg" name="runScenario" time="16.819"/>
  <testcase classname="com.runner.RunnerTestNg" name="runScenario" time="22.781"/>
  <testcase classname="com.runner.RunnerTestNg" name="runScenario" time="25.938"/>
  <testcase classname="com.runner.RunnerTestNg" name="runScenario" time="23.526"/>
  <testcase classname="com.runner.RunnerTestNg" name="runScenario" time="56.192"/>
  <testcase classname="com.runner.RunnerTestNg" name="runScenario" time="38.502"/>
  <testcase classname="com.runner.RunnerTestNg" name="runScenario" time="43.498"/>
  <testcase classname="com.runner.RunnerTestNg" name="runScenario" time="33.580"/>
  <testcase classname="com.runner.RunnerTestNg" name="runScenario" time="51.138"/>
  <testcase classname="com.runner.RunnerTestNg" name="runScenario" time="25.959"/>
  <testcase classname="com.runner.RunnerTestNg" name="runScenario" time="116.251"/>
  <testcase classname="com.runner.RunnerTestNg" name="runScenario" time="20.647"/>
  <testcase classname="com.runner.RunnerTestNg" name="runScenario" time="51.474"/>
</testsuite> <!-- com.runner.RunnerTestNg -->
