<?xml version="1.0" encoding="UTF-8"?>
<!-- Generated by org.testng.reporters.JUnitReportReporter -->
<testsuite hostname="Saranya" failures="0" tests="22" name="com.runner.RunnerTestNg" time="733.449" errors="3" timestamp="2025-05-07T00:24:59 IST" skipped="0">
  <testcase classname="com.runner.RunnerTestNg" name="runScenario" time="21.312"/>
  <testcase classname="com.runner.RunnerTestNg" name="runScenario" time="51.922"/>
  <testcase classname="com.runner.RunnerTestNg" name="runScenario" time="63.083"/>
  <testcase classname="com.runner.RunnerTestNg" name="runScenario" time="17.630"/>
  <testcase classname="com.runner.RunnerTestNg" name="runScenario" time="29.037"/>
  <testcase classname="com.runner.RunnerTestNg" name="runScenario" time="22.759"/>
  <testcase classname="com.runner.RunnerTestNg" name="runScenario" time="54.934"/>
  <testcase classname="com.runner.RunnerTestNg" name="runScenario" time="17.909"/>
  <testcase classname="com.runner.RunnerTestNg" name="runScenario" time="13.147"/>
  <testcase classname="com.runner.RunnerTestNg" name="runScenario" time="64.497"/>
  <testcase classname="com.runner.RunnerTestNg" name="runScenario" time="25.534"/>
  <testcase classname="com.runner.RunnerTestNg" name="runScenario" time="23.414"/>
  <testcase classname="com.runner.RunnerTestNg" name="runScenario" time="18.187"/>
  <testcase classname="com.runner.RunnerTestNg" name="runScenario" time="18.275"/>
  <testcase classname="com.runner.RunnerTestNg" name="runScenario" time="20.804"/>
  <testcase classname="com.runner.RunnerTestNg" name="runScenario" time="56.364">
    <error message="no such element: Unable to locate element: {&quot;method&quot;:&quot;xpath&quot;,&quot;selector&quot;:&quot;//div[contains(@class,&#039;row mb-3 align-items-end&#039;)]/following-sibling::div[@class=&#039;buttons d-flex&#039;]//a[2]&quot;}
  (Session info: chrome=136.0.7103.48)
For documentation on this error, please visit: https://www.selenium.dev/documentation/webdriver/troubleshooting/errors#no-such-element-exception
Build info: version: &#039;4.31.0&#039;, revision: &#039;1ef9f18787*&#039;
System info: os.name: &#039;Windows 11&#039;, os.arch: &#039;amd64&#039;, os.version: &#039;10.0&#039;, java.version: &#039;21.0.6&#039;
Driver info: org.openqa.selenium.chrome.ChromeDriver
Command: [4645993ba18a8414b7097d9dda82c9af, findElement {using=xpath, value=//div[contains(@class,&#039;row mb-3 align-items-end&#039;)]/following-sibling::div[@class=&#039;buttons d-flex&#039;]//a[2]}]
Capabilities {acceptInsecureCerts: false, browserName: chrome, browserVersion: 136.0.7103.48, chrome: {chromedriverVersion: 136.0.7103.49 (031848bc6ad0..., userDataDir: C:\Users\saran\AppData\Loca...}, fedcm:accounts: true, goog:chromeOptions: {debuggerAddress: localhost:53656}, networkConnectionEnabled: false, pageLoadStrategy: normal, platformName: windows, proxy: Proxy(), se:cdp: ws://localhost:53656/devtoo..., se:cdpVersion: 136.0.7103.48, setWindowRect: true, strictFileInteractability: false, timeouts: {implicit: 0, pageLoad: 300000, script: 30000}, unhandledPromptBehavior: dismiss and notify, webauthn:extension:credBlob: true, webauthn:extension:largeBlob: true, webauthn:extension:minPinLength: true, webauthn:extension:prf: true, webauthn:virtualAuthenticators: true}
Session ID: 4645993ba18a8414b7097d9dda82c9af" type="org.openqa.selenium.NoSuchElementException">
      <![CDATA[org.openqa.selenium.NoSuchElementException: no such element: Unable to locate element: {"method":"xpath","selector":"//div[contains(@class,'row mb-3 align-items-end')]/following-sibling::div[@class='buttons d-flex']//a[2]"}
  (Session info: chrome=136.0.7103.48)
For documentation on this error, please visit: https://www.selenium.dev/documentation/webdriver/troubleshooting/errors#no-such-element-exception
Build info: version: '4.31.0', revision: '1ef9f18787*'
System info: os.name: 'Windows 11', os.arch: 'amd64', os.version: '10.0', java.version: '21.0.6'
Driver info: org.openqa.selenium.chrome.ChromeDriver
Command: [4645993ba18a8414b7097d9dda82c9af, findElement {using=xpath, value=//div[contains(@class,'row mb-3 align-items-end')]/following-sibling::div[@class='buttons d-flex']//a[2]}]
Capabilities {acceptInsecureCerts: false, browserName: chrome, browserVersion: 136.0.7103.48, chrome: {chromedriverVersion: 136.0.7103.49 (031848bc6ad0..., userDataDir: C:\Users\saran\AppData\Loca...}, fedcm:accounts: true, goog:chromeOptions: {debuggerAddress: localhost:53656}, networkConnectionEnabled: false, pageLoadStrategy: normal, platformName: windows, proxy: Proxy(), se:cdp: ws://localhost:53656/devtoo..., se:cdpVersion: 136.0.7103.48, setWindowRect: true, strictFileInteractability: false, timeouts: {implicit: 0, pageLoad: 300000, script: 30000}, unhandledPromptBehavior: dismiss and notify, webauthn:extension:credBlob: true, webauthn:extension:largeBlob: true, webauthn:extension:minPinLength: true, webauthn:extension:prf: true, webauthn:virtualAuthenticators: true}
Session ID: 4645993ba18a8414b7097d9dda82c9af
at java.base/jdk.internal.reflect.DirectConstructorHandleAccessor.newInstance(DirectConstructorHandleAccessor.java:62)
at java.base/java.lang.reflect.Constructor.newInstanceWithCaller(Constructor.java:502)
at java.base/java.lang.reflect.Constructor.newInstance(Constructor.java:486)
at org.openqa.selenium.remote.ErrorCodec.decode(ErrorCodec.java:167)
at org.openqa.selenium.remote.codec.w3c.W3CHttpResponseCodec.decode(W3CHttpResponseCodec.java:138)
at org.openqa.selenium.remote.codec.w3c.W3CHttpResponseCodec.decode(W3CHttpResponseCodec.java:50)
at org.openqa.selenium.remote.HttpCommandExecutor.execute(HttpCommandExecutor.java:215)
at org.openqa.selenium.remote.service.DriverCommandExecutor.invokeExecute(DriverCommandExecutor.java:216)
at org.openqa.selenium.remote.service.DriverCommandExecutor.execute(DriverCommandExecutor.java:174)
at org.openqa.selenium.remote.RemoteWebDriver.execute(RemoteWebDriver.java:545)
at org.openqa.selenium.remote.ElementLocation$ElementFinder$2.findElement(ElementLocation.java:165)
at org.openqa.selenium.remote.ElementLocation.findElement(ElementLocation.java:59)
at org.openqa.selenium.remote.RemoteWebDriver.findElement(RemoteWebDriver.java:368)
at org.openqa.selenium.remote.RemoteWebDriver.findElement(RemoteWebDriver.java:362)
at org.openqa.selenium.support.pagefactory.DefaultElementLocator.findElement(DefaultElementLocator.java:68)
at org.openqa.selenium.support.pagefactory.internal.LocatingElementHandler.invoke(LocatingElementHandler.java:38)
at jdk.proxy2/jdk.proxy2.$Proxy60.click(Unknown Source)
at com.actions.CheckOutAction.productCheckOut(CheckOutAction.java:49)
at com.definitions.CheckoutDefinition.the_user_clicks_check_out(CheckoutDefinition.java:35)
at ✽.the user clicks CheckOut(file:///C:/Users/saran/git/SeleniumFinalCucumber/ecommerce-lambdatest-bd/src/test/resources/com/features/MyOrder.feature:73)
]]>
    </error>
  </testcase> <!-- runScenario -->
  <testcase classname="com.runner.RunnerTestNg" name="runScenario" time="17.017"/>
  <testcase classname="com.runner.RunnerTestNg" name="runScenario" time="56.102">
    <error message="no such element: Unable to locate element: {&quot;method&quot;:&quot;xpath&quot;,&quot;selector&quot;:&quot;//div[contains(@class,&#039;row mb-3 align-items-end&#039;)]/following-sibling::div[@class=&#039;buttons d-flex&#039;]//a[2]&quot;}
  (Session info: chrome=136.0.7103.48)
For documentation on this error, please visit: https://www.selenium.dev/documentation/webdriver/troubleshooting/errors#no-such-element-exception
Build info: version: &#039;4.31.0&#039;, revision: &#039;1ef9f18787*&#039;
System info: os.name: &#039;Windows 11&#039;, os.arch: &#039;amd64&#039;, os.version: &#039;10.0&#039;, java.version: &#039;21.0.6&#039;
Driver info: org.openqa.selenium.chrome.ChromeDriver
Command: [1f3a050e420f8b6dc1bf7b2b2375d9c7, findElement {using=xpath, value=//div[contains(@class,&#039;row mb-3 align-items-end&#039;)]/following-sibling::div[@class=&#039;buttons d-flex&#039;]//a[2]}]
Capabilities {acceptInsecureCerts: false, browserName: chrome, browserVersion: 136.0.7103.48, chrome: {chromedriverVersion: 136.0.7103.49 (031848bc6ad0..., userDataDir: C:\Users\saran\AppData\Loca...}, fedcm:accounts: true, goog:chromeOptions: {debuggerAddress: localhost:53659}, networkConnectionEnabled: false, pageLoadStrategy: normal, platformName: windows, proxy: Proxy(), se:cdp: ws://localhost:53659/devtoo..., se:cdpVersion: 136.0.7103.48, setWindowRect: true, strictFileInteractability: false, timeouts: {implicit: 0, pageLoad: 300000, script: 30000}, unhandledPromptBehavior: dismiss and notify, webauthn:extension:credBlob: true, webauthn:extension:largeBlob: true, webauthn:extension:minPinLength: true, webauthn:extension:prf: true, webauthn:virtualAuthenticators: true}
Session ID: 1f3a050e420f8b6dc1bf7b2b2375d9c7" type="org.openqa.selenium.NoSuchElementException">
      <![CDATA[org.openqa.selenium.NoSuchElementException: no such element: Unable to locate element: {"method":"xpath","selector":"//div[contains(@class,'row mb-3 align-items-end')]/following-sibling::div[@class='buttons d-flex']//a[2]"}
  (Session info: chrome=136.0.7103.48)
For documentation on this error, please visit: https://www.selenium.dev/documentation/webdriver/troubleshooting/errors#no-such-element-exception
Build info: version: '4.31.0', revision: '1ef9f18787*'
System info: os.name: 'Windows 11', os.arch: 'amd64', os.version: '10.0', java.version: '21.0.6'
Driver info: org.openqa.selenium.chrome.ChromeDriver
Command: [1f3a050e420f8b6dc1bf7b2b2375d9c7, findElement {using=xpath, value=//div[contains(@class,'row mb-3 align-items-end')]/following-sibling::div[@class='buttons d-flex']//a[2]}]
Capabilities {acceptInsecureCerts: false, browserName: chrome, browserVersion: 136.0.7103.48, chrome: {chromedriverVersion: 136.0.7103.49 (031848bc6ad0..., userDataDir: C:\Users\saran\AppData\Loca...}, fedcm:accounts: true, goog:chromeOptions: {debuggerAddress: localhost:53659}, networkConnectionEnabled: false, pageLoadStrategy: normal, platformName: windows, proxy: Proxy(), se:cdp: ws://localhost:53659/devtoo..., se:cdpVersion: 136.0.7103.48, setWindowRect: true, strictFileInteractability: false, timeouts: {implicit: 0, pageLoad: 300000, script: 30000}, unhandledPromptBehavior: dismiss and notify, webauthn:extension:credBlob: true, webauthn:extension:largeBlob: true, webauthn:extension:minPinLength: true, webauthn:extension:prf: true, webauthn:virtualAuthenticators: true}
Session ID: 1f3a050e420f8b6dc1bf7b2b2375d9c7
at java.base/jdk.internal.reflect.DirectConstructorHandleAccessor.newInstance(DirectConstructorHandleAccessor.java:62)
at java.base/java.lang.reflect.Constructor.newInstanceWithCaller(Constructor.java:502)
at java.base/java.lang.reflect.Constructor.newInstance(Constructor.java:486)
at org.openqa.selenium.remote.ErrorCodec.decode(ErrorCodec.java:167)
at org.openqa.selenium.remote.codec.w3c.W3CHttpResponseCodec.decode(W3CHttpResponseCodec.java:138)
at org.openqa.selenium.remote.codec.w3c.W3CHttpResponseCodec.decode(W3CHttpResponseCodec.java:50)
at org.openqa.selenium.remote.HttpCommandExecutor.execute(HttpCommandExecutor.java:215)
at org.openqa.selenium.remote.service.DriverCommandExecutor.invokeExecute(DriverCommandExecutor.java:216)
at org.openqa.selenium.remote.service.DriverCommandExecutor.execute(DriverCommandExecutor.java:174)
at org.openqa.selenium.remote.RemoteWebDriver.execute(RemoteWebDriver.java:545)
at org.openqa.selenium.remote.ElementLocation$ElementFinder$2.findElement(ElementLocation.java:165)
at org.openqa.selenium.remote.ElementLocation.findElement(ElementLocation.java:59)
at org.openqa.selenium.remote.RemoteWebDriver.findElement(RemoteWebDriver.java:368)
at org.openqa.selenium.remote.RemoteWebDriver.findElement(RemoteWebDriver.java:362)
at org.openqa.selenium.support.pagefactory.DefaultElementLocator.findElement(DefaultElementLocator.java:68)
at org.openqa.selenium.support.pagefactory.internal.LocatingElementHandler.invoke(LocatingElementHandler.java:38)
at jdk.proxy2/jdk.proxy2.$Proxy60.click(Unknown Source)
at com.actions.CheckOutAction.productCheckOut(CheckOutAction.java:49)
at com.definitions.CheckoutDefinition.the_user_clicks_check_out(CheckoutDefinition.java:35)
at ✽.the user clicks CheckOut(file:///C:/Users/saran/git/SeleniumFinalCucumber/ecommerce-lambdatest-bd/src/test/resources/com/features/MyOrder.feature:15)
]]>
    </error>
  </testcase> <!-- runScenario -->
  <testcase classname="com.runner.RunnerTestNg" name="runScenario" time="48.361"/>
  <testcase classname="com.runner.RunnerTestNg" name="runScenario" time="18.293"/>
  <testcase classname="com.runner.RunnerTestNg" name="runScenario" time="18.923"/>
  <testcase classname="com.runner.RunnerTestNg" name="runScenario" time="55.945">
    <error message="no such element: Unable to locate element: {&quot;method&quot;:&quot;xpath&quot;,&quot;selector&quot;:&quot;//div[contains(@class,&#039;row mb-3 align-items-end&#039;)]/following-sibling::div[@class=&#039;buttons d-flex&#039;]//a[2]&quot;}
  (Session info: chrome=136.0.7103.48)
For documentation on this error, please visit: https://www.selenium.dev/documentation/webdriver/troubleshooting/errors#no-such-element-exception
Build info: version: &#039;4.31.0&#039;, revision: &#039;1ef9f18787*&#039;
System info: os.name: &#039;Windows 11&#039;, os.arch: &#039;amd64&#039;, os.version: &#039;10.0&#039;, java.version: &#039;21.0.6&#039;
Driver info: org.openqa.selenium.chrome.ChromeDriver
Command: [4090fb0eea559776adb40011217b53b5, findElement {using=xpath, value=//div[contains(@class,&#039;row mb-3 align-items-end&#039;)]/following-sibling::div[@class=&#039;buttons d-flex&#039;]//a[2]}]
Capabilities {acceptInsecureCerts: false, browserName: chrome, browserVersion: 136.0.7103.48, chrome: {chromedriverVersion: 136.0.7103.49 (031848bc6ad0..., userDataDir: C:\Users\saran\AppData\Loca...}, fedcm:accounts: true, goog:chromeOptions: {debuggerAddress: localhost:53662}, networkConnectionEnabled: false, pageLoadStrategy: normal, platformName: windows, proxy: Proxy(), se:cdp: ws://localhost:53662/devtoo..., se:cdpVersion: 136.0.7103.48, setWindowRect: true, strictFileInteractability: false, timeouts: {implicit: 0, pageLoad: 300000, script: 30000}, unhandledPromptBehavior: dismiss and notify, webauthn:extension:credBlob: true, webauthn:extension:largeBlob: true, webauthn:extension:minPinLength: true, webauthn:extension:prf: true, webauthn:virtualAuthenticators: true}
Session ID: 4090fb0eea559776adb40011217b53b5" type="org.openqa.selenium.NoSuchElementException">
      <![CDATA[org.openqa.selenium.NoSuchElementException: no such element: Unable to locate element: {"method":"xpath","selector":"//div[contains(@class,'row mb-3 align-items-end')]/following-sibling::div[@class='buttons d-flex']//a[2]"}
  (Session info: chrome=136.0.7103.48)
For documentation on this error, please visit: https://www.selenium.dev/documentation/webdriver/troubleshooting/errors#no-such-element-exception
Build info: version: '4.31.0', revision: '1ef9f18787*'
System info: os.name: 'Windows 11', os.arch: 'amd64', os.version: '10.0', java.version: '21.0.6'
Driver info: org.openqa.selenium.chrome.ChromeDriver
Command: [4090fb0eea559776adb40011217b53b5, findElement {using=xpath, value=//div[contains(@class,'row mb-3 align-items-end')]/following-sibling::div[@class='buttons d-flex']//a[2]}]
Capabilities {acceptInsecureCerts: false, browserName: chrome, browserVersion: 136.0.7103.48, chrome: {chromedriverVersion: 136.0.7103.49 (031848bc6ad0..., userDataDir: C:\Users\saran\AppData\Loca...}, fedcm:accounts: true, goog:chromeOptions: {debuggerAddress: localhost:53662}, networkConnectionEnabled: false, pageLoadStrategy: normal, platformName: windows, proxy: Proxy(), se:cdp: ws://localhost:53662/devtoo..., se:cdpVersion: 136.0.7103.48, setWindowRect: true, strictFileInteractability: false, timeouts: {implicit: 0, pageLoad: 300000, script: 30000}, unhandledPromptBehavior: dismiss and notify, webauthn:extension:credBlob: true, webauthn:extension:largeBlob: true, webauthn:extension:minPinLength: true, webauthn:extension:prf: true, webauthn:virtualAuthenticators: true}
Session ID: 4090fb0eea559776adb40011217b53b5
at java.base/jdk.internal.reflect.DirectConstructorHandleAccessor.newInstance(DirectConstructorHandleAccessor.java:62)
at java.base/java.lang.reflect.Constructor.newInstanceWithCaller(Constructor.java:502)
at java.base/java.lang.reflect.Constructor.newInstance(Constructor.java:486)
at org.openqa.selenium.remote.ErrorCodec.decode(ErrorCodec.java:167)
at org.openqa.selenium.remote.codec.w3c.W3CHttpResponseCodec.decode(W3CHttpResponseCodec.java:138)
at org.openqa.selenium.remote.codec.w3c.W3CHttpResponseCodec.decode(W3CHttpResponseCodec.java:50)
at org.openqa.selenium.remote.HttpCommandExecutor.execute(HttpCommandExecutor.java:215)
at org.openqa.selenium.remote.service.DriverCommandExecutor.invokeExecute(DriverCommandExecutor.java:216)
at org.openqa.selenium.remote.service.DriverCommandExecutor.execute(DriverCommandExecutor.java:174)
at org.openqa.selenium.remote.RemoteWebDriver.execute(RemoteWebDriver.java:545)
at org.openqa.selenium.remote.ElementLocation$ElementFinder$2.findElement(ElementLocation.java:165)
at org.openqa.selenium.remote.ElementLocation.findElement(ElementLocation.java:59)
at org.openqa.selenium.remote.RemoteWebDriver.findElement(RemoteWebDriver.java:368)
at org.openqa.selenium.remote.RemoteWebDriver.findElement(RemoteWebDriver.java:362)
at org.openqa.selenium.support.pagefactory.DefaultElementLocator.findElement(DefaultElementLocator.java:68)
at org.openqa.selenium.support.pagefactory.internal.LocatingElementHandler.invoke(LocatingElementHandler.java:38)
at jdk.proxy2/jdk.proxy2.$Proxy60.click(Unknown Source)
at com.actions.CheckOutAction.productCheckOut(CheckOutAction.java:49)
at com.definitions.CheckoutDefinition.the_user_clicks_check_out(CheckoutDefinition.java:35)
at ✽.the user clicks CheckOut(file:///C:/Users/saran/git/SeleniumFinalCucumber/ecommerce-lambdatest-bd/src/test/resources/com/features/MyOrder.feature:43)
]]>
    </error>
  </testcase> <!-- runScenario -->
</testsuite> <!-- com.runner.RunnerTestNg -->
