<?xml version="1.0" encoding="UTF-8"?>
<!-- Generated by org.testng.reporters.JUnitReportReporter -->
<testsuite hostname="Saranya" failures="0" tests="60" name="com.runner.RunnerTestNg" time="1237.455" errors="3" timestamp="2025-04-30T00:54:30 IST" skipped="0">
  <testcase classname="com.runner.RunnerTestNg" name="runScenario" time="10.803"/>
  <testcase classname="com.runner.RunnerTestNg" name="runScenario" time="26.999"/>
  <testcase classname="com.runner.RunnerTestNg" name="runScenario" time="10.432"/>
  <testcase classname="com.runner.RunnerTestNg" name="runScenario" time="10.398"/>
  <testcase classname="com.runner.RunnerTestNg" name="runScenario" time="20.186"/>
  <testcase classname="com.runner.RunnerTestNg" name="runScenario" time="21.085"/>
  <testcase classname="com.runner.RunnerTestNg" name="runScenario" time="18.176"/>
  <testcase classname="com.runner.RunnerTestNg" name="runScenario" time="39.108"/>
  <testcase classname="com.runner.RunnerTestNg" name="runScenario" time="0.022">
    <error message="Cannot invoke &quot;org.openqa.selenium.WebDriver.navigate()&quot; because the return value of &quot;com.utilities.HelperClass.getDriver()&quot; is null" type="java.lang.NullPointerException">
      <![CDATA[java.lang.NullPointerException: Cannot invoke "org.openqa.selenium.WebDriver.navigate()" because the return value of "com.utilities.HelperClass.getDriver()" is null
at com.definitions.Hooks.setUp(Hooks.java:26)
]]>
    </error>
  </testcase> <!-- runScenario -->
  <testcase classname="com.runner.RunnerTestNg" name="runScenario" time="15.711"/>
  <testcase classname="com.runner.RunnerTestNg" name="runScenario" time="9.689"/>
  <testcase classname="com.runner.RunnerTestNg" name="runScenario" time="15.936"/>
  <testcase classname="com.runner.RunnerTestNg" name="runScenario" time="6.983"/>
  <testcase classname="com.runner.RunnerTestNg" name="runScenario" time="25.110"/>
  <testcase classname="com.runner.RunnerTestNg" name="runScenario" time="13.479"/>
  <testcase classname="com.runner.RunnerTestNg" name="runScenario" time="10.205"/>
  <testcase classname="com.runner.RunnerTestNg" name="runScenario" time="14.536"/>
  <testcase classname="com.runner.RunnerTestNg" name="runScenario" time="39.371"/>
  <testcase classname="com.runner.RunnerTestNg" name="runScenario" time="16.920"/>
  <testcase classname="com.runner.RunnerTestNg" name="runScenario" time="21.636"/>
  <testcase classname="com.runner.RunnerTestNg" name="runScenario" time="60.267"/>
  <testcase classname="com.runner.RunnerTestNg" name="runScenario" time="16.819"/>
  <testcase classname="com.runner.RunnerTestNg" name="runScenario" time="25.864"/>
  <testcase classname="com.runner.RunnerTestNg" name="runScenario" time="8.631"/>
  <testcase classname="com.runner.RunnerTestNg" name="runScenario" time="15.793"/>
  <testcase classname="com.runner.RunnerTestNg" name="runScenario" time="23.416"/>
  <testcase classname="com.runner.RunnerTestNg" name="runScenario" time="13.468"/>
  <testcase classname="com.runner.RunnerTestNg" name="runScenario" time="19.136">
    <error message="Expected condition failed: waiting for element to be clickable: [[ChromeDriver: chrome on windows (645fea9b15733d5a5785dc6e902239de)] -&gt; css selector: a.carousel-control-next[href=&#039;#mz-carousel-217960&#039;]] (tried for 10 second(s) with 500 milliseconds interval)
Build info: version: &#039;4.31.0&#039;, revision: &#039;1ef9f18787*&#039;
System info: os.name: &#039;Windows 11&#039;, os.arch: &#039;amd64&#039;, os.version: &#039;10.0&#039;, java.version: &#039;21.0.6&#039;
Driver info: org.openqa.selenium.chrome.ChromeDriver
Capabilities {acceptInsecureCerts: false, browserName: chrome, browserVersion: 135.0.7049.115, chrome: {chromedriverVersion: 135.0.7049.114 (63fd8a7d9d0..., userDataDir: C:\Users\saran\AppData\Loca...}, fedcm:accounts: true, goog:chromeOptions: {debuggerAddress: localhost:61581}, networkConnectionEnabled: false, pageLoadStrategy: normal, platformName: windows, proxy: Proxy(), se:cdp: ws://localhost:61581/devtoo..., se:cdpVersion: 135.0.7049.115, setWindowRect: true, strictFileInteractability: false, timeouts: {implicit: 0, pageLoad: 300000, script: 30000}, unhandledPromptBehavior: dismiss and notify, webauthn:extension:credBlob: true, webauthn:extension:largeBlob: true, webauthn:extension:minPinLength: true, webauthn:extension:prf: true, webauthn:virtualAuthenticators: true}
Session ID: 645fea9b15733d5a5785dc6e902239de" type="org.openqa.selenium.TimeoutException">
      <![CDATA[org.openqa.selenium.TimeoutException: Expected condition failed: waiting for element to be clickable: [[ChromeDriver: chrome on windows (645fea9b15733d5a5785dc6e902239de)] -> css selector: a.carousel-control-next[href='#mz-carousel-217960']] (tried for 10 second(s) with 500 milliseconds interval)
Build info: version: '4.31.0', revision: '1ef9f18787*'
System info: os.name: 'Windows 11', os.arch: 'amd64', os.version: '10.0', java.version: '21.0.6'
Driver info: org.openqa.selenium.chrome.ChromeDriver
Capabilities {acceptInsecureCerts: false, browserName: chrome, browserVersion: 135.0.7049.115, chrome: {chromedriverVersion: 135.0.7049.114 (63fd8a7d9d0..., userDataDir: C:\Users\saran\AppData\Loca...}, fedcm:accounts: true, goog:chromeOptions: {debuggerAddress: localhost:61581}, networkConnectionEnabled: false, pageLoadStrategy: normal, platformName: windows, proxy: Proxy(), se:cdp: ws://localhost:61581/devtoo..., se:cdpVersion: 135.0.7049.115, setWindowRect: true, strictFileInteractability: false, timeouts: {implicit: 0, pageLoad: 300000, script: 30000}, unhandledPromptBehavior: dismiss and notify, webauthn:extension:credBlob: true, webauthn:extension:largeBlob: true, webauthn:extension:minPinLength: true, webauthn:extension:prf: true, webauthn:virtualAuthenticators: true}
Session ID: 645fea9b15733d5a5785dc6e902239de
at org.openqa.selenium.support.ui.WebDriverWait.timeoutException(WebDriverWait.java:84)
at org.openqa.selenium.support.ui.FluentWait.until(FluentWait.java:228)
at com.actions.HomePageAction.clickNextButton(HomePageAction.java:63)
at com.definitions.HomePageDefinition.the_user_clicks_the_left_control_arrow_on_the_banner(HomePageDefinition.java:78)
at ✽.the user clicks the left control arrow on the banner(file:///C:/Users/saran/git/SeleniumFinalCucumber/ecommerce-lambdatest-bd/src/test/resources/com/features/Home.feature:25)
]]>
    </error>
  </testcase> <!-- runScenario -->
  <testcase classname="com.runner.RunnerTestNg" name="runScenario" time="19.828"/>
  <testcase classname="com.runner.RunnerTestNg" name="runScenario" time="14.319"/>
  <testcase classname="com.runner.RunnerTestNg" name="runScenario" time="16.731"/>
  <testcase classname="com.runner.RunnerTestNg" name="runScenario" time="15.009"/>
  <testcase classname="com.runner.RunnerTestNg" name="runScenario" time="9.722"/>
  <testcase classname="com.runner.RunnerTestNg" name="runScenario" time="17.310"/>
  <testcase classname="com.runner.RunnerTestNg" name="runScenario" time="16.148"/>
  <testcase classname="com.runner.RunnerTestNg" name="runScenario" time="15.377"/>
  <testcase classname="com.runner.RunnerTestNg" name="runScenario" time="16.225"/>
  <testcase classname="com.runner.RunnerTestNg" name="runScenario" time="53.712"/>
  <testcase classname="com.runner.RunnerTestNg" name="runScenario" time="11.740"/>
  <testcase classname="com.runner.RunnerTestNg" name="runScenario" time="14.786"/>
  <testcase classname="com.runner.RunnerTestNg" name="runScenario" time="9.797"/>
  <testcase classname="com.runner.RunnerTestNg" name="runScenario" time="53.720"/>
  <testcase classname="com.runner.RunnerTestNg" name="runScenario" time="16.401"/>
  <testcase classname="com.runner.RunnerTestNg" name="runScenario" time="55.916"/>
  <testcase classname="com.runner.RunnerTestNg" name="runScenario" time="63.691"/>
  <testcase classname="com.runner.RunnerTestNg" name="runScenario" time="15.859"/>
  <testcase classname="com.runner.RunnerTestNg" name="runScenario" time="14.866"/>
  <testcase classname="com.runner.RunnerTestNg" name="runScenario" time="51.087"/>
  <testcase classname="com.runner.RunnerTestNg" name="runScenario" time="13.283"/>
  <testcase classname="com.runner.RunnerTestNg" name="runScenario" time="37.719"/>
  <testcase classname="com.runner.RunnerTestNg" name="runScenario" time="15.241"/>
  <testcase classname="com.runner.RunnerTestNg" name="runScenario" time="24.758"/>
  <testcase classname="com.runner.RunnerTestNg" name="runScenario" time="9.364"/>
  <testcase classname="com.runner.RunnerTestNg" name="runScenario" time="16.598"/>
  <testcase classname="com.runner.RunnerTestNg" name="runScenario" time="10.148"/>
  <testcase classname="com.runner.RunnerTestNg" name="runScenario" time="27.877"/>
  <testcase classname="com.runner.RunnerTestNg" name="runScenario" time="22.680"/>
  <testcase classname="com.runner.RunnerTestNg" name="runScenario" time="10.124"/>
  <testcase classname="com.runner.RunnerTestNg" name="runScenario" time="17.226"/>
  <testcase classname="com.runner.RunnerTestNg" name="runScenario" time="0.014">
    <error message="Cannot invoke &quot;org.openqa.selenium.WebDriver.navigate()&quot; because the return value of &quot;com.utilities.HelperClass.getDriver()&quot; is null" type="java.lang.NullPointerException">
      <![CDATA[java.lang.NullPointerException: Cannot invoke "org.openqa.selenium.WebDriver.navigate()" because the return value of "com.utilities.HelperClass.getDriver()" is null
at com.definitions.Hooks.setUp(Hooks.java:26)
]]>
    </error>
  </testcase> <!-- runScenario -->
</testsuite> <!-- com.runner.RunnerTestNg -->
