<?xml version="1.0" encoding="UTF-8"?>
<!-- Generated by org.testng.reporters.JUnitReportReporter -->
<testsuite hostname="DESKTOP-IF37F16" failures="0" tests="66" name="com.runner.RunnerTestNg" time="4090.772" errors="1" timestamp="2025-05-07T13:19:31 IST" skipped="0">
  <testcase classname="com.runner.RunnerTestNg" name="runScenario" time="50.053"/>
  <testcase classname="com.runner.RunnerTestNg" name="runScenario" time="35.227"/>
  <testcase classname="com.runner.RunnerTestNg" name="runScenario" time="41.072"/>
  <testcase classname="com.runner.RunnerTestNg" name="runScenario" time="95.066"/>
  <testcase classname="com.runner.RunnerTestNg" name="runScenario" time="43.834"/>
  <testcase classname="com.runner.RunnerTestNg" name="runScenario" time="55.716"/>
  <testcase classname="com.runner.RunnerTestNg" name="runScenario" time="50.982"/>
  <testcase classname="com.runner.RunnerTestNg" name="runScenario" time="112.891">
    <error message="no such element: Unable to locate element: {&quot;method&quot;:&quot;xpath&quot;,&quot;selector&quot;:&quot;//div[contains(@class,&#039;row mb-3 align-items-end&#039;)]/following-sibling::div[@class=&#039;buttons d-flex&#039;]//a[2]&quot;}
  (Session info: chrome=135.0.7049.115)
For documentation on this error, please visit: https://www.selenium.dev/documentation/webdriver/troubleshooting/errors#no-such-element-exception
Build info: version: &#039;4.31.0&#039;, revision: &#039;1ef9f18787*&#039;
System info: os.name: &#039;Windows 10&#039;, os.arch: &#039;amd64&#039;, os.version: &#039;10.0&#039;, java.version: &#039;21.0.6&#039;
Driver info: org.openqa.selenium.chrome.ChromeDriver
Command: [3d6474bc65de653594a6ba1955a66742, findElement {using=xpath, value=//div[contains(@class,&#039;row mb-3 align-items-end&#039;)]/following-sibling::div[@class=&#039;buttons d-flex&#039;]//a[2]}]
Capabilities {acceptInsecureCerts: false, browserName: chrome, browserVersion: 135.0.7049.115, chrome: {chromedriverVersion: 135.0.7049.114 (63fd8a7d9d0..., userDataDir: C:\Users\admi\AppData\Local...}, fedcm:accounts: true, goog:chromeOptions: {debuggerAddress: localhost:50917}, networkConnectionEnabled: false, pageLoadStrategy: normal, platformName: windows, proxy: Proxy(), se:cdp: ws://localhost:50917/devtoo..., se:cdpVersion: 135.0.7049.115, setWindowRect: true, strictFileInteractability: false, timeouts: {implicit: 0, pageLoad: 300000, script: 30000}, unhandledPromptBehavior: dismiss and notify, webauthn:extension:credBlob: true, webauthn:extension:largeBlob: true, webauthn:extension:minPinLength: true, webauthn:extension:prf: true, webauthn:virtualAuthenticators: true}
Session ID: 3d6474bc65de653594a6ba1955a66742" type="org.openqa.selenium.NoSuchElementException">
      <![CDATA[org.openqa.selenium.NoSuchElementException: no such element: Unable to locate element: {"method":"xpath","selector":"//div[contains(@class,'row mb-3 align-items-end')]/following-sibling::div[@class='buttons d-flex']//a[2]"}
  (Session info: chrome=135.0.7049.115)
For documentation on this error, please visit: https://www.selenium.dev/documentation/webdriver/troubleshooting/errors#no-such-element-exception
Build info: version: '4.31.0', revision: '1ef9f18787*'
System info: os.name: 'Windows 10', os.arch: 'amd64', os.version: '10.0', java.version: '21.0.6'
Driver info: org.openqa.selenium.chrome.ChromeDriver
Command: [3d6474bc65de653594a6ba1955a66742, findElement {using=xpath, value=//div[contains(@class,'row mb-3 align-items-end')]/following-sibling::div[@class='buttons d-flex']//a[2]}]
Capabilities {acceptInsecureCerts: false, browserName: chrome, browserVersion: 135.0.7049.115, chrome: {chromedriverVersion: 135.0.7049.114 (63fd8a7d9d0..., userDataDir: C:\Users\admi\AppData\Local...}, fedcm:accounts: true, goog:chromeOptions: {debuggerAddress: localhost:50917}, networkConnectionEnabled: false, pageLoadStrategy: normal, platformName: windows, proxy: Proxy(), se:cdp: ws://localhost:50917/devtoo..., se:cdpVersion: 135.0.7049.115, setWindowRect: true, strictFileInteractability: false, timeouts: {implicit: 0, pageLoad: 300000, script: 30000}, unhandledPromptBehavior: dismiss and notify, webauthn:extension:credBlob: true, webauthn:extension:largeBlob: true, webauthn:extension:minPinLength: true, webauthn:extension:prf: true, webauthn:virtualAuthenticators: true}
Session ID: 3d6474bc65de653594a6ba1955a66742
at java.base/jdk.internal.reflect.DirectConstructorHandleAccessor.newInstance(DirectConstructorHandleAccessor.java:62)
at java.base/java.lang.reflect.Constructor.newInstanceWithCaller(Constructor.java:502)
at java.base/java.lang.reflect.Constructor.newInstance(Constructor.java:486)
at org.openqa.selenium.remote.ErrorCodec.decode(ErrorCodec.java:167)
at org.openqa.selenium.remote.codec.w3c.W3CHttpResponseCodec.decode(W3CHttpResponseCodec.java:138)
at org.openqa.selenium.remote.codec.w3c.W3CHttpResponseCodec.decode(W3CHttpResponseCodec.java:50)
at org.openqa.selenium.remote.HttpCommandExecutor.execute(HttpCommandExecutor.java:215)
at org.openqa.selenium.remote.service.DriverCommandExecutor.invokeExecute(DriverCommandExecutor.java:216)
at org.openqa.selenium.remote.service.DriverCommandExecutor.execute(DriverCommandExecutor.java:174)
at org.openqa.selenium.remote.RemoteWebDriver.execute(RemoteWebDriver.java:545)
at org.openqa.selenium.remote.ElementLocation$ElementFinder$2.findElement(ElementLocation.java:165)
at org.openqa.selenium.remote.ElementLocation.findElement(ElementLocation.java:59)
at org.openqa.selenium.remote.RemoteWebDriver.findElement(RemoteWebDriver.java:368)
at org.openqa.selenium.remote.RemoteWebDriver.findElement(RemoteWebDriver.java:362)
at org.openqa.selenium.support.pagefactory.DefaultElementLocator.findElement(DefaultElementLocator.java:68)
at org.openqa.selenium.support.pagefactory.internal.LocatingElementHandler.invoke(LocatingElementHandler.java:38)
at jdk.proxy2/jdk.proxy2.$Proxy60.click(Unknown Source)
at com.actions.CheckOutAction.productCheckOut(CheckOutAction.java:49)
at com.definitions.CheckoutDefinition.the_user_clicks_check_out(CheckoutDefinition.java:35)
at ✽.the user clicks CheckOut(file:///C:/Users/admi/git/Ecommerce-lamdatest-bdd/ecommerce-lambdatest-bd/src/test/resources/com/features/ProductCheckOut.feature:41)
]]>
    </error>
  </testcase> <!-- runScenario -->
  <testcase classname="com.runner.RunnerTestNg" name="runScenario" time="80.593"/>
  <testcase classname="com.runner.RunnerTestNg" name="runScenario" time="98.854"/>
  <testcase classname="com.runner.RunnerTestNg" name="runScenario" time="71.745"/>
  <testcase classname="com.runner.RunnerTestNg" name="runScenario" time="115.734"/>
  <testcase classname="com.runner.RunnerTestNg" name="runScenario" time="38.493"/>
  <testcase classname="com.runner.RunnerTestNg" name="runScenario" time="70.872"/>
  <testcase classname="com.runner.RunnerTestNg" name="runScenario" time="41.611"/>
  <testcase classname="com.runner.RunnerTestNg" name="runScenario" time="68.180"/>
  <testcase classname="com.runner.RunnerTestNg" name="runScenario" time="40.446"/>
  <testcase classname="com.runner.RunnerTestNg" name="runScenario" time="56.904"/>
  <testcase classname="com.runner.RunnerTestNg" name="runScenario" time="95.386"/>
  <testcase classname="com.runner.RunnerTestNg" name="runScenario" time="53.796"/>
  <testcase classname="com.runner.RunnerTestNg" name="runScenario" time="37.282"/>
  <testcase classname="com.runner.RunnerTestNg" name="runScenario" time="58.432"/>
  <testcase classname="com.runner.RunnerTestNg" name="runScenario" time="48.442"/>
  <testcase classname="com.runner.RunnerTestNg" name="runScenario" time="129.679"/>
  <testcase classname="com.runner.RunnerTestNg" name="runScenario" time="28.415"/>
  <testcase classname="com.runner.RunnerTestNg" name="runScenario" time="40.758"/>
  <testcase classname="com.runner.RunnerTestNg" name="runScenario" time="38.148"/>
  <testcase classname="com.runner.RunnerTestNg" name="runScenario" time="63.809"/>
  <testcase classname="com.runner.RunnerTestNg" name="runScenario" time="41.136"/>
  <testcase classname="com.runner.RunnerTestNg" name="runScenario" time="79.752"/>
  <testcase classname="com.runner.RunnerTestNg" name="runScenario" time="31.337"/>
  <testcase classname="com.runner.RunnerTestNg" name="runScenario" time="46.000"/>
  <testcase classname="com.runner.RunnerTestNg" name="runScenario" time="53.202"/>
  <testcase classname="com.runner.RunnerTestNg" name="runScenario" time="80.410"/>
  <testcase classname="com.runner.RunnerTestNg" name="runScenario" time="90.252"/>
  <testcase classname="com.runner.RunnerTestNg" name="runScenario" time="43.593"/>
  <testcase classname="com.runner.RunnerTestNg" name="runScenario" time="48.042"/>
  <testcase classname="com.runner.RunnerTestNg" name="runScenario" time="35.725"/>
  <testcase classname="com.runner.RunnerTestNg" name="runScenario" time="44.511"/>
  <testcase classname="com.runner.RunnerTestNg" name="runScenario" time="57.095"/>
  <testcase classname="com.runner.RunnerTestNg" name="runScenario" time="91.679"/>
  <testcase classname="com.runner.RunnerTestNg" name="runScenario" time="180.808"/>
  <testcase classname="com.runner.RunnerTestNg" name="runScenario" time="116.565"/>
  <testcase classname="com.runner.RunnerTestNg" name="runScenario" time="25.615"/>
  <testcase classname="com.runner.RunnerTestNg" name="runScenario" time="44.052"/>
  <testcase classname="com.runner.RunnerTestNg" name="runScenario" time="23.205"/>
  <testcase classname="com.runner.RunnerTestNg" name="runScenario" time="45.330"/>
  <testcase classname="com.runner.RunnerTestNg" name="runScenario" time="65.090"/>
  <testcase classname="com.runner.RunnerTestNg" name="runScenario" time="33.440"/>
  <testcase classname="com.runner.RunnerTestNg" name="runScenario" time="60.468"/>
  <testcase classname="com.runner.RunnerTestNg" name="runScenario" time="46.210"/>
  <testcase classname="com.runner.RunnerTestNg" name="runScenario" time="47.124"/>
  <testcase classname="com.runner.RunnerTestNg" name="runScenario" time="32.550"/>
  <testcase classname="com.runner.RunnerTestNg" name="runScenario" time="78.413"/>
  <testcase classname="com.runner.RunnerTestNg" name="runScenario" time="80.229"/>
  <testcase classname="com.runner.RunnerTestNg" name="runScenario" time="43.434"/>
  <testcase classname="com.runner.RunnerTestNg" name="runScenario" time="57.660"/>
  <testcase classname="com.runner.RunnerTestNg" name="runScenario" time="43.935"/>
  <testcase classname="com.runner.RunnerTestNg" name="runScenario" time="116.056"/>
  <testcase classname="com.runner.RunnerTestNg" name="runScenario" time="108.249"/>
  <testcase classname="com.runner.RunnerTestNg" name="runScenario" time="30.662"/>
  <testcase classname="com.runner.RunnerTestNg" name="runScenario" time="65.746"/>
  <testcase classname="com.runner.RunnerTestNg" name="runScenario" time="94.553"/>
  <testcase classname="com.runner.RunnerTestNg" name="runScenario" time="47.748"/>
  <testcase classname="com.runner.RunnerTestNg" name="runScenario" time="56.607"/>
  <testcase classname="com.runner.RunnerTestNg" name="runScenario" time="41.869"/>
</testsuite> <!-- com.runner.RunnerTestNg -->
