<?xml version="1.0" encoding="UTF-8"?>
<!-- Generated by org.testng.reporters.JUnitReportReporter -->
<testsuite hostname="Saranya" failures="1" tests="62" name="com.runner.RunnerTestNg" time="1139.060" errors="7" timestamp="2025-05-05T23:32:45 IST" skipped="0">
  <testcase classname="com.runner.RunnerTestNg" name="runScenario" time="8.478"/>
  <testcase classname="com.runner.RunnerTestNg" name="runScenario" time="63.584"/>
  <testcase classname="com.runner.RunnerTestNg" name="runScenario" time="13.863"/>
  <testcase classname="com.runner.RunnerTestNg" name="runScenario" time="8.398"/>
  <testcase classname="com.runner.RunnerTestNg" name="runScenario" time="16.452"/>
  <testcase classname="com.runner.RunnerTestNg" name="runScenario" time="8.335"/>
  <testcase classname="com.runner.RunnerTestNg" name="runScenario" time="14.360"/>
  <testcase classname="com.runner.RunnerTestNg" name="runScenario" time="20.335"/>
  <testcase classname="com.runner.RunnerTestNg" name="runScenario" time="7.371"/>
  <testcase classname="com.runner.RunnerTestNg" name="runScenario" time="0.018">
    <error message="Cannot invoke &quot;org.openqa.selenium.WebDriver.navigate()&quot; because the return value of &quot;com.utilities.HelperClass.getDriver()&quot; is null" type="java.lang.NullPointerException">
      <![CDATA[java.lang.NullPointerException: Cannot invoke "org.openqa.selenium.WebDriver.navigate()" because the return value of "com.utilities.HelperClass.getDriver()" is null
at com.definitions.Hooks.setUp(Hooks.java:26)
]]>
    </error>
  </testcase> <!-- runScenario -->
  <testcase classname="com.runner.RunnerTestNg" name="runScenario" time="9.664"/>
  <testcase classname="com.runner.RunnerTestNg" name="runScenario" time="10.803"/>
  <testcase classname="com.runner.RunnerTestNg" name="runScenario" time="17.449"/>
  <testcase classname="com.runner.RunnerTestNg" name="runScenario" time="30.563"/>
  <testcase classname="com.runner.RunnerTestNg" name="runScenario" time="15.477"/>
  <testcase classname="com.runner.RunnerTestNg" name="runScenario" time="17.225"/>
  <testcase classname="com.runner.RunnerTestNg" name="runScenario" time="0.017">
    <error message="Cannot invoke &quot;org.openqa.selenium.WebDriver.navigate()&quot; because the return value of &quot;com.utilities.HelperClass.getDriver()&quot; is null" type="java.lang.NullPointerException">
      <![CDATA[java.lang.NullPointerException: Cannot invoke "org.openqa.selenium.WebDriver.navigate()" because the return value of "com.utilities.HelperClass.getDriver()" is null
at com.definitions.Hooks.setUp(Hooks.java:26)
]]>
    </error>
  </testcase> <!-- runScenario -->
  <testcase classname="com.runner.RunnerTestNg" name="runScenario" time="12.280"/>
  <testcase classname="com.runner.RunnerTestNg" name="runScenario" time="16.221"/>
  <testcase classname="com.runner.RunnerTestNg" name="runScenario" time="0.049">
    <error message="Cannot invoke &quot;org.openqa.selenium.WebDriver.navigate()&quot; because the return value of &quot;com.utilities.HelperClass.getDriver()&quot; is null" type="java.lang.NullPointerException">
      <![CDATA[java.lang.NullPointerException: Cannot invoke "org.openqa.selenium.WebDriver.navigate()" because the return value of "com.utilities.HelperClass.getDriver()" is null
at com.definitions.Hooks.setUp(Hooks.java:26)
]]>
    </error>
  </testcase> <!-- runScenario -->
  <testcase classname="com.runner.RunnerTestNg" name="runScenario" time="9.357"/>
  <testcase classname="com.runner.RunnerTestNg" name="runScenario" time="19.245"/>
  <testcase classname="com.runner.RunnerTestNg" name="runScenario" time="43.669"/>
  <testcase classname="com.runner.RunnerTestNg" name="runScenario" time="59.246"/>
  <testcase classname="com.runner.RunnerTestNg" name="runScenario" time="16.738"/>
  <testcase classname="com.runner.RunnerTestNg" name="runScenario" time="0.011">
    <error message="Cannot invoke &quot;org.openqa.selenium.WebDriver.navigate()&quot; because the return value of &quot;com.utilities.HelperClass.getDriver()&quot; is null" type="java.lang.NullPointerException">
      <![CDATA[java.lang.NullPointerException: Cannot invoke "org.openqa.selenium.WebDriver.navigate()" because the return value of "com.utilities.HelperClass.getDriver()" is null
at com.definitions.Hooks.setUp(Hooks.java:26)
]]>
    </error>
  </testcase> <!-- runScenario -->
  <testcase classname="com.runner.RunnerTestNg" name="runScenario" time="13.555"/>
  <testcase classname="com.runner.RunnerTestNg" name="runScenario" time="42.641"/>
  <testcase classname="com.runner.RunnerTestNg" name="runScenario" time="16.996"/>
  <testcase classname="com.runner.RunnerTestNg" name="runScenario" time="11.530"/>
  <testcase classname="com.runner.RunnerTestNg" name="runScenario" time="11.076"/>
  <testcase classname="com.runner.RunnerTestNg" name="runScenario" time="0.017">
    <error message="Cannot invoke &quot;org.openqa.selenium.WebDriver.navigate()&quot; because the return value of &quot;com.utilities.HelperClass.getDriver()&quot; is null" type="java.lang.NullPointerException">
      <![CDATA[java.lang.NullPointerException: Cannot invoke "org.openqa.selenium.WebDriver.navigate()" because the return value of "com.utilities.HelperClass.getDriver()" is null
at com.definitions.Hooks.setUp(Hooks.java:26)
]]>
    </error>
  </testcase> <!-- runScenario -->
  <testcase classname="com.runner.RunnerTestNg" name="runScenario" time="0.019">
    <error message="Cannot invoke &quot;org.openqa.selenium.WebDriver.navigate()&quot; because the return value of &quot;com.utilities.HelperClass.getDriver()&quot; is null" type="java.lang.NullPointerException">
      <![CDATA[java.lang.NullPointerException: Cannot invoke "org.openqa.selenium.WebDriver.navigate()" because the return value of "com.utilities.HelperClass.getDriver()" is null
at com.definitions.Hooks.setUp(Hooks.java:26)
]]>
    </error>
  </testcase> <!-- runScenario -->
  <testcase classname="com.runner.RunnerTestNg" name="runScenario" time="0.015">
    <error message="Cannot invoke &quot;org.openqa.selenium.WebDriver.navigate()&quot; because the return value of &quot;com.utilities.HelperClass.getDriver()&quot; is null" type="java.lang.NullPointerException">
      <![CDATA[java.lang.NullPointerException: Cannot invoke "org.openqa.selenium.WebDriver.navigate()" because the return value of "com.utilities.HelperClass.getDriver()" is null
at com.definitions.Hooks.setUp(Hooks.java:26)
]]>
    </error>
  </testcase> <!-- runScenario -->
  <testcase classname="com.runner.RunnerTestNg" name="runScenario" time="55.332"/>
  <testcase classname="com.runner.RunnerTestNg" name="runScenario" time="9.137"/>
  <testcase classname="com.runner.RunnerTestNg" name="runScenario" time="27.903"/>
  <testcase classname="com.runner.RunnerTestNg" name="runScenario" time="54.194"/>
  <testcase classname="com.runner.RunnerTestNg" name="runScenario" time="11.566"/>
  <testcase classname="com.runner.RunnerTestNg" name="runScenario" time="11.447"/>
  <testcase classname="com.runner.RunnerTestNg" name="runScenario" time="43.172"/>
  <testcase classname="com.runner.RunnerTestNg" name="runScenario" time="9.402"/>
  <testcase classname="com.runner.RunnerTestNg" name="runScenario" time="33.561"/>
  <testcase classname="com.runner.RunnerTestNg" name="runScenario" time="50.321"/>
  <testcase classname="com.runner.RunnerTestNg" name="runScenario" time="20.561"/>
  <testcase classname="com.runner.RunnerTestNg" name="runScenario" time="15.067"/>
  <testcase classname="com.runner.RunnerTestNg" name="runScenario" time="8.776"/>
  <testcase classname="com.runner.RunnerTestNg" name="runScenario" time="17.199"/>
  <testcase classname="com.runner.RunnerTestNg" name="runScenario" time="46.708"/>
  <testcase classname="com.runner.RunnerTestNg" name="runScenario" time="16.209"/>
  <testcase classname="com.runner.RunnerTestNg" name="runScenario" time="10.371">
    <failure type="java.lang.AssertionError">
      <![CDATA[java.lang.AssertionError
at org.junit.Assert.fail(Assert.java:87)
at org.junit.Assert.assertTrue(Assert.java:42)
at org.junit.Assert.assertTrue(Assert.java:53)
at com.definitions.SearchDefinition.verify_products_displayed(SearchDefinition.java:112)
at ✽.the products must be displayed(file:///C:/Users/saran/git/SeleniumFinalCucumber/ecommerce-lambdatest-bd/src/test/resources/com/features/Search.feature:9)
]]>
    </failure>
  </testcase> <!-- runScenario -->
  <testcase classname="com.runner.RunnerTestNg" name="runScenario" time="16.137"/>
  <testcase classname="com.runner.RunnerTestNg" name="runScenario" time="8.816"/>
  <testcase classname="com.runner.RunnerTestNg" name="runScenario" time="13.164"/>
  <testcase classname="com.runner.RunnerTestNg" name="runScenario" time="19.545"/>
  <testcase classname="com.runner.RunnerTestNg" name="runScenario" time="15.266"/>
  <testcase classname="com.runner.RunnerTestNg" name="runScenario" time="22.086"/>
  <testcase classname="com.runner.RunnerTestNg" name="runScenario" time="9.445"/>
  <testcase classname="com.runner.RunnerTestNg" name="runScenario" time="11.280"/>
  <testcase classname="com.runner.RunnerTestNg" name="runScenario" time="12.583"/>
  <testcase classname="com.runner.RunnerTestNg" name="runScenario" time="15.303"/>
  <testcase classname="com.runner.RunnerTestNg" name="runScenario" time="19.452"/>
</testsuite> <!-- com.runner.RunnerTestNg -->
