<?xml version="1.0" encoding="UTF-8"?>
<!-- Generated by org.testng.reporters.JUnitReportReporter -->
<testsuite hostname="Saranya" failures="0" tests="40" name="com.runner.RunnerTestNg" time="844.229" errors="2" timestamp="2025-04-16T18:36:57 IST" skipped="0">
  <testcase classname="com.runner.RunnerTestNg" name="runScenario" time="20.858"/>
  <testcase classname="com.runner.RunnerTestNg" name="runScenario" time="19.418"/>
  <testcase classname="com.runner.RunnerTestNg" name="runScenario" time="11.568"/>
  <testcase classname="com.runner.RunnerTestNg" name="runScenario" time="28.818"/>
  <testcase classname="com.runner.RunnerTestNg" name="runScenario" time="12.594"/>
  <testcase classname="com.runner.RunnerTestNg" name="runScenario" time="11.956">
    <error message="stale element reference: stale element not found
  (Session info: chrome=135.0.7049.95)
For documentation on this error, please visit: https://www.selenium.dev/documentation/webdriver/troubleshooting/errors#stale-element-reference-exception
Build info: version: &#039;4.31.0&#039;, revision: &#039;1ef9f18787*&#039;
System info: os.name: &#039;Windows 11&#039;, os.arch: &#039;amd64&#039;, os.version: &#039;10.0&#039;, java.version: &#039;21.0.6&#039;
Driver info: org.openqa.selenium.chrome.ChromeDriver
Command: [52c73fb5abf5db5d1c5e37880a8d79e1, clickElement {id=f.C1D0D5DA3FDC736630B25697248E5194.d.05B5CF64259476A18A56DB132BD51F05.e.49}]
Capabilities {acceptInsecureCerts: false, browserName: chrome, browserVersion: 135.0.7049.95, chrome: {chromedriverVersion: 135.0.7049.95 (de2eb485a195..., userDataDir: C:\Users\saran\AppData\Loca...}, fedcm:accounts: true, goog:chromeOptions: {debuggerAddress: localhost:64281}, networkConnectionEnabled: false, pageLoadStrategy: normal, platformName: windows, proxy: Proxy(), se:cdp: ws://localhost:64281/devtoo..., se:cdpVersion: 135.0.7049.95, setWindowRect: true, strictFileInteractability: false, timeouts: {implicit: 0, pageLoad: 300000, script: 30000}, unhandledPromptBehavior: dismiss and notify, webauthn:extension:credBlob: true, webauthn:extension:largeBlob: true, webauthn:extension:minPinLength: true, webauthn:extension:prf: true, webauthn:virtualAuthenticators: true}
Element: [[ChromeDriver: chrome on windows (52c73fb5abf5db5d1c5e37880a8d79e1)] -&gt; xpath: //button[contains(text(),&#039;Search&#039;)]]
Session ID: 52c73fb5abf5db5d1c5e37880a8d79e1" type="org.openqa.selenium.StaleElementReferenceException">
      <![CDATA[org.openqa.selenium.StaleElementReferenceException: stale element reference: stale element not found
  (Session info: chrome=135.0.7049.95)
For documentation on this error, please visit: https://www.selenium.dev/documentation/webdriver/troubleshooting/errors#stale-element-reference-exception
Build info: version: '4.31.0', revision: '1ef9f18787*'
System info: os.name: 'Windows 11', os.arch: 'amd64', os.version: '10.0', java.version: '21.0.6'
Driver info: org.openqa.selenium.chrome.ChromeDriver
Command: [52c73fb5abf5db5d1c5e37880a8d79e1, clickElement {id=f.C1D0D5DA3FDC736630B25697248E5194.d.05B5CF64259476A18A56DB132BD51F05.e.49}]
Capabilities {acceptInsecureCerts: false, browserName: chrome, browserVersion: 135.0.7049.95, chrome: {chromedriverVersion: 135.0.7049.95 (de2eb485a195..., userDataDir: C:\Users\saran\AppData\Loca...}, fedcm:accounts: true, goog:chromeOptions: {debuggerAddress: localhost:64281}, networkConnectionEnabled: false, pageLoadStrategy: normal, platformName: windows, proxy: Proxy(), se:cdp: ws://localhost:64281/devtoo..., se:cdpVersion: 135.0.7049.95, setWindowRect: true, strictFileInteractability: false, timeouts: {implicit: 0, pageLoad: 300000, script: 30000}, unhandledPromptBehavior: dismiss and notify, webauthn:extension:credBlob: true, webauthn:extension:largeBlob: true, webauthn:extension:minPinLength: true, webauthn:extension:prf: true, webauthn:virtualAuthenticators: true}
Element: [[ChromeDriver: chrome on windows (52c73fb5abf5db5d1c5e37880a8d79e1)] -> xpath: //button[contains(text(),'Search')]]
Session ID: 52c73fb5abf5db5d1c5e37880a8d79e1
at java.base/jdk.internal.reflect.DirectConstructorHandleAccessor.newInstance(DirectConstructorHandleAccessor.java:62)
at java.base/java.lang.reflect.Constructor.newInstanceWithCaller(Constructor.java:502)
at java.base/java.lang.reflect.Constructor.newInstance(Constructor.java:486)
at org.openqa.selenium.remote.ErrorCodec.decode(ErrorCodec.java:167)
at org.openqa.selenium.remote.codec.w3c.W3CHttpResponseCodec.decode(W3CHttpResponseCodec.java:138)
at org.openqa.selenium.remote.codec.w3c.W3CHttpResponseCodec.decode(W3CHttpResponseCodec.java:50)
at org.openqa.selenium.remote.HttpCommandExecutor.execute(HttpCommandExecutor.java:215)
at org.openqa.selenium.remote.service.DriverCommandExecutor.invokeExecute(DriverCommandExecutor.java:216)
at org.openqa.selenium.remote.service.DriverCommandExecutor.execute(DriverCommandExecutor.java:174)
at org.openqa.selenium.remote.RemoteWebDriver.execute(RemoteWebDriver.java:545)
at org.openqa.selenium.remote.RemoteWebElement.execute(RemoteWebElement.java:223)
at org.openqa.selenium.remote.RemoteWebElement.click(RemoteWebElement.java:76)
at java.base/jdk.internal.reflect.DirectMethodHandleAccessor.invoke(DirectMethodHandleAccessor.java:103)
at java.base/java.lang.reflect.Method.invoke(Method.java:580)
at org.openqa.selenium.support.pagefactory.internal.LocatingElementHandler.invoke(LocatingElementHandler.java:51)
at jdk.proxy2/jdk.proxy2.$Proxy60.click(Unknown Source)
at com.actions.CheckOutAction.searchProdut(CheckOutAction.java:40)
at com.definitions.CheckoutDefinition.the_user_searches(CheckoutDefinition.java:20)
at ✽.the user searches "mac"(file:///C:/Users/saran/git/SeleniumFinalCucumber/ecommerce-lambdatest-bd/src/test/resources/com/features/ProductCompare.feature:15)
]]>
    </error>
  </testcase> <!-- runScenario -->
  <testcase classname="com.runner.RunnerTestNg" name="runScenario" time="10.310"/>
  <testcase classname="com.runner.RunnerTestNg" name="runScenario" time="12.028"/>
  <testcase classname="com.runner.RunnerTestNg" name="runScenario" time="15.743"/>
  <testcase classname="com.runner.RunnerTestNg" name="runScenario" time="30.575"/>
  <testcase classname="com.runner.RunnerTestNg" name="runScenario" time="24.253"/>
  <testcase classname="com.runner.RunnerTestNg" name="runScenario" time="12.099"/>
  <testcase classname="com.runner.RunnerTestNg" name="runScenario" time="10.820"/>
  <testcase classname="com.runner.RunnerTestNg" name="runScenario" time="15.717"/>
  <testcase classname="com.runner.RunnerTestNg" name="runScenario" time="17.036"/>
  <testcase classname="com.runner.RunnerTestNg" name="runScenario" time="18.149"/>
  <testcase classname="com.runner.RunnerTestNg" name="runScenario" time="40.965"/>
  <testcase classname="com.runner.RunnerTestNg" name="runScenario" time="13.525"/>
  <testcase classname="com.runner.RunnerTestNg" name="runScenario" time="11.025"/>
  <testcase classname="com.runner.RunnerTestNg" name="runScenario" time="50.459"/>
  <testcase classname="com.runner.RunnerTestNg" name="runScenario" time="52.715"/>
  <testcase classname="com.runner.RunnerTestNg" name="runScenario" time="13.527"/>
  <testcase classname="com.runner.RunnerTestNg" name="runScenario" time="19.250"/>
  <testcase classname="com.runner.RunnerTestNg" name="runScenario" time="48.038"/>
  <testcase classname="com.runner.RunnerTestNg" name="runScenario" time="24.936"/>
  <testcase classname="com.runner.RunnerTestNg" name="runScenario" time="11.439"/>
  <testcase classname="com.runner.RunnerTestNg" name="runScenario" time="27.143"/>
  <testcase classname="com.runner.RunnerTestNg" name="runScenario" time="18.762"/>
  <testcase classname="com.runner.RunnerTestNg" name="runScenario" time="17.053"/>
  <testcase classname="com.runner.RunnerTestNg" name="runScenario" time="29.541"/>
  <testcase classname="com.runner.RunnerTestNg" name="runScenario" time="17.743">
    <error message="element not interactable
  (Session info: chrome=135.0.7049.95)
Build info: version: &#039;4.31.0&#039;, revision: &#039;1ef9f18787*&#039;
System info: os.name: &#039;Windows 11&#039;, os.arch: &#039;amd64&#039;, os.version: &#039;10.0&#039;, java.version: &#039;21.0.6&#039;
Driver info: org.openqa.selenium.chrome.ChromeDriver
Command: [2a9dffe5fbb01c423c633a20b81bb0d6, clickElement {id=f.966450CDCE378A6710A999B8518C3BDB.d.35B07FCC069DDA3172ABAE77AAA3FA9B.e.36}]
Capabilities {acceptInsecureCerts: false, browserName: chrome, browserVersion: 135.0.7049.95, chrome: {chromedriverVersion: 135.0.7049.95 (de2eb485a195..., userDataDir: C:\Users\saran\AppData\Loca...}, fedcm:accounts: true, goog:chromeOptions: {debuggerAddress: localhost:64973}, networkConnectionEnabled: false, pageLoadStrategy: normal, platformName: windows, proxy: Proxy(), se:cdp: ws://localhost:64973/devtoo..., se:cdpVersion: 135.0.7049.95, setWindowRect: true, strictFileInteractability: false, timeouts: {implicit: 0, pageLoad: 300000, script: 30000}, unhandledPromptBehavior: dismiss and notify, webauthn:extension:credBlob: true, webauthn:extension:largeBlob: true, webauthn:extension:minPinLength: true, webauthn:extension:prf: true, webauthn:virtualAuthenticators: true}
Element: [[ChromeDriver: chrome on windows (2a9dffe5fbb01c423c633a20b81bb0d6)] -&gt; xpath: //a[@class=&#039;icon-left both dropdown-item&#039; and @href=&#039;https://ecommerce-playground.lambdatest.io/index.php?route=account/register&#039;]]
Session ID: 2a9dffe5fbb01c423c633a20b81bb0d6" type="org.openqa.selenium.ElementNotInteractableException">
      <![CDATA[org.openqa.selenium.ElementNotInteractableException: element not interactable
  (Session info: chrome=135.0.7049.95)
Build info: version: '4.31.0', revision: '1ef9f18787*'
System info: os.name: 'Windows 11', os.arch: 'amd64', os.version: '10.0', java.version: '21.0.6'
Driver info: org.openqa.selenium.chrome.ChromeDriver
Command: [2a9dffe5fbb01c423c633a20b81bb0d6, clickElement {id=f.966450CDCE378A6710A999B8518C3BDB.d.35B07FCC069DDA3172ABAE77AAA3FA9B.e.36}]
Capabilities {acceptInsecureCerts: false, browserName: chrome, browserVersion: 135.0.7049.95, chrome: {chromedriverVersion: 135.0.7049.95 (de2eb485a195..., userDataDir: C:\Users\saran\AppData\Loca...}, fedcm:accounts: true, goog:chromeOptions: {debuggerAddress: localhost:64973}, networkConnectionEnabled: false, pageLoadStrategy: normal, platformName: windows, proxy: Proxy(), se:cdp: ws://localhost:64973/devtoo..., se:cdpVersion: 135.0.7049.95, setWindowRect: true, strictFileInteractability: false, timeouts: {implicit: 0, pageLoad: 300000, script: 30000}, unhandledPromptBehavior: dismiss and notify, webauthn:extension:credBlob: true, webauthn:extension:largeBlob: true, webauthn:extension:minPinLength: true, webauthn:extension:prf: true, webauthn:virtualAuthenticators: true}
Element: [[ChromeDriver: chrome on windows (2a9dffe5fbb01c423c633a20b81bb0d6)] -> xpath: //a[@class='icon-left both dropdown-item' and @href='https://ecommerce-playground.lambdatest.io/index.php?route=account/register']]
Session ID: 2a9dffe5fbb01c423c633a20b81bb0d6
at java.base/jdk.internal.reflect.DirectConstructorHandleAccessor.newInstance(DirectConstructorHandleAccessor.java:62)
at java.base/java.lang.reflect.Constructor.newInstanceWithCaller(Constructor.java:502)
at java.base/java.lang.reflect.Constructor.newInstance(Constructor.java:486)
at org.openqa.selenium.remote.ErrorCodec.decode(ErrorCodec.java:167)
at org.openqa.selenium.remote.codec.w3c.W3CHttpResponseCodec.decode(W3CHttpResponseCodec.java:138)
at org.openqa.selenium.remote.codec.w3c.W3CHttpResponseCodec.decode(W3CHttpResponseCodec.java:50)
at org.openqa.selenium.remote.HttpCommandExecutor.execute(HttpCommandExecutor.java:215)
at org.openqa.selenium.remote.service.DriverCommandExecutor.invokeExecute(DriverCommandExecutor.java:216)
at org.openqa.selenium.remote.service.DriverCommandExecutor.execute(DriverCommandExecutor.java:174)
at org.openqa.selenium.remote.RemoteWebDriver.execute(RemoteWebDriver.java:545)
at org.openqa.selenium.remote.RemoteWebElement.execute(RemoteWebElement.java:223)
at org.openqa.selenium.remote.RemoteWebElement.click(RemoteWebElement.java:76)
at java.base/jdk.internal.reflect.DirectMethodHandleAccessor.invoke(DirectMethodHandleAccessor.java:103)
at java.base/java.lang.reflect.Method.invoke(Method.java:580)
at org.openqa.selenium.support.pagefactory.internal.LocatingElementHandler.invoke(LocatingElementHandler.java:51)
at jdk.proxy2/jdk.proxy2.$Proxy60.click(Unknown Source)
at com.actions.UserRegistrationAction.waitAndClick(UserRegistrationAction.java:299)
at com.actions.UserRegistrationAction.clickRegister(UserRegistrationAction.java:244)
at com.definitions.UserRegistrationDefinition.clicks_the_register_button(UserRegistrationDefinition.java:33)
at ✽.clicks the register button(file:///C:/Users/saran/git/SeleniumFinalCucumber/ecommerce-lambdatest-bd/src/test/resources/com/features/UserRegistration.feature:8)
]]>
    </error>
  </testcase> <!-- runScenario -->
  <testcase classname="com.runner.RunnerTestNg" name="runScenario" time="9.314"/>
  <testcase classname="com.runner.RunnerTestNg" name="runScenario" time="49.578"/>
  <testcase classname="com.runner.RunnerTestNg" name="runScenario" time="24.652"/>
  <testcase classname="com.runner.RunnerTestNg" name="runScenario" time="12.358"/>
  <testcase classname="com.runner.RunnerTestNg" name="runScenario" time="18.322"/>
  <testcase classname="com.runner.RunnerTestNg" name="runScenario" time="24.450"/>
  <testcase classname="com.runner.RunnerTestNg" name="runScenario" time="13.152"/>
  <testcase classname="com.runner.RunnerTestNg" name="runScenario" time="11.956"/>
  <testcase classname="com.runner.RunnerTestNg" name="runScenario" time="12.384"/>
</testsuite> <!-- com.runner.RunnerTestNg -->
