<?xml version="1.0" encoding="UTF-8"?>
<!-- Generated by org.testng.reporters.JUnitReportReporter -->
<testsuite hostname="LAPTOP-LEC46EMO" failures="0" tests="2" name="com.runner.RunnerTestNg" time="83.039" errors="1" timestamp="2025-04-17T09:58:43 IST" skipped="0">
  <testcase classname="com.runner.RunnerTestNg" name="runScenario" time="40.745">
    <error message="Invalid check value. Must be &#039;valid&#039; or &#039;invalid&#039;" type="java.lang.IllegalArgumentException">
      <![CDATA[java.lang.IllegalArgumentException: Invalid check value. Must be 'valid' or 'invalid'
at com.definitions.AffiliateAccountDefinition.the_user_sees_based_on(AffiliateAccountDefinition.java:51)
at ✽.the user sees "Cheque Payee Name required!" based on "invalid"(file:///C:/Users/kirub/git/Ecommerce-lamdatest-bdd/ecommerce-lambdatest-bd/src/test/resources/com/features/AffiliateAccount.feature:20)
]]>
    </error>
  </testcase> <!-- runScenario -->
  <testcase classname="com.runner.RunnerTestNg" name="runScenario" time="42.294"/>
</testsuite> <!-- com.runner.RunnerTestNg -->
