<?xml version="1.0" encoding="UTF-8"?>
<!-- Generated by org.testng.reporters.JUnitReportReporter -->
<testsuite hostname="Saranya" failures="1" tests="14" name="com.runner.RunnerTestNg" time="494.518" errors="0" timestamp="2025-04-13T16:14:42 IST" skipped="0">
  <testcase classname="com.runner.RunnerTestNg" name="runScenario" time="46.672"/>
  <testcase classname="com.runner.RunnerTestNg" name="runScenario" time="12.846"/>
  <testcase classname="com.runner.RunnerTestNg" name="runScenario" time="46.889"/>
  <testcase classname="com.runner.RunnerTestNg" name="runScenario" time="14.893"/>
  <testcase classname="com.runner.RunnerTestNg" name="runScenario" time="42.168"/>
  <testcase classname="com.runner.RunnerTestNg" name="runScenario" time="42.740">
    <failure message="Check3 Failed: Empty email warning not displayed expected [Warning: Your account has exceeded allowed number of login attempts. Please try again in 1 hour.] but found [Warning: No match for E-Mail Address and/or Password.]" type="java.lang.AssertionError">
      <![CDATA[java.lang.AssertionError: Check3 Failed: Empty email warning not displayed expected [Warning: Your account has exceeded allowed number of login attempts. Please try again in 1 hour.] but found [Warning: No match for E-Mail Address and/or Password.]
at org.testng.Assert.fail(Assert.java:111)
at org.testng.Assert.failNotEquals(Assert.java:1590)
at org.testng.Assert.assertEqualsImpl(Assert.java:150)
at org.testng.Assert.assertEquals(Assert.java:132)
at org.testng.Assert.assertEquals(Assert.java:656)
at com.definitions.UserLoginDefinition.the_user_should_see_the_and(UserLoginDefinition.java:69)
at ✽.the user should see the "Warning: Your account has exceeded allowed number of login attempts. Please try again in 1 hour." and "check3"(file:///C:/Users/saran/git/SeleniumFinalCucumber/ecommerce-lambdatest-bd/src/test/resources/com/features/UserLogin.feature:19)
]]>
    </failure>
  </testcase> <!-- runScenario -->
  <testcase classname="com.runner.RunnerTestNg" name="runScenario" time="11.501"/>
  <testcase classname="com.runner.RunnerTestNg" name="runScenario" time="46.686"/>
  <testcase classname="com.runner.RunnerTestNg" name="runScenario" time="41.862"/>
  <testcase classname="com.runner.RunnerTestNg" name="runScenario" time="46.929"/>
  <testcase classname="com.runner.RunnerTestNg" name="runScenario" time="43.165"/>
  <testcase classname="com.runner.RunnerTestNg" name="runScenario" time="42.025"/>
  <testcase classname="com.runner.RunnerTestNg" name="runScenario" time="11.975"/>
  <testcase classname="com.runner.RunnerTestNg" name="runScenario" time="44.167"/>
</testsuite> <!-- com.runner.RunnerTestNg -->
