<?xml version="1.0" encoding="UTF-8"?>
<!-- Generated by org.testng.reporters.JUnitReportReporter -->
<testsuite hostname="Saranya" failures="1" tests="9" name="com.runner.RunnerTestNg" time="98.020" errors="0" timestamp="2025-04-11T01:11:23 IST" skipped="0">
  <testcase classname="com.runner.RunnerTestNg" name="runScenario" time="11.364"/>
  <testcase classname="com.runner.RunnerTestNg" name="runScenario" time="8.198"/>
  <testcase classname="com.runner.RunnerTestNg" name="runScenario" time="9.218"/>
  <testcase classname="com.runner.RunnerTestNg" name="runScenario" time="9.305">
    <failure message="expected:&lt;[Register Account]&gt; but was:&lt;[Your Account Has Been Created!]&gt;" type="org.junit.ComparisonFailure">
      <![CDATA[org.junit.ComparisonFailure: expected:<[Register Account]> but was:<[Your Account Has Been Created!]>
at org.junit.Assert.assertEquals(Assert.java:117)
at org.junit.Assert.assertEquals(Assert.java:146)
at com.definitions.UserRegistrationDefinition.the_user_should_see(UserRegistrationDefinition.java:65)
at ✽.the user should see "Your Account Has Been Created!"(file:///C:/Users/saran/git/SeleniumFinalCucumber/ecommerce-lambdatest-bd/src/test/resources/com/features/UserRegistration.feature:16)
]]>
    </failure>
  </testcase> <!-- runScenario -->
  <testcase classname="com.runner.RunnerTestNg" name="runScenario" time="11.088"/>
  <testcase classname="com.runner.RunnerTestNg" name="runScenario" time="11.245"/>
  <testcase classname="com.runner.RunnerTestNg" name="runScenario" time="9.215"/>
  <testcase classname="com.runner.RunnerTestNg" name="runScenario" time="8.491"/>
  <testcase classname="com.runner.RunnerTestNg" name="runScenario" time="19.896"/>
</testsuite> <!-- com.runner.RunnerTestNg -->
