<?xml version="1.0" encoding="UTF-8"?>
<!-- Generated by org.testng.reporters.JUnitReportReporter -->
<testsuite hostname="LAPTOP-LEC46EMO" failures="0" tests="6" name="com.runner.RunnerTestNg" time="132.824" errors="0" timestamp="2025-05-27T08:04:10 IST" skipped="0">
  <testcase classname="com.runner.RunnerTestNg" name="runScenario" time="21.219"/>
  <testcase classname="com.runner.RunnerTestNg" name="runScenario" time="21.695"/>
  <testcase classname="com.runner.RunnerTestNg" name="runScenario" time="21.240"/>
  <testcase classname="com.runner.RunnerTestNg" name="runScenario" time="24.365"/>
  <testcase classname="com.runner.RunnerTestNg" name="runScenario" time="22.177"/>
  <testcase classname="com.runner.RunnerTestNg" name="runScenario" time="22.128"/>
</testsuite> <!-- com.runner.RunnerTestNg -->
