<?xml version="1.0" encoding="UTF-8"?>
<!-- Generated by org.testng.reporters.JUnitReportReporter -->
<testsuite hostname="LAPTOP-LEC46EMO" failures="1" tests="30" name="com.runner.RunnerTestNg" time="1346.511" errors="0" timestamp="2025-06-22T22:44:45 IST" skipped="0">
  <testcase classname="com.runner.RunnerTestNg" name="runScenario" time="54.920"/>
  <testcase classname="com.runner.RunnerTestNg" name="runScenario" time="81.028">
    <failure message="expected [true] but found [false]" type="java.lang.AssertionError">
      <![CDATA[java.lang.AssertionError: expected [true] but found [false]
at org.testng.Assert.fail(Assert.java:111)
at org.testng.Assert.failNotEquals(Assert.java:1590)
at org.testng.Assert.assertTrue(Assert.java:57)
at org.testng.Assert.assertTrue(Assert.java:67)
at com.definitions.SearchDefinition.clicks_on_checkout_button_to_see_checkout_page(SearchDefinition.java:139)
at ✽.clicks on checkout button to see checkout page(file:///C:/Ecommerce_LambdaTest/Ecommerce-lamdatest-bdd/ecommerce-lambdatest-bd/src/test/resources/com/features/Search.feature:68)
]]>
    </failure>
  </testcase> <!-- runScenario -->
  <testcase classname="com.runner.RunnerTestNg" name="runScenario" time="45.797"/>
  <testcase classname="com.runner.RunnerTestNg" name="runScenario" time="22.916"/>
  <testcase classname="com.runner.RunnerTestNg" name="runScenario" time="32.927"/>
  <testcase classname="com.runner.RunnerTestNg" name="runScenario" time="58.841"/>
  <testcase classname="com.runner.RunnerTestNg" name="runScenario" time="55.775"/>
  <testcase classname="com.runner.RunnerTestNg" name="runScenario" time="33.336"/>
  <testcase classname="com.runner.RunnerTestNg" name="runScenario" time="31.398"/>
  <testcase classname="com.runner.RunnerTestNg" name="runScenario" time="33.814"/>
  <testcase classname="com.runner.RunnerTestNg" name="runScenario" time="42.356"/>
  <testcase classname="com.runner.RunnerTestNg" name="runScenario" time="34.286"/>
  <testcase classname="com.runner.RunnerTestNg" name="runScenario" time="48.513"/>
  <testcase classname="com.runner.RunnerTestNg" name="runScenario" time="31.093"/>
  <testcase classname="com.runner.RunnerTestNg" name="runScenario" time="53.836"/>
  <testcase classname="com.runner.RunnerTestNg" name="runScenario" time="78.209"/>
  <testcase classname="com.runner.RunnerTestNg" name="runScenario" time="31.511"/>
  <testcase classname="com.runner.RunnerTestNg" name="runScenario" time="25.184"/>
  <testcase classname="com.runner.RunnerTestNg" name="runScenario" time="24.759"/>
  <testcase classname="com.runner.RunnerTestNg" name="runScenario" time="55.108"/>
  <testcase classname="com.runner.RunnerTestNg" name="runScenario" time="32.309"/>
  <testcase classname="com.runner.RunnerTestNg" name="runScenario" time="57.607"/>
  <testcase classname="com.runner.RunnerTestNg" name="runScenario" time="59.208"/>
  <testcase classname="com.runner.RunnerTestNg" name="runScenario" time="90.414"/>
  <testcase classname="com.runner.RunnerTestNg" name="runScenario" time="28.143"/>
  <testcase classname="com.runner.RunnerTestNg" name="runScenario" time="30.790"/>
  <testcase classname="com.runner.RunnerTestNg" name="runScenario" time="38.615"/>
  <testcase classname="com.runner.RunnerTestNg" name="runScenario" time="77.337"/>
  <testcase classname="com.runner.RunnerTestNg" name="runScenario" time="20.025"/>
  <testcase classname="com.runner.RunnerTestNg" name="runScenario" time="36.456"/>
</testsuite> <!-- com.runner.RunnerTestNg -->
