<?xml version="1.0" encoding="UTF-8"?>
<!-- Generated by org.testng.reporters.JUnitReportReporter -->
<testsuite hostname="Saranya" failures="0" tests="3" name="com.runner.RunnerTestNg" time="77.806" errors="0" timestamp="2025-07-03T11:59:30 IST" skipped="0">
  <testcase classname="com.runner.RunnerTestNg" name="runScenario" time="7.838"/>
  <testcase classname="com.runner.RunnerTestNg" name="runScenario" time="44.204"/>
  <testcase classname="com.runner.RunnerTestNg" name="runScenario" time="25.764"/>
</testsuite> <!-- com.runner.RunnerTestNg -->
