<?xml version="1.0" encoding="UTF-8"?>
<!-- Generated by org.testng.reporters.JUnitReportReporter -->
<testsuite hostname="Saranya" failures="1" tests="51" name="com.runner.RunnerTestNg" time="2385.927" errors="0" timestamp="2025-04-24T15:40:41 IST" skipped="0">
  <testcase classname="com.runner.RunnerTestNg" name="runScenario" time="51.332"/>
  <testcase classname="com.runner.RunnerTestNg" name="runScenario" time="32.858"/>
  <testcase classname="com.runner.RunnerTestNg" name="runScenario" time="33.232"/>
  <testcase classname="com.runner.RunnerTestNg" name="runScenario" time="145.288"/>
  <testcase classname="com.runner.RunnerTestNg" name="runScenario" time="27.255"/>
  <testcase classname="com.runner.RunnerTestNg" name="runScenario" time="33.265"/>
  <testcase classname="com.runner.RunnerTestNg" name="runScenario" time="43.397"/>
  <testcase classname="com.runner.RunnerTestNg" name="runScenario" time="34.266"/>
  <testcase classname="com.runner.RunnerTestNg" name="runScenario" time="57.980"/>
  <testcase classname="com.runner.RunnerTestNg" name="runScenario" time="46.242"/>
  <testcase classname="com.runner.RunnerTestNg" name="runScenario" time="37.534">
    <failure message="expected [true] but found [false]" type="java.lang.AssertionError">
      <![CDATA[java.lang.AssertionError: expected [true] but found [false]
at org.testng.Assert.fail(Assert.java:111)
at org.testng.Assert.failNotEquals(Assert.java:1590)
at org.testng.Assert.assertTrue(Assert.java:57)
at org.testng.Assert.assertTrue(Assert.java:67)
at com.definitions.ForgotPasswordDefinition.user_should_see_an_error_message(ForgotPasswordDefinition.java:59)
at ✽.user should see an Error Message(file:///C:/Users/saran/git/SeleniumFinalCucumber/ecommerce-lambdatest-bd/src/test/resources/com/features/ForgotPassword.feature:23)
]]>
    </failure>
  </testcase> <!-- runScenario -->
  <testcase classname="com.runner.RunnerTestNg" name="runScenario" time="114.106"/>
  <testcase classname="com.runner.RunnerTestNg" name="runScenario" time="36.001"/>
  <testcase classname="com.runner.RunnerTestNg" name="runScenario" time="20.765"/>
  <testcase classname="com.runner.RunnerTestNg" name="runScenario" time="22.743"/>
  <testcase classname="com.runner.RunnerTestNg" name="runScenario" time="16.940"/>
  <testcase classname="com.runner.RunnerTestNg" name="runScenario" time="55.491"/>
  <testcase classname="com.runner.RunnerTestNg" name="runScenario" time="62.826"/>
  <testcase classname="com.runner.RunnerTestNg" name="runScenario" time="55.075"/>
  <testcase classname="com.runner.RunnerTestNg" name="runScenario" time="61.359"/>
  <testcase classname="com.runner.RunnerTestNg" name="runScenario" time="20.023"/>
  <testcase classname="com.runner.RunnerTestNg" name="runScenario" time="22.059"/>
  <testcase classname="com.runner.RunnerTestNg" name="runScenario" time="33.745"/>
  <testcase classname="com.runner.RunnerTestNg" name="runScenario" time="21.449"/>
  <testcase classname="com.runner.RunnerTestNg" name="runScenario" time="21.569"/>
  <testcase classname="com.runner.RunnerTestNg" name="runScenario" time="36.723"/>
  <testcase classname="com.runner.RunnerTestNg" name="runScenario" time="36.825"/>
  <testcase classname="com.runner.RunnerTestNg" name="runScenario" time="36.075"/>
  <testcase classname="com.runner.RunnerTestNg" name="runScenario" time="35.602"/>
  <testcase classname="com.runner.RunnerTestNg" name="runScenario" time="35.304"/>
  <testcase classname="com.runner.RunnerTestNg" name="runScenario" time="34.038"/>
  <testcase classname="com.runner.RunnerTestNg" name="runScenario" time="90.725"/>
  <testcase classname="com.runner.RunnerTestNg" name="runScenario" time="59.341"/>
  <testcase classname="com.runner.RunnerTestNg" name="runScenario" time="48.566"/>
  <testcase classname="com.runner.RunnerTestNg" name="runScenario" time="130.203"/>
  <testcase classname="com.runner.RunnerTestNg" name="runScenario" time="40.337"/>
  <testcase classname="com.runner.RunnerTestNg" name="runScenario" time="94.575"/>
  <testcase classname="com.runner.RunnerTestNg" name="runScenario" time="31.195"/>
  <testcase classname="com.runner.RunnerTestNg" name="runScenario" time="41.989"/>
  <testcase classname="com.runner.RunnerTestNg" name="runScenario" time="26.599"/>
  <testcase classname="com.runner.RunnerTestNg" name="runScenario" time="27.459"/>
  <testcase classname="com.runner.RunnerTestNg" name="runScenario" time="37.902"/>
  <testcase classname="com.runner.RunnerTestNg" name="runScenario" time="21.491"/>
  <testcase classname="com.runner.RunnerTestNg" name="runScenario" time="35.749"/>
  <testcase classname="com.runner.RunnerTestNg" name="runScenario" time="60.934"/>
  <testcase classname="com.runner.RunnerTestNg" name="runScenario" time="43.019"/>
  <testcase classname="com.runner.RunnerTestNg" name="runScenario" time="24.952"/>
  <testcase classname="com.runner.RunnerTestNg" name="runScenario" time="31.667"/>
  <testcase classname="com.runner.RunnerTestNg" name="runScenario" time="124.408"/>
  <testcase classname="com.runner.RunnerTestNg" name="runScenario" time="66.012"/>
  <testcase classname="com.runner.RunnerTestNg" name="runScenario" time="27.437"/>
</testsuite> <!-- com.runner.RunnerTestNg -->
