<?xml version="1.0" encoding="UTF-8"?>
<!-- Generated by org.testng.reporters.JUnitXMLReporter -->
<testsuite ignored="0" hostname="Saranya" failures="73" tests="73" name="Test" time="8.116" errors="0" timestamp="2025-05-26T19:42:36 IST">
  <testcase classname="io.cucumber.testng.AbstractTestNGCucumberTests" name="runScenario" time="0.589">
    <failure type="io.cucumber.core.exception.CucumberException" message="Failed to instantiate class com.definitions.UserRegistrationDefinition">
      <![CDATA[io.cucumber.core.exception.CucumberException: Failed to instantiate class com.definitions.UserRegistrationDefinition
at io.cucumber.core.backend.DefaultObjectFactory.cacheNewInstance(DefaultObjectFactory.java:67)
at io.cucumber.core.backend.DefaultObjectFactory.getInstance(DefaultObjectFactory.java:45)
at io.cucumber.java.AbstractGlueDefinition.invokeMethod(AbstractGlueDefinition.java:47)
at io.cucumber.java.JavaStepDefinition.execute(JavaStepDefinition.java:29)
at io.cucumber.core.runner.CoreStepDefinition.execute(CoreStepDefinition.java:66)
at io.cucumber.core.runner.PickleStepDefinitionMatch.runStep(PickleStepDefinitionMatch.java:62)
at io.cucumber.core.runner.ExecutionMode$1.execute(ExecutionMode.java:10)
at io.cucumber.core.runner.TestStep.executeStep(TestStep.java:81)
at io.cucumber.core.runner.TestStep.run(TestStep.java:53)
at io.cucumber.core.runner.PickleStepTestStep.run(PickleStepTestStep.java:51)
at io.cucumber.core.runner.TestCase.run(TestCase.java:86)
at io.cucumber.core.runner.Runner.runPickle(Runner.java:77)
at io.cucumber.testng.TestNGCucumberRunner.lambda$runScenario$1(TestNGCucumberRunner.java:135)
at io.cucumber.core.runtime.CucumberExecutionContext.lambda$runTestCase$5(CucumberExecutionContext.java:136)
at io.cucumber.core.runtime.RethrowingThrowableCollector.executeAndThrow(RethrowingThrowableCollector.java:23)
at io.cucumber.core.runtime.CucumberExecutionContext.runTestCase(CucumberExecutionContext.java:136)
at io.cucumber.testng.TestNGCucumberRunner.runScenario(TestNGCucumberRunner.java:132)
at io.cucumber.testng.AbstractTestNGCucumberTests.runScenario(AbstractTestNGCucumberTests.java:35)
at java.base/java.util.concurrent.ThreadPoolExecutor.runWorker(ThreadPoolExecutor.java:1136)
at java.base/java.util.concurrent.ThreadPoolExecutor$Worker.run(ThreadPoolExecutor.java:635)
at java.base/java.lang.Thread.run(Thread.java:842)
at io.cucumber.core.backend.DefaultObjectFactory.cacheNewInstance(DefaultObjectFactory.java:53)
... 29 more
Caused by: java.lang.Error: Unresolved compilation problems: 
The import com.actions cannot be resolved
The import com.utilities cannot be resolved
UserRegistrationAction cannot be resolved to a type
UserRegistrationAction cannot be resolved to a type
HelperClass cannot be resolved
UserRegistrationAction cannot be resolved to a type
UserRegistrationAction cannot be resolved to a type
UserRegistrationAction cannot be resolved to a type
UserRegistrationAction cannot be resolved to a type
UserRegistrationAction cannot be resolved to a type
UserRegistrationAction cannot be resolved to a type
UserRegistrationAction cannot be resolved to a type
UserRegistrationAction cannot be resolved to a type
UserRegistrationAction cannot be resolved to a type
UserRegistrationAction cannot be resolved to a type
UserRegistrationAction cannot be resolved to a type
UserRegistrationAction cannot be resolved to a type
UserRegistrationAction cannot be resolved to a type
UserRegistrationAction cannot be resolved to a type

at com.definitions.UserRegistrationDefinition.<init>(UserRegistrationDefinition.java:3)
... 35 more
... Removed 15 stack frames]]>
    </failure>
  </testcase> <!-- runScenario -->
  <testcase classname="io.cucumber.testng.AbstractTestNGCucumberTests" name="runScenario" time="0.576">
    <failure type="io.cucumber.core.exception.CucumberException" message="Failed to instantiate class com.definitions.UserRegistrationDefinition">
      <![CDATA[io.cucumber.core.exception.CucumberException: Failed to instantiate class com.definitions.UserRegistrationDefinition
at io.cucumber.core.backend.DefaultObjectFactory.cacheNewInstance(DefaultObjectFactory.java:67)
at io.cucumber.core.backend.DefaultObjectFactory.getInstance(DefaultObjectFactory.java:45)
at io.cucumber.java.AbstractGlueDefinition.invokeMethod(AbstractGlueDefinition.java:47)
at io.cucumber.java.JavaStepDefinition.execute(JavaStepDefinition.java:29)
at io.cucumber.core.runner.CoreStepDefinition.execute(CoreStepDefinition.java:66)
at io.cucumber.core.runner.PickleStepDefinitionMatch.runStep(PickleStepDefinitionMatch.java:62)
at io.cucumber.core.runner.ExecutionMode$1.execute(ExecutionMode.java:10)
at io.cucumber.core.runner.TestStep.executeStep(TestStep.java:81)
at io.cucumber.core.runner.TestStep.run(TestStep.java:53)
at io.cucumber.core.runner.PickleStepTestStep.run(PickleStepTestStep.java:51)
at io.cucumber.core.runner.TestCase.run(TestCase.java:86)
at io.cucumber.core.runner.Runner.runPickle(Runner.java:77)
at io.cucumber.testng.TestNGCucumberRunner.lambda$runScenario$1(TestNGCucumberRunner.java:135)
at io.cucumber.core.runtime.CucumberExecutionContext.lambda$runTestCase$5(CucumberExecutionContext.java:136)
at io.cucumber.core.runtime.RethrowingThrowableCollector.executeAndThrow(RethrowingThrowableCollector.java:23)
at io.cucumber.core.runtime.CucumberExecutionContext.runTestCase(CucumberExecutionContext.java:136)
at io.cucumber.testng.TestNGCucumberRunner.runScenario(TestNGCucumberRunner.java:132)
at io.cucumber.testng.AbstractTestNGCucumberTests.runScenario(AbstractTestNGCucumberTests.java:35)
at java.base/java.util.concurrent.ThreadPoolExecutor.runWorker(ThreadPoolExecutor.java:1136)
at java.base/java.util.concurrent.ThreadPoolExecutor$Worker.run(ThreadPoolExecutor.java:635)
at java.base/java.lang.Thread.run(Thread.java:842)
at io.cucumber.core.backend.DefaultObjectFactory.cacheNewInstance(DefaultObjectFactory.java:53)
... 29 more
Caused by: java.lang.Error: Unresolved compilation problems: 
The import com.actions cannot be resolved
The import com.utilities cannot be resolved
UserRegistrationAction cannot be resolved to a type
UserRegistrationAction cannot be resolved to a type
HelperClass cannot be resolved
UserRegistrationAction cannot be resolved to a type
UserRegistrationAction cannot be resolved to a type
UserRegistrationAction cannot be resolved to a type
UserRegistrationAction cannot be resolved to a type
UserRegistrationAction cannot be resolved to a type
UserRegistrationAction cannot be resolved to a type
UserRegistrationAction cannot be resolved to a type
UserRegistrationAction cannot be resolved to a type
UserRegistrationAction cannot be resolved to a type
UserRegistrationAction cannot be resolved to a type
UserRegistrationAction cannot be resolved to a type
UserRegistrationAction cannot be resolved to a type
UserRegistrationAction cannot be resolved to a type
UserRegistrationAction cannot be resolved to a type

at com.definitions.UserRegistrationDefinition.<init>(UserRegistrationDefinition.java:3)
... 35 more
... Removed 15 stack frames]]>
    </failure>
  </testcase> <!-- runScenario -->
  <testcase classname="io.cucumber.testng.AbstractTestNGCucumberTests" name="runScenario" time="0.588">
    <failure type="io.cucumber.core.exception.CucumberException" message="Failed to instantiate class com.definitions.UserRegistrationDefinition">
      <![CDATA[io.cucumber.core.exception.CucumberException: Failed to instantiate class com.definitions.UserRegistrationDefinition
at io.cucumber.core.backend.DefaultObjectFactory.cacheNewInstance(DefaultObjectFactory.java:67)
at io.cucumber.core.backend.DefaultObjectFactory.getInstance(DefaultObjectFactory.java:45)
at io.cucumber.java.AbstractGlueDefinition.invokeMethod(AbstractGlueDefinition.java:47)
at io.cucumber.java.JavaStepDefinition.execute(JavaStepDefinition.java:29)
at io.cucumber.core.runner.CoreStepDefinition.execute(CoreStepDefinition.java:66)
at io.cucumber.core.runner.PickleStepDefinitionMatch.runStep(PickleStepDefinitionMatch.java:62)
at io.cucumber.core.runner.ExecutionMode$1.execute(ExecutionMode.java:10)
at io.cucumber.core.runner.TestStep.executeStep(TestStep.java:81)
at io.cucumber.core.runner.TestStep.run(TestStep.java:53)
at io.cucumber.core.runner.PickleStepTestStep.run(PickleStepTestStep.java:51)
at io.cucumber.core.runner.TestCase.run(TestCase.java:86)
at io.cucumber.core.runner.Runner.runPickle(Runner.java:77)
at io.cucumber.testng.TestNGCucumberRunner.lambda$runScenario$1(TestNGCucumberRunner.java:135)
at io.cucumber.core.runtime.CucumberExecutionContext.lambda$runTestCase$5(CucumberExecutionContext.java:136)
at io.cucumber.core.runtime.RethrowingThrowableCollector.executeAndThrow(RethrowingThrowableCollector.java:23)
at io.cucumber.core.runtime.CucumberExecutionContext.runTestCase(CucumberExecutionContext.java:136)
at io.cucumber.testng.TestNGCucumberRunner.runScenario(TestNGCucumberRunner.java:132)
at io.cucumber.testng.AbstractTestNGCucumberTests.runScenario(AbstractTestNGCucumberTests.java:35)
at java.base/java.util.concurrent.ThreadPoolExecutor.runWorker(ThreadPoolExecutor.java:1136)
at java.base/java.util.concurrent.ThreadPoolExecutor$Worker.run(ThreadPoolExecutor.java:635)
at java.base/java.lang.Thread.run(Thread.java:842)
at io.cucumber.core.backend.DefaultObjectFactory.cacheNewInstance(DefaultObjectFactory.java:53)
... 29 more
Caused by: java.lang.Error: Unresolved compilation problems: 
The import com.actions cannot be resolved
The import com.utilities cannot be resolved
UserRegistrationAction cannot be resolved to a type
UserRegistrationAction cannot be resolved to a type
HelperClass cannot be resolved
UserRegistrationAction cannot be resolved to a type
UserRegistrationAction cannot be resolved to a type
UserRegistrationAction cannot be resolved to a type
UserRegistrationAction cannot be resolved to a type
UserRegistrationAction cannot be resolved to a type
UserRegistrationAction cannot be resolved to a type
UserRegistrationAction cannot be resolved to a type
UserRegistrationAction cannot be resolved to a type
UserRegistrationAction cannot be resolved to a type
UserRegistrationAction cannot be resolved to a type
UserRegistrationAction cannot be resolved to a type
UserRegistrationAction cannot be resolved to a type
UserRegistrationAction cannot be resolved to a type
UserRegistrationAction cannot be resolved to a type

at com.definitions.UserRegistrationDefinition.<init>(UserRegistrationDefinition.java:3)
... 35 more
... Removed 15 stack frames]]>
    </failure>
  </testcase> <!-- runScenario -->
  <testcase classname="io.cucumber.testng.AbstractTestNGCucumberTests" name="runScenario" time="0.6">
    <failure type="io.cucumber.core.exception.CucumberException" message="Failed to instantiate class com.definitions.UserRegistrationDefinition">
      <![CDATA[io.cucumber.core.exception.CucumberException: Failed to instantiate class com.definitions.UserRegistrationDefinition
at io.cucumber.core.backend.DefaultObjectFactory.cacheNewInstance(DefaultObjectFactory.java:67)
at io.cucumber.core.backend.DefaultObjectFactory.getInstance(DefaultObjectFactory.java:45)
at io.cucumber.java.AbstractGlueDefinition.invokeMethod(AbstractGlueDefinition.java:47)
at io.cucumber.java.JavaStepDefinition.execute(JavaStepDefinition.java:29)
at io.cucumber.core.runner.CoreStepDefinition.execute(CoreStepDefinition.java:66)
at io.cucumber.core.runner.PickleStepDefinitionMatch.runStep(PickleStepDefinitionMatch.java:62)
at io.cucumber.core.runner.ExecutionMode$1.execute(ExecutionMode.java:10)
at io.cucumber.core.runner.TestStep.executeStep(TestStep.java:81)
at io.cucumber.core.runner.TestStep.run(TestStep.java:53)
at io.cucumber.core.runner.PickleStepTestStep.run(PickleStepTestStep.java:51)
at io.cucumber.core.runner.TestCase.run(TestCase.java:86)
at io.cucumber.core.runner.Runner.runPickle(Runner.java:77)
at io.cucumber.testng.TestNGCucumberRunner.lambda$runScenario$1(TestNGCucumberRunner.java:135)
at io.cucumber.core.runtime.CucumberExecutionContext.lambda$runTestCase$5(CucumberExecutionContext.java:136)
at io.cucumber.core.runtime.RethrowingThrowableCollector.executeAndThrow(RethrowingThrowableCollector.java:23)
at io.cucumber.core.runtime.CucumberExecutionContext.runTestCase(CucumberExecutionContext.java:136)
at io.cucumber.testng.TestNGCucumberRunner.runScenario(TestNGCucumberRunner.java:132)
at io.cucumber.testng.AbstractTestNGCucumberTests.runScenario(AbstractTestNGCucumberTests.java:35)
at java.base/java.util.concurrent.ThreadPoolExecutor.runWorker(ThreadPoolExecutor.java:1136)
at java.base/java.util.concurrent.ThreadPoolExecutor$Worker.run(ThreadPoolExecutor.java:635)
at java.base/java.lang.Thread.run(Thread.java:842)
at io.cucumber.core.backend.DefaultObjectFactory.cacheNewInstance(DefaultObjectFactory.java:53)
... 29 more
Caused by: java.lang.Error: Unresolved compilation problems: 
The import com.actions cannot be resolved
The import com.utilities cannot be resolved
UserRegistrationAction cannot be resolved to a type
UserRegistrationAction cannot be resolved to a type
HelperClass cannot be resolved
UserRegistrationAction cannot be resolved to a type
UserRegistrationAction cannot be resolved to a type
UserRegistrationAction cannot be resolved to a type
UserRegistrationAction cannot be resolved to a type
UserRegistrationAction cannot be resolved to a type
UserRegistrationAction cannot be resolved to a type
UserRegistrationAction cannot be resolved to a type
UserRegistrationAction cannot be resolved to a type
UserRegistrationAction cannot be resolved to a type
UserRegistrationAction cannot be resolved to a type
UserRegistrationAction cannot be resolved to a type
UserRegistrationAction cannot be resolved to a type
UserRegistrationAction cannot be resolved to a type
UserRegistrationAction cannot be resolved to a type

at com.definitions.UserRegistrationDefinition.<init>(UserRegistrationDefinition.java:3)
... 35 more
... Removed 15 stack frames]]>
    </failure>
  </testcase> <!-- runScenario -->
  <testcase classname="io.cucumber.testng.AbstractTestNGCucumberTests" name="runScenario" time="0.613">
    <failure type="io.cucumber.core.exception.CucumberException" message="Failed to instantiate class com.definitions.UserRegistrationDefinition">
      <![CDATA[io.cucumber.core.exception.CucumberException: Failed to instantiate class com.definitions.UserRegistrationDefinition
at io.cucumber.core.backend.DefaultObjectFactory.cacheNewInstance(DefaultObjectFactory.java:67)
at io.cucumber.core.backend.DefaultObjectFactory.getInstance(DefaultObjectFactory.java:45)
at io.cucumber.java.AbstractGlueDefinition.invokeMethod(AbstractGlueDefinition.java:47)
at io.cucumber.java.JavaStepDefinition.execute(JavaStepDefinition.java:29)
at io.cucumber.core.runner.CoreStepDefinition.execute(CoreStepDefinition.java:66)
at io.cucumber.core.runner.PickleStepDefinitionMatch.runStep(PickleStepDefinitionMatch.java:62)
at io.cucumber.core.runner.ExecutionMode$1.execute(ExecutionMode.java:10)
at io.cucumber.core.runner.TestStep.executeStep(TestStep.java:81)
at io.cucumber.core.runner.TestStep.run(TestStep.java:53)
at io.cucumber.core.runner.PickleStepTestStep.run(PickleStepTestStep.java:51)
at io.cucumber.core.runner.TestCase.run(TestCase.java:86)
at io.cucumber.core.runner.Runner.runPickle(Runner.java:77)
at io.cucumber.testng.TestNGCucumberRunner.lambda$runScenario$1(TestNGCucumberRunner.java:135)
at io.cucumber.core.runtime.CucumberExecutionContext.lambda$runTestCase$5(CucumberExecutionContext.java:136)
at io.cucumber.core.runtime.RethrowingThrowableCollector.executeAndThrow(RethrowingThrowableCollector.java:23)
at io.cucumber.core.runtime.CucumberExecutionContext.runTestCase(CucumberExecutionContext.java:136)
at io.cucumber.testng.TestNGCucumberRunner.runScenario(TestNGCucumberRunner.java:132)
at io.cucumber.testng.AbstractTestNGCucumberTests.runScenario(AbstractTestNGCucumberTests.java:35)
at java.base/java.util.concurrent.ThreadPoolExecutor.runWorker(ThreadPoolExecutor.java:1136)
at java.base/java.util.concurrent.ThreadPoolExecutor$Worker.run(ThreadPoolExecutor.java:635)
at java.base/java.lang.Thread.run(Thread.java:842)
at io.cucumber.core.backend.DefaultObjectFactory.cacheNewInstance(DefaultObjectFactory.java:53)
... 29 more
Caused by: java.lang.Error: Unresolved compilation problems: 
The import com.actions cannot be resolved
The import com.utilities cannot be resolved
UserRegistrationAction cannot be resolved to a type
UserRegistrationAction cannot be resolved to a type
HelperClass cannot be resolved
UserRegistrationAction cannot be resolved to a type
UserRegistrationAction cannot be resolved to a type
UserRegistrationAction cannot be resolved to a type
UserRegistrationAction cannot be resolved to a type
UserRegistrationAction cannot be resolved to a type
UserRegistrationAction cannot be resolved to a type
UserRegistrationAction cannot be resolved to a type
UserRegistrationAction cannot be resolved to a type
UserRegistrationAction cannot be resolved to a type
UserRegistrationAction cannot be resolved to a type
UserRegistrationAction cannot be resolved to a type
UserRegistrationAction cannot be resolved to a type
UserRegistrationAction cannot be resolved to a type
UserRegistrationAction cannot be resolved to a type

at com.definitions.UserRegistrationDefinition.<init>(UserRegistrationDefinition.java:3)
... 35 more
... Removed 15 stack frames]]>
    </failure>
  </testcase> <!-- runScenario -->
  <testcase classname="io.cucumber.testng.AbstractTestNGCucumberTests" name="runScenario" time="0.604">
    <failure type="io.cucumber.core.exception.CucumberException" message="Failed to instantiate class com.definitions.UserRegistrationDefinition">
      <![CDATA[io.cucumber.core.exception.CucumberException: Failed to instantiate class com.definitions.UserRegistrationDefinition
at io.cucumber.core.backend.DefaultObjectFactory.cacheNewInstance(DefaultObjectFactory.java:67)
at io.cucumber.core.backend.DefaultObjectFactory.getInstance(DefaultObjectFactory.java:45)
at io.cucumber.java.AbstractGlueDefinition.invokeMethod(AbstractGlueDefinition.java:47)
at io.cucumber.java.JavaStepDefinition.execute(JavaStepDefinition.java:29)
at io.cucumber.core.runner.CoreStepDefinition.execute(CoreStepDefinition.java:66)
at io.cucumber.core.runner.PickleStepDefinitionMatch.runStep(PickleStepDefinitionMatch.java:62)
at io.cucumber.core.runner.ExecutionMode$1.execute(ExecutionMode.java:10)
at io.cucumber.core.runner.TestStep.executeStep(TestStep.java:81)
at io.cucumber.core.runner.TestStep.run(TestStep.java:53)
at io.cucumber.core.runner.PickleStepTestStep.run(PickleStepTestStep.java:51)
at io.cucumber.core.runner.TestCase.run(TestCase.java:86)
at io.cucumber.core.runner.Runner.runPickle(Runner.java:77)
at io.cucumber.testng.TestNGCucumberRunner.lambda$runScenario$1(TestNGCucumberRunner.java:135)
at io.cucumber.core.runtime.CucumberExecutionContext.lambda$runTestCase$5(CucumberExecutionContext.java:136)
at io.cucumber.core.runtime.RethrowingThrowableCollector.executeAndThrow(RethrowingThrowableCollector.java:23)
at io.cucumber.core.runtime.CucumberExecutionContext.runTestCase(CucumberExecutionContext.java:136)
at io.cucumber.testng.TestNGCucumberRunner.runScenario(TestNGCucumberRunner.java:132)
at io.cucumber.testng.AbstractTestNGCucumberTests.runScenario(AbstractTestNGCucumberTests.java:35)
at java.base/java.util.concurrent.ThreadPoolExecutor.runWorker(ThreadPoolExecutor.java:1136)
at java.base/java.util.concurrent.ThreadPoolExecutor$Worker.run(ThreadPoolExecutor.java:635)
at java.base/java.lang.Thread.run(Thread.java:842)
at io.cucumber.core.backend.DefaultObjectFactory.cacheNewInstance(DefaultObjectFactory.java:53)
... 29 more
Caused by: java.lang.Error: Unresolved compilation problems: 
The import com.actions cannot be resolved
The import com.utilities cannot be resolved
UserRegistrationAction cannot be resolved to a type
UserRegistrationAction cannot be resolved to a type
HelperClass cannot be resolved
UserRegistrationAction cannot be resolved to a type
UserRegistrationAction cannot be resolved to a type
UserRegistrationAction cannot be resolved to a type
UserRegistrationAction cannot be resolved to a type
UserRegistrationAction cannot be resolved to a type
UserRegistrationAction cannot be resolved to a type
UserRegistrationAction cannot be resolved to a type
UserRegistrationAction cannot be resolved to a type
UserRegistrationAction cannot be resolved to a type
UserRegistrationAction cannot be resolved to a type
UserRegistrationAction cannot be resolved to a type
UserRegistrationAction cannot be resolved to a type
UserRegistrationAction cannot be resolved to a type
UserRegistrationAction cannot be resolved to a type

at com.definitions.UserRegistrationDefinition.<init>(UserRegistrationDefinition.java:3)
... 35 more
... Removed 15 stack frames]]>
    </failure>
  </testcase> <!-- runScenario -->
  <testcase classname="io.cucumber.testng.AbstractTestNGCucumberTests" name="runScenario" time="0.616">
    <failure type="io.cucumber.core.exception.CucumberException" message="Failed to instantiate class com.definitions.UserRegistrationDefinition">
      <![CDATA[io.cucumber.core.exception.CucumberException: Failed to instantiate class com.definitions.UserRegistrationDefinition
at io.cucumber.core.backend.DefaultObjectFactory.cacheNewInstance(DefaultObjectFactory.java:67)
at io.cucumber.core.backend.DefaultObjectFactory.getInstance(DefaultObjectFactory.java:45)
at io.cucumber.java.AbstractGlueDefinition.invokeMethod(AbstractGlueDefinition.java:47)
at io.cucumber.java.JavaStepDefinition.execute(JavaStepDefinition.java:29)
at io.cucumber.core.runner.CoreStepDefinition.execute(CoreStepDefinition.java:66)
at io.cucumber.core.runner.PickleStepDefinitionMatch.runStep(PickleStepDefinitionMatch.java:62)
at io.cucumber.core.runner.ExecutionMode$1.execute(ExecutionMode.java:10)
at io.cucumber.core.runner.TestStep.executeStep(TestStep.java:81)
at io.cucumber.core.runner.TestStep.run(TestStep.java:53)
at io.cucumber.core.runner.PickleStepTestStep.run(PickleStepTestStep.java:51)
at io.cucumber.core.runner.TestCase.run(TestCase.java:86)
at io.cucumber.core.runner.Runner.runPickle(Runner.java:77)
at io.cucumber.testng.TestNGCucumberRunner.lambda$runScenario$1(TestNGCucumberRunner.java:135)
at io.cucumber.core.runtime.CucumberExecutionContext.lambda$runTestCase$5(CucumberExecutionContext.java:136)
at io.cucumber.core.runtime.RethrowingThrowableCollector.executeAndThrow(RethrowingThrowableCollector.java:23)
at io.cucumber.core.runtime.CucumberExecutionContext.runTestCase(CucumberExecutionContext.java:136)
at io.cucumber.testng.TestNGCucumberRunner.runScenario(TestNGCucumberRunner.java:132)
at io.cucumber.testng.AbstractTestNGCucumberTests.runScenario(AbstractTestNGCucumberTests.java:35)
at java.base/java.util.concurrent.ThreadPoolExecutor.runWorker(ThreadPoolExecutor.java:1136)
at java.base/java.util.concurrent.ThreadPoolExecutor$Worker.run(ThreadPoolExecutor.java:635)
at java.base/java.lang.Thread.run(Thread.java:842)
at io.cucumber.core.backend.DefaultObjectFactory.cacheNewInstance(DefaultObjectFactory.java:53)
... 29 more
Caused by: java.lang.Error: Unresolved compilation problems: 
The import com.actions cannot be resolved
The import com.utilities cannot be resolved
UserRegistrationAction cannot be resolved to a type
UserRegistrationAction cannot be resolved to a type
HelperClass cannot be resolved
UserRegistrationAction cannot be resolved to a type
UserRegistrationAction cannot be resolved to a type
UserRegistrationAction cannot be resolved to a type
UserRegistrationAction cannot be resolved to a type
UserRegistrationAction cannot be resolved to a type
UserRegistrationAction cannot be resolved to a type
UserRegistrationAction cannot be resolved to a type
UserRegistrationAction cannot be resolved to a type
UserRegistrationAction cannot be resolved to a type
UserRegistrationAction cannot be resolved to a type
UserRegistrationAction cannot be resolved to a type
UserRegistrationAction cannot be resolved to a type
UserRegistrationAction cannot be resolved to a type
UserRegistrationAction cannot be resolved to a type

at com.definitions.UserRegistrationDefinition.<init>(UserRegistrationDefinition.java:3)
... 35 more
... Removed 15 stack frames]]>
    </failure>
  </testcase> <!-- runScenario -->
  <testcase classname="io.cucumber.testng.AbstractTestNGCucumberTests" name="runScenario" time="0.676">
    <failure type="io.cucumber.core.exception.CucumberException" message="Failed to instantiate class com.definitions.UserRegistrationDefinition">
      <![CDATA[io.cucumber.core.exception.CucumberException: Failed to instantiate class com.definitions.UserRegistrationDefinition
at io.cucumber.core.backend.DefaultObjectFactory.cacheNewInstance(DefaultObjectFactory.java:67)
at io.cucumber.core.backend.DefaultObjectFactory.getInstance(DefaultObjectFactory.java:45)
at io.cucumber.java.AbstractGlueDefinition.invokeMethod(AbstractGlueDefinition.java:47)
at io.cucumber.java.JavaStepDefinition.execute(JavaStepDefinition.java:29)
at io.cucumber.core.runner.CoreStepDefinition.execute(CoreStepDefinition.java:66)
at io.cucumber.core.runner.PickleStepDefinitionMatch.runStep(PickleStepDefinitionMatch.java:62)
at io.cucumber.core.runner.ExecutionMode$1.execute(ExecutionMode.java:10)
at io.cucumber.core.runner.TestStep.executeStep(TestStep.java:81)
at io.cucumber.core.runner.TestStep.run(TestStep.java:53)
at io.cucumber.core.runner.PickleStepTestStep.run(PickleStepTestStep.java:51)
at io.cucumber.core.runner.TestCase.run(TestCase.java:86)
at io.cucumber.core.runner.Runner.runPickle(Runner.java:77)
at io.cucumber.testng.TestNGCucumberRunner.lambda$runScenario$1(TestNGCucumberRunner.java:135)
at io.cucumber.core.runtime.CucumberExecutionContext.lambda$runTestCase$5(CucumberExecutionContext.java:136)
at io.cucumber.core.runtime.RethrowingThrowableCollector.executeAndThrow(RethrowingThrowableCollector.java:23)
at io.cucumber.core.runtime.CucumberExecutionContext.runTestCase(CucumberExecutionContext.java:136)
at io.cucumber.testng.TestNGCucumberRunner.runScenario(TestNGCucumberRunner.java:132)
at io.cucumber.testng.AbstractTestNGCucumberTests.runScenario(AbstractTestNGCucumberTests.java:35)
at java.base/java.util.concurrent.ThreadPoolExecutor.runWorker(ThreadPoolExecutor.java:1136)
at java.base/java.util.concurrent.ThreadPoolExecutor$Worker.run(ThreadPoolExecutor.java:635)
at java.base/java.lang.Thread.run(Thread.java:842)
at io.cucumber.core.backend.DefaultObjectFactory.cacheNewInstance(DefaultObjectFactory.java:53)
... 29 more
Caused by: java.lang.Error: Unresolved compilation problems: 
The import com.actions cannot be resolved
The import com.utilities cannot be resolved
UserRegistrationAction cannot be resolved to a type
UserRegistrationAction cannot be resolved to a type
HelperClass cannot be resolved
UserRegistrationAction cannot be resolved to a type
UserRegistrationAction cannot be resolved to a type
UserRegistrationAction cannot be resolved to a type
UserRegistrationAction cannot be resolved to a type
UserRegistrationAction cannot be resolved to a type
UserRegistrationAction cannot be resolved to a type
UserRegistrationAction cannot be resolved to a type
UserRegistrationAction cannot be resolved to a type
UserRegistrationAction cannot be resolved to a type
UserRegistrationAction cannot be resolved to a type
UserRegistrationAction cannot be resolved to a type
UserRegistrationAction cannot be resolved to a type
UserRegistrationAction cannot be resolved to a type
UserRegistrationAction cannot be resolved to a type

at com.definitions.UserRegistrationDefinition.<init>(UserRegistrationDefinition.java:3)
... 35 more
... Removed 15 stack frames]]>
    </failure>
  </testcase> <!-- runScenario -->
  <testcase classname="io.cucumber.testng.AbstractTestNGCucumberTests" name="runScenario" time="0.688">
    <failure type="io.cucumber.core.exception.CucumberException" message="Failed to instantiate class com.definitions.UserRegistrationDefinition">
      <![CDATA[io.cucumber.core.exception.CucumberException: Failed to instantiate class com.definitions.UserRegistrationDefinition
at io.cucumber.core.backend.DefaultObjectFactory.cacheNewInstance(DefaultObjectFactory.java:67)
at io.cucumber.core.backend.DefaultObjectFactory.getInstance(DefaultObjectFactory.java:45)
at io.cucumber.java.AbstractGlueDefinition.invokeMethod(AbstractGlueDefinition.java:47)
at io.cucumber.java.JavaStepDefinition.execute(JavaStepDefinition.java:29)
at io.cucumber.core.runner.CoreStepDefinition.execute(CoreStepDefinition.java:66)
at io.cucumber.core.runner.PickleStepDefinitionMatch.runStep(PickleStepDefinitionMatch.java:62)
at io.cucumber.core.runner.ExecutionMode$1.execute(ExecutionMode.java:10)
at io.cucumber.core.runner.TestStep.executeStep(TestStep.java:81)
at io.cucumber.core.runner.TestStep.run(TestStep.java:53)
at io.cucumber.core.runner.PickleStepTestStep.run(PickleStepTestStep.java:51)
at io.cucumber.core.runner.TestCase.run(TestCase.java:86)
at io.cucumber.core.runner.Runner.runPickle(Runner.java:77)
at io.cucumber.testng.TestNGCucumberRunner.lambda$runScenario$1(TestNGCucumberRunner.java:135)
at io.cucumber.core.runtime.CucumberExecutionContext.lambda$runTestCase$5(CucumberExecutionContext.java:136)
at io.cucumber.core.runtime.RethrowingThrowableCollector.executeAndThrow(RethrowingThrowableCollector.java:23)
at io.cucumber.core.runtime.CucumberExecutionContext.runTestCase(CucumberExecutionContext.java:136)
at io.cucumber.testng.TestNGCucumberRunner.runScenario(TestNGCucumberRunner.java:132)
at io.cucumber.testng.AbstractTestNGCucumberTests.runScenario(AbstractTestNGCucumberTests.java:35)
at java.base/java.util.concurrent.ThreadPoolExecutor.runWorker(ThreadPoolExecutor.java:1136)
at java.base/java.util.concurrent.ThreadPoolExecutor$Worker.run(ThreadPoolExecutor.java:635)
at java.base/java.lang.Thread.run(Thread.java:842)
at io.cucumber.core.backend.DefaultObjectFactory.cacheNewInstance(DefaultObjectFactory.java:53)
... 29 more
Caused by: java.lang.Error: Unresolved compilation problems: 
The import com.actions cannot be resolved
The import com.utilities cannot be resolved
UserRegistrationAction cannot be resolved to a type
UserRegistrationAction cannot be resolved to a type
HelperClass cannot be resolved
UserRegistrationAction cannot be resolved to a type
UserRegistrationAction cannot be resolved to a type
UserRegistrationAction cannot be resolved to a type
UserRegistrationAction cannot be resolved to a type
UserRegistrationAction cannot be resolved to a type
UserRegistrationAction cannot be resolved to a type
UserRegistrationAction cannot be resolved to a type
UserRegistrationAction cannot be resolved to a type
UserRegistrationAction cannot be resolved to a type
UserRegistrationAction cannot be resolved to a type
UserRegistrationAction cannot be resolved to a type
UserRegistrationAction cannot be resolved to a type
UserRegistrationAction cannot be resolved to a type
UserRegistrationAction cannot be resolved to a type

at com.definitions.UserRegistrationDefinition.<init>(UserRegistrationDefinition.java:3)
... 35 more
... Removed 15 stack frames]]>
    </failure>
  </testcase> <!-- runScenario -->
  <testcase classname="io.cucumber.testng.AbstractTestNGCucumberTests" name="runScenario" time="0.097">
    <failure type="io.cucumber.core.exception.CucumberException" message="Failed to instantiate class com.definitions.UserRegistrationDefinition">
      <![CDATA[io.cucumber.core.exception.CucumberException: Failed to instantiate class com.definitions.UserRegistrationDefinition
at io.cucumber.core.backend.DefaultObjectFactory.cacheNewInstance(DefaultObjectFactory.java:67)
at io.cucumber.core.backend.DefaultObjectFactory.getInstance(DefaultObjectFactory.java:45)
at io.cucumber.java.AbstractGlueDefinition.invokeMethod(AbstractGlueDefinition.java:47)
at io.cucumber.java.JavaStepDefinition.execute(JavaStepDefinition.java:29)
at io.cucumber.core.runner.CoreStepDefinition.execute(CoreStepDefinition.java:66)
at io.cucumber.core.runner.PickleStepDefinitionMatch.runStep(PickleStepDefinitionMatch.java:62)
at io.cucumber.core.runner.ExecutionMode$1.execute(ExecutionMode.java:10)
at io.cucumber.core.runner.TestStep.executeStep(TestStep.java:81)
at io.cucumber.core.runner.TestStep.run(TestStep.java:53)
at io.cucumber.core.runner.PickleStepTestStep.run(PickleStepTestStep.java:51)
at io.cucumber.core.runner.TestCase.run(TestCase.java:86)
at io.cucumber.core.runner.Runner.runPickle(Runner.java:77)
at io.cucumber.testng.TestNGCucumberRunner.lambda$runScenario$1(TestNGCucumberRunner.java:135)
at io.cucumber.core.runtime.CucumberExecutionContext.lambda$runTestCase$5(CucumberExecutionContext.java:136)
at io.cucumber.core.runtime.RethrowingThrowableCollector.executeAndThrow(RethrowingThrowableCollector.java:23)
at io.cucumber.core.runtime.CucumberExecutionContext.runTestCase(CucumberExecutionContext.java:136)
at io.cucumber.testng.TestNGCucumberRunner.runScenario(TestNGCucumberRunner.java:132)
at io.cucumber.testng.AbstractTestNGCucumberTests.runScenario(AbstractTestNGCucumberTests.java:35)
at java.base/java.util.concurrent.ThreadPoolExecutor.runWorker(ThreadPoolExecutor.java:1136)
at java.base/java.util.concurrent.ThreadPoolExecutor$Worker.run(ThreadPoolExecutor.java:635)
at java.base/java.lang.Thread.run(Thread.java:842)
at io.cucumber.core.backend.DefaultObjectFactory.cacheNewInstance(DefaultObjectFactory.java:53)
... 29 more
Caused by: java.lang.Error: Unresolved compilation problems: 
The import com.actions cannot be resolved
The import com.utilities cannot be resolved
UserRegistrationAction cannot be resolved to a type
UserRegistrationAction cannot be resolved to a type
HelperClass cannot be resolved
UserRegistrationAction cannot be resolved to a type
UserRegistrationAction cannot be resolved to a type
UserRegistrationAction cannot be resolved to a type
UserRegistrationAction cannot be resolved to a type
UserRegistrationAction cannot be resolved to a type
UserRegistrationAction cannot be resolved to a type
UserRegistrationAction cannot be resolved to a type
UserRegistrationAction cannot be resolved to a type
UserRegistrationAction cannot be resolved to a type
UserRegistrationAction cannot be resolved to a type
UserRegistrationAction cannot be resolved to a type
UserRegistrationAction cannot be resolved to a type
UserRegistrationAction cannot be resolved to a type
UserRegistrationAction cannot be resolved to a type

at com.definitions.UserRegistrationDefinition.<init>(UserRegistrationDefinition.java:3)
... 35 more
... Removed 15 stack frames]]>
    </failure>
  </testcase> <!-- runScenario -->
  <testcase classname="io.cucumber.testng.AbstractTestNGCucumberTests" name="runScenario" time="0.714">
    <failure type="io.cucumber.core.exception.CucumberException" message="Failed to instantiate class com.definitions.UserRegistrationDefinition">
      <![CDATA[io.cucumber.core.exception.CucumberException: Failed to instantiate class com.definitions.UserRegistrationDefinition
at io.cucumber.core.backend.DefaultObjectFactory.cacheNewInstance(DefaultObjectFactory.java:67)
at io.cucumber.core.backend.DefaultObjectFactory.getInstance(DefaultObjectFactory.java:45)
at io.cucumber.java.AbstractGlueDefinition.invokeMethod(AbstractGlueDefinition.java:47)
at io.cucumber.java.JavaStepDefinition.execute(JavaStepDefinition.java:29)
at io.cucumber.core.runner.CoreStepDefinition.execute(CoreStepDefinition.java:66)
at io.cucumber.core.runner.PickleStepDefinitionMatch.runStep(PickleStepDefinitionMatch.java:62)
at io.cucumber.core.runner.ExecutionMode$1.execute(ExecutionMode.java:10)
at io.cucumber.core.runner.TestStep.executeStep(TestStep.java:81)
at io.cucumber.core.runner.TestStep.run(TestStep.java:53)
at io.cucumber.core.runner.PickleStepTestStep.run(PickleStepTestStep.java:51)
at io.cucumber.core.runner.TestCase.run(TestCase.java:86)
at io.cucumber.core.runner.Runner.runPickle(Runner.java:77)
at io.cucumber.testng.TestNGCucumberRunner.lambda$runScenario$1(TestNGCucumberRunner.java:135)
at io.cucumber.core.runtime.CucumberExecutionContext.lambda$runTestCase$5(CucumberExecutionContext.java:136)
at io.cucumber.core.runtime.RethrowingThrowableCollector.executeAndThrow(RethrowingThrowableCollector.java:23)
at io.cucumber.core.runtime.CucumberExecutionContext.runTestCase(CucumberExecutionContext.java:136)
at io.cucumber.testng.TestNGCucumberRunner.runScenario(TestNGCucumberRunner.java:132)
at io.cucumber.testng.AbstractTestNGCucumberTests.runScenario(AbstractTestNGCucumberTests.java:35)
at java.base/java.util.concurrent.ThreadPoolExecutor.runWorker(ThreadPoolExecutor.java:1136)
at java.base/java.util.concurrent.ThreadPoolExecutor$Worker.run(ThreadPoolExecutor.java:635)
at java.base/java.lang.Thread.run(Thread.java:842)
at io.cucumber.core.backend.DefaultObjectFactory.cacheNewInstance(DefaultObjectFactory.java:53)
... 29 more
Caused by: java.lang.Error: Unresolved compilation problems: 
The import com.actions cannot be resolved
The import com.utilities cannot be resolved
UserRegistrationAction cannot be resolved to a type
UserRegistrationAction cannot be resolved to a type
HelperClass cannot be resolved
UserRegistrationAction cannot be resolved to a type
UserRegistrationAction cannot be resolved to a type
UserRegistrationAction cannot be resolved to a type
UserRegistrationAction cannot be resolved to a type
UserRegistrationAction cannot be resolved to a type
UserRegistrationAction cannot be resolved to a type
UserRegistrationAction cannot be resolved to a type
UserRegistrationAction cannot be resolved to a type
UserRegistrationAction cannot be resolved to a type
UserRegistrationAction cannot be resolved to a type
UserRegistrationAction cannot be resolved to a type
UserRegistrationAction cannot be resolved to a type
UserRegistrationAction cannot be resolved to a type
UserRegistrationAction cannot be resolved to a type

at com.definitions.UserRegistrationDefinition.<init>(UserRegistrationDefinition.java:3)
... 35 more
... Removed 15 stack frames]]>
    </failure>
  </testcase> <!-- runScenario -->
  <testcase classname="io.cucumber.testng.AbstractTestNGCucumberTests" name="runScenario" time="0.142">
    <failure type="io.cucumber.core.exception.CucumberException" message="Failed to instantiate class com.definitions.UserRegistrationDefinition">
      <![CDATA[io.cucumber.core.exception.CucumberException: Failed to instantiate class com.definitions.UserRegistrationDefinition
at io.cucumber.core.backend.DefaultObjectFactory.cacheNewInstance(DefaultObjectFactory.java:67)
at io.cucumber.core.backend.DefaultObjectFactory.getInstance(DefaultObjectFactory.java:45)
at io.cucumber.java.AbstractGlueDefinition.invokeMethod(AbstractGlueDefinition.java:47)
at io.cucumber.java.JavaStepDefinition.execute(JavaStepDefinition.java:29)
at io.cucumber.core.runner.CoreStepDefinition.execute(CoreStepDefinition.java:66)
at io.cucumber.core.runner.PickleStepDefinitionMatch.runStep(PickleStepDefinitionMatch.java:62)
at io.cucumber.core.runner.ExecutionMode$1.execute(ExecutionMode.java:10)
at io.cucumber.core.runner.TestStep.executeStep(TestStep.java:81)
at io.cucumber.core.runner.TestStep.run(TestStep.java:53)
at io.cucumber.core.runner.PickleStepTestStep.run(PickleStepTestStep.java:51)
at io.cucumber.core.runner.TestCase.run(TestCase.java:86)
at io.cucumber.core.runner.Runner.runPickle(Runner.java:77)
at io.cucumber.testng.TestNGCucumberRunner.lambda$runScenario$1(TestNGCucumberRunner.java:135)
at io.cucumber.core.runtime.CucumberExecutionContext.lambda$runTestCase$5(CucumberExecutionContext.java:136)
at io.cucumber.core.runtime.RethrowingThrowableCollector.executeAndThrow(RethrowingThrowableCollector.java:23)
at io.cucumber.core.runtime.CucumberExecutionContext.runTestCase(CucumberExecutionContext.java:136)
at io.cucumber.testng.TestNGCucumberRunner.runScenario(TestNGCucumberRunner.java:132)
at io.cucumber.testng.AbstractTestNGCucumberTests.runScenario(AbstractTestNGCucumberTests.java:35)
at java.base/java.util.concurrent.ThreadPoolExecutor.runWorker(ThreadPoolExecutor.java:1136)
at java.base/java.util.concurrent.ThreadPoolExecutor$Worker.run(ThreadPoolExecutor.java:635)
at java.base/java.lang.Thread.run(Thread.java:842)
at io.cucumber.core.backend.DefaultObjectFactory.cacheNewInstance(DefaultObjectFactory.java:53)
... 29 more
Caused by: java.lang.Error: Unresolved compilation problems: 
The import com.actions cannot be resolved
The import com.utilities cannot be resolved
UserRegistrationAction cannot be resolved to a type
UserRegistrationAction cannot be resolved to a type
HelperClass cannot be resolved
UserRegistrationAction cannot be resolved to a type
UserRegistrationAction cannot be resolved to a type
UserRegistrationAction cannot be resolved to a type
UserRegistrationAction cannot be resolved to a type
UserRegistrationAction cannot be resolved to a type
UserRegistrationAction cannot be resolved to a type
UserRegistrationAction cannot be resolved to a type
UserRegistrationAction cannot be resolved to a type
UserRegistrationAction cannot be resolved to a type
UserRegistrationAction cannot be resolved to a type
UserRegistrationAction cannot be resolved to a type
UserRegistrationAction cannot be resolved to a type
UserRegistrationAction cannot be resolved to a type
UserRegistrationAction cannot be resolved to a type

at com.definitions.UserRegistrationDefinition.<init>(UserRegistrationDefinition.java:3)
... 35 more
... Removed 15 stack frames]]>
    </failure>
  </testcase> <!-- runScenario -->
  <testcase classname="io.cucumber.testng.AbstractTestNGCucumberTests" name="runScenario" time="0.158">
    <failure type="io.cucumber.core.exception.CucumberException" message="Failed to instantiate class com.definitions.UserRegistrationDefinition">
      <![CDATA[io.cucumber.core.exception.CucumberException: Failed to instantiate class com.definitions.UserRegistrationDefinition
at io.cucumber.core.backend.DefaultObjectFactory.cacheNewInstance(DefaultObjectFactory.java:67)
at io.cucumber.core.backend.DefaultObjectFactory.getInstance(DefaultObjectFactory.java:45)
at io.cucumber.java.AbstractGlueDefinition.invokeMethod(AbstractGlueDefinition.java:47)
at io.cucumber.java.JavaStepDefinition.execute(JavaStepDefinition.java:29)
at io.cucumber.core.runner.CoreStepDefinition.execute(CoreStepDefinition.java:66)
at io.cucumber.core.runner.PickleStepDefinitionMatch.runStep(PickleStepDefinitionMatch.java:62)
at io.cucumber.core.runner.ExecutionMode$1.execute(ExecutionMode.java:10)
at io.cucumber.core.runner.TestStep.executeStep(TestStep.java:81)
at io.cucumber.core.runner.TestStep.run(TestStep.java:53)
at io.cucumber.core.runner.PickleStepTestStep.run(PickleStepTestStep.java:51)
at io.cucumber.core.runner.TestCase.run(TestCase.java:86)
at io.cucumber.core.runner.Runner.runPickle(Runner.java:77)
at io.cucumber.testng.TestNGCucumberRunner.lambda$runScenario$1(TestNGCucumberRunner.java:135)
at io.cucumber.core.runtime.CucumberExecutionContext.lambda$runTestCase$5(CucumberExecutionContext.java:136)
at io.cucumber.core.runtime.RethrowingThrowableCollector.executeAndThrow(RethrowingThrowableCollector.java:23)
at io.cucumber.core.runtime.CucumberExecutionContext.runTestCase(CucumberExecutionContext.java:136)
at io.cucumber.testng.TestNGCucumberRunner.runScenario(TestNGCucumberRunner.java:132)
at io.cucumber.testng.AbstractTestNGCucumberTests.runScenario(AbstractTestNGCucumberTests.java:35)
at java.base/java.util.concurrent.ThreadPoolExecutor.runWorker(ThreadPoolExecutor.java:1136)
at java.base/java.util.concurrent.ThreadPoolExecutor$Worker.run(ThreadPoolExecutor.java:635)
at java.base/java.lang.Thread.run(Thread.java:842)
at io.cucumber.core.backend.DefaultObjectFactory.cacheNewInstance(DefaultObjectFactory.java:53)
... 29 more
Caused by: java.lang.Error: Unresolved compilation problems: 
The import com.actions cannot be resolved
The import com.utilities cannot be resolved
UserRegistrationAction cannot be resolved to a type
UserRegistrationAction cannot be resolved to a type
HelperClass cannot be resolved
UserRegistrationAction cannot be resolved to a type
UserRegistrationAction cannot be resolved to a type
UserRegistrationAction cannot be resolved to a type
UserRegistrationAction cannot be resolved to a type
UserRegistrationAction cannot be resolved to a type
UserRegistrationAction cannot be resolved to a type
UserRegistrationAction cannot be resolved to a type
UserRegistrationAction cannot be resolved to a type
UserRegistrationAction cannot be resolved to a type
UserRegistrationAction cannot be resolved to a type
UserRegistrationAction cannot be resolved to a type
UserRegistrationAction cannot be resolved to a type
UserRegistrationAction cannot be resolved to a type
UserRegistrationAction cannot be resolved to a type

at com.definitions.UserRegistrationDefinition.<init>(UserRegistrationDefinition.java:3)
... 35 more
... Removed 15 stack frames]]>
    </failure>
  </testcase> <!-- runScenario -->
  <testcase classname="io.cucumber.testng.AbstractTestNGCucumberTests" name="runScenario" time="0.165">
    <failure type="io.cucumber.core.exception.CucumberException" message="Failed to instantiate class com.definitions.UserRegistrationDefinition">
      <![CDATA[io.cucumber.core.exception.CucumberException: Failed to instantiate class com.definitions.UserRegistrationDefinition
at io.cucumber.core.backend.DefaultObjectFactory.cacheNewInstance(DefaultObjectFactory.java:67)
at io.cucumber.core.backend.DefaultObjectFactory.getInstance(DefaultObjectFactory.java:45)
at io.cucumber.java.AbstractGlueDefinition.invokeMethod(AbstractGlueDefinition.java:47)
at io.cucumber.java.JavaStepDefinition.execute(JavaStepDefinition.java:29)
at io.cucumber.core.runner.CoreStepDefinition.execute(CoreStepDefinition.java:66)
at io.cucumber.core.runner.PickleStepDefinitionMatch.runStep(PickleStepDefinitionMatch.java:62)
at io.cucumber.core.runner.ExecutionMode$1.execute(ExecutionMode.java:10)
at io.cucumber.core.runner.TestStep.executeStep(TestStep.java:81)
at io.cucumber.core.runner.TestStep.run(TestStep.java:53)
at io.cucumber.core.runner.PickleStepTestStep.run(PickleStepTestStep.java:51)
at io.cucumber.core.runner.TestCase.run(TestCase.java:86)
at io.cucumber.core.runner.Runner.runPickle(Runner.java:77)
at io.cucumber.testng.TestNGCucumberRunner.lambda$runScenario$1(TestNGCucumberRunner.java:135)
at io.cucumber.core.runtime.CucumberExecutionContext.lambda$runTestCase$5(CucumberExecutionContext.java:136)
at io.cucumber.core.runtime.RethrowingThrowableCollector.executeAndThrow(RethrowingThrowableCollector.java:23)
at io.cucumber.core.runtime.CucumberExecutionContext.runTestCase(CucumberExecutionContext.java:136)
at io.cucumber.testng.TestNGCucumberRunner.runScenario(TestNGCucumberRunner.java:132)
at io.cucumber.testng.AbstractTestNGCucumberTests.runScenario(AbstractTestNGCucumberTests.java:35)
at java.base/java.util.concurrent.ThreadPoolExecutor.runWorker(ThreadPoolExecutor.java:1136)
at java.base/java.util.concurrent.ThreadPoolExecutor$Worker.run(ThreadPoolExecutor.java:635)
at java.base/java.lang.Thread.run(Thread.java:842)
at io.cucumber.core.backend.DefaultObjectFactory.cacheNewInstance(DefaultObjectFactory.java:53)
... 29 more
Caused by: java.lang.Error: Unresolved compilation problems: 
The import com.actions cannot be resolved
The import com.utilities cannot be resolved
UserRegistrationAction cannot be resolved to a type
UserRegistrationAction cannot be resolved to a type
HelperClass cannot be resolved
UserRegistrationAction cannot be resolved to a type
UserRegistrationAction cannot be resolved to a type
UserRegistrationAction cannot be resolved to a type
UserRegistrationAction cannot be resolved to a type
UserRegistrationAction cannot be resolved to a type
UserRegistrationAction cannot be resolved to a type
UserRegistrationAction cannot be resolved to a type
UserRegistrationAction cannot be resolved to a type
UserRegistrationAction cannot be resolved to a type
UserRegistrationAction cannot be resolved to a type
UserRegistrationAction cannot be resolved to a type
UserRegistrationAction cannot be resolved to a type
UserRegistrationAction cannot be resolved to a type
UserRegistrationAction cannot be resolved to a type

at com.definitions.UserRegistrationDefinition.<init>(UserRegistrationDefinition.java:3)
... 35 more
... Removed 15 stack frames]]>
    </failure>
  </testcase> <!-- runScenario -->
  <testcase classname="io.cucumber.testng.AbstractTestNGCucumberTests" name="runScenario" time="0.15">
    <failure type="io.cucumber.core.exception.CucumberException" message="Failed to instantiate class com.definitions.UserRegistrationDefinition">
      <![CDATA[io.cucumber.core.exception.CucumberException: Failed to instantiate class com.definitions.UserRegistrationDefinition
at io.cucumber.core.backend.DefaultObjectFactory.cacheNewInstance(DefaultObjectFactory.java:67)
at io.cucumber.core.backend.DefaultObjectFactory.getInstance(DefaultObjectFactory.java:45)
at io.cucumber.java.AbstractGlueDefinition.invokeMethod(AbstractGlueDefinition.java:47)
at io.cucumber.java.JavaStepDefinition.execute(JavaStepDefinition.java:29)
at io.cucumber.core.runner.CoreStepDefinition.execute(CoreStepDefinition.java:66)
at io.cucumber.core.runner.PickleStepDefinitionMatch.runStep(PickleStepDefinitionMatch.java:62)
at io.cucumber.core.runner.ExecutionMode$1.execute(ExecutionMode.java:10)
at io.cucumber.core.runner.TestStep.executeStep(TestStep.java:81)
at io.cucumber.core.runner.TestStep.run(TestStep.java:53)
at io.cucumber.core.runner.PickleStepTestStep.run(PickleStepTestStep.java:51)
at io.cucumber.core.runner.TestCase.run(TestCase.java:86)
at io.cucumber.core.runner.Runner.runPickle(Runner.java:77)
at io.cucumber.testng.TestNGCucumberRunner.lambda$runScenario$1(TestNGCucumberRunner.java:135)
at io.cucumber.core.runtime.CucumberExecutionContext.lambda$runTestCase$5(CucumberExecutionContext.java:136)
at io.cucumber.core.runtime.RethrowingThrowableCollector.executeAndThrow(RethrowingThrowableCollector.java:23)
at io.cucumber.core.runtime.CucumberExecutionContext.runTestCase(CucumberExecutionContext.java:136)
at io.cucumber.testng.TestNGCucumberRunner.runScenario(TestNGCucumberRunner.java:132)
at io.cucumber.testng.AbstractTestNGCucumberTests.runScenario(AbstractTestNGCucumberTests.java:35)
at java.base/java.util.concurrent.ThreadPoolExecutor.runWorker(ThreadPoolExecutor.java:1136)
at java.base/java.util.concurrent.ThreadPoolExecutor$Worker.run(ThreadPoolExecutor.java:635)
at java.base/java.lang.Thread.run(Thread.java:842)
at io.cucumber.core.backend.DefaultObjectFactory.cacheNewInstance(DefaultObjectFactory.java:53)
... 29 more
Caused by: java.lang.Error: Unresolved compilation problems: 
The import com.actions cannot be resolved
The import com.utilities cannot be resolved
UserRegistrationAction cannot be resolved to a type
UserRegistrationAction cannot be resolved to a type
HelperClass cannot be resolved
UserRegistrationAction cannot be resolved to a type
UserRegistrationAction cannot be resolved to a type
UserRegistrationAction cannot be resolved to a type
UserRegistrationAction cannot be resolved to a type
UserRegistrationAction cannot be resolved to a type
UserRegistrationAction cannot be resolved to a type
UserRegistrationAction cannot be resolved to a type
UserRegistrationAction cannot be resolved to a type
UserRegistrationAction cannot be resolved to a type
UserRegistrationAction cannot be resolved to a type
UserRegistrationAction cannot be resolved to a type
UserRegistrationAction cannot be resolved to a type
UserRegistrationAction cannot be resolved to a type
UserRegistrationAction cannot be resolved to a type

at com.definitions.UserRegistrationDefinition.<init>(UserRegistrationDefinition.java:3)
... 35 more
... Removed 15 stack frames]]>
    </failure>
  </testcase> <!-- runScenario -->
  <testcase classname="io.cucumber.testng.AbstractTestNGCucumberTests" name="runScenario" time="0.044">
    <failure type="io.cucumber.core.exception.CucumberException" message="Failed to instantiate class com.definitions.UserRegistrationDefinition">
      <![CDATA[io.cucumber.core.exception.CucumberException: Failed to instantiate class com.definitions.UserRegistrationDefinition
at io.cucumber.core.backend.DefaultObjectFactory.cacheNewInstance(DefaultObjectFactory.java:67)
at io.cucumber.core.backend.DefaultObjectFactory.getInstance(DefaultObjectFactory.java:45)
at io.cucumber.java.AbstractGlueDefinition.invokeMethod(AbstractGlueDefinition.java:47)
at io.cucumber.java.JavaStepDefinition.execute(JavaStepDefinition.java:29)
at io.cucumber.core.runner.CoreStepDefinition.execute(CoreStepDefinition.java:66)
at io.cucumber.core.runner.PickleStepDefinitionMatch.runStep(PickleStepDefinitionMatch.java:62)
at io.cucumber.core.runner.ExecutionMode$1.execute(ExecutionMode.java:10)
at io.cucumber.core.runner.TestStep.executeStep(TestStep.java:81)
at io.cucumber.core.runner.TestStep.run(TestStep.java:53)
at io.cucumber.core.runner.PickleStepTestStep.run(PickleStepTestStep.java:51)
at io.cucumber.core.runner.TestCase.run(TestCase.java:86)
at io.cucumber.core.runner.Runner.runPickle(Runner.java:77)
at io.cucumber.testng.TestNGCucumberRunner.lambda$runScenario$1(TestNGCucumberRunner.java:135)
at io.cucumber.core.runtime.CucumberExecutionContext.lambda$runTestCase$5(CucumberExecutionContext.java:136)
at io.cucumber.core.runtime.RethrowingThrowableCollector.executeAndThrow(RethrowingThrowableCollector.java:23)
at io.cucumber.core.runtime.CucumberExecutionContext.runTestCase(CucumberExecutionContext.java:136)
at io.cucumber.testng.TestNGCucumberRunner.runScenario(TestNGCucumberRunner.java:132)
at io.cucumber.testng.AbstractTestNGCucumberTests.runScenario(AbstractTestNGCucumberTests.java:35)
at java.base/java.util.concurrent.ThreadPoolExecutor.runWorker(ThreadPoolExecutor.java:1136)
at java.base/java.util.concurrent.ThreadPoolExecutor$Worker.run(ThreadPoolExecutor.java:635)
at java.base/java.lang.Thread.run(Thread.java:842)
at io.cucumber.core.backend.DefaultObjectFactory.cacheNewInstance(DefaultObjectFactory.java:53)
... 28 more
Caused by: java.lang.Error: Unresolved compilation problems: 
The import com.actions cannot be resolved
The import com.utilities cannot be resolved
UserRegistrationAction cannot be resolved to a type
UserRegistrationAction cannot be resolved to a type
HelperClass cannot be resolved
UserRegistrationAction cannot be resolved to a type
UserRegistrationAction cannot be resolved to a type
UserRegistrationAction cannot be resolved to a type
UserRegistrationAction cannot be resolved to a type
UserRegistrationAction cannot be resolved to a type
UserRegistrationAction cannot be resolved to a type
UserRegistrationAction cannot be resolved to a type
UserRegistrationAction cannot be resolved to a type
UserRegistrationAction cannot be resolved to a type
UserRegistrationAction cannot be resolved to a type
UserRegistrationAction cannot be resolved to a type
UserRegistrationAction cannot be resolved to a type
UserRegistrationAction cannot be resolved to a type
UserRegistrationAction cannot be resolved to a type

at com.definitions.UserRegistrationDefinition.<init>(UserRegistrationDefinition.java:3)
... 33 more
... Removed 13 stack frames]]>
    </failure>
  </testcase> <!-- runScenario -->
  <testcase classname="io.cucumber.testng.AbstractTestNGCucumberTests" name="runScenario" time="0.102">
    <failure type="io.cucumber.core.exception.CucumberException" message="Failed to instantiate class com.definitions.UserRegistrationDefinition">
      <![CDATA[io.cucumber.core.exception.CucumberException: Failed to instantiate class com.definitions.UserRegistrationDefinition
at io.cucumber.core.backend.DefaultObjectFactory.cacheNewInstance(DefaultObjectFactory.java:67)
at io.cucumber.core.backend.DefaultObjectFactory.getInstance(DefaultObjectFactory.java:45)
at io.cucumber.java.AbstractGlueDefinition.invokeMethod(AbstractGlueDefinition.java:47)
at io.cucumber.java.JavaStepDefinition.execute(JavaStepDefinition.java:29)
at io.cucumber.core.runner.CoreStepDefinition.execute(CoreStepDefinition.java:66)
at io.cucumber.core.runner.PickleStepDefinitionMatch.runStep(PickleStepDefinitionMatch.java:62)
at io.cucumber.core.runner.ExecutionMode$1.execute(ExecutionMode.java:10)
at io.cucumber.core.runner.TestStep.executeStep(TestStep.java:81)
at io.cucumber.core.runner.TestStep.run(TestStep.java:53)
at io.cucumber.core.runner.PickleStepTestStep.run(PickleStepTestStep.java:51)
at io.cucumber.core.runner.TestCase.run(TestCase.java:86)
at io.cucumber.core.runner.Runner.runPickle(Runner.java:77)
at io.cucumber.testng.TestNGCucumberRunner.lambda$runScenario$1(TestNGCucumberRunner.java:135)
at io.cucumber.core.runtime.CucumberExecutionContext.lambda$runTestCase$5(CucumberExecutionContext.java:136)
at io.cucumber.core.runtime.RethrowingThrowableCollector.executeAndThrow(RethrowingThrowableCollector.java:23)
at io.cucumber.core.runtime.CucumberExecutionContext.runTestCase(CucumberExecutionContext.java:136)
at io.cucumber.testng.TestNGCucumberRunner.runScenario(TestNGCucumberRunner.java:132)
at io.cucumber.testng.AbstractTestNGCucumberTests.runScenario(AbstractTestNGCucumberTests.java:35)
at java.base/java.util.concurrent.ThreadPoolExecutor.runWorker(ThreadPoolExecutor.java:1136)
at java.base/java.util.concurrent.ThreadPoolExecutor$Worker.run(ThreadPoolExecutor.java:635)
at java.base/java.lang.Thread.run(Thread.java:842)
at io.cucumber.core.backend.DefaultObjectFactory.cacheNewInstance(DefaultObjectFactory.java:53)
... 28 more
Caused by: java.lang.Error: Unresolved compilation problems: 
The import com.actions cannot be resolved
The import com.utilities cannot be resolved
UserRegistrationAction cannot be resolved to a type
UserRegistrationAction cannot be resolved to a type
HelperClass cannot be resolved
UserRegistrationAction cannot be resolved to a type
UserRegistrationAction cannot be resolved to a type
UserRegistrationAction cannot be resolved to a type
UserRegistrationAction cannot be resolved to a type
UserRegistrationAction cannot be resolved to a type
UserRegistrationAction cannot be resolved to a type
UserRegistrationAction cannot be resolved to a type
UserRegistrationAction cannot be resolved to a type
UserRegistrationAction cannot be resolved to a type
UserRegistrationAction cannot be resolved to a type
UserRegistrationAction cannot be resolved to a type
UserRegistrationAction cannot be resolved to a type
UserRegistrationAction cannot be resolved to a type
UserRegistrationAction cannot be resolved to a type

at com.definitions.UserRegistrationDefinition.<init>(UserRegistrationDefinition.java:3)
... 33 more
... Removed 13 stack frames]]>
    </failure>
  </testcase> <!-- runScenario -->
  <testcase classname="io.cucumber.testng.AbstractTestNGCucumberTests" name="runScenario" time="0.179">
    <failure type="io.cucumber.core.exception.CucumberException" message="Failed to instantiate class com.definitions.UserRegistrationDefinition">
      <![CDATA[io.cucumber.core.exception.CucumberException: Failed to instantiate class com.definitions.UserRegistrationDefinition
at io.cucumber.core.backend.DefaultObjectFactory.cacheNewInstance(DefaultObjectFactory.java:67)
at io.cucumber.core.backend.DefaultObjectFactory.getInstance(DefaultObjectFactory.java:45)
at io.cucumber.java.AbstractGlueDefinition.invokeMethod(AbstractGlueDefinition.java:47)
at io.cucumber.java.JavaStepDefinition.execute(JavaStepDefinition.java:29)
at io.cucumber.core.runner.CoreStepDefinition.execute(CoreStepDefinition.java:66)
at io.cucumber.core.runner.PickleStepDefinitionMatch.runStep(PickleStepDefinitionMatch.java:62)
at io.cucumber.core.runner.ExecutionMode$1.execute(ExecutionMode.java:10)
at io.cucumber.core.runner.TestStep.executeStep(TestStep.java:81)
at io.cucumber.core.runner.TestStep.run(TestStep.java:53)
at io.cucumber.core.runner.PickleStepTestStep.run(PickleStepTestStep.java:51)
at io.cucumber.core.runner.TestCase.run(TestCase.java:86)
at io.cucumber.core.runner.Runner.runPickle(Runner.java:77)
at io.cucumber.testng.TestNGCucumberRunner.lambda$runScenario$1(TestNGCucumberRunner.java:135)
at io.cucumber.core.runtime.CucumberExecutionContext.lambda$runTestCase$5(CucumberExecutionContext.java:136)
at io.cucumber.core.runtime.RethrowingThrowableCollector.executeAndThrow(RethrowingThrowableCollector.java:23)
at io.cucumber.core.runtime.CucumberExecutionContext.runTestCase(CucumberExecutionContext.java:136)
at io.cucumber.testng.TestNGCucumberRunner.runScenario(TestNGCucumberRunner.java:132)
at io.cucumber.testng.AbstractTestNGCucumberTests.runScenario(AbstractTestNGCucumberTests.java:35)
at java.base/java.util.concurrent.ThreadPoolExecutor.runWorker(ThreadPoolExecutor.java:1136)
at java.base/java.util.concurrent.ThreadPoolExecutor$Worker.run(ThreadPoolExecutor.java:635)
at java.base/java.lang.Thread.run(Thread.java:842)
at io.cucumber.core.backend.DefaultObjectFactory.cacheNewInstance(DefaultObjectFactory.java:53)
... 29 more
Caused by: java.lang.Error: Unresolved compilation problems: 
The import com.actions cannot be resolved
The import com.utilities cannot be resolved
UserRegistrationAction cannot be resolved to a type
UserRegistrationAction cannot be resolved to a type
HelperClass cannot be resolved
UserRegistrationAction cannot be resolved to a type
UserRegistrationAction cannot be resolved to a type
UserRegistrationAction cannot be resolved to a type
UserRegistrationAction cannot be resolved to a type
UserRegistrationAction cannot be resolved to a type
UserRegistrationAction cannot be resolved to a type
UserRegistrationAction cannot be resolved to a type
UserRegistrationAction cannot be resolved to a type
UserRegistrationAction cannot be resolved to a type
UserRegistrationAction cannot be resolved to a type
UserRegistrationAction cannot be resolved to a type
UserRegistrationAction cannot be resolved to a type
UserRegistrationAction cannot be resolved to a type
UserRegistrationAction cannot be resolved to a type

at com.definitions.UserRegistrationDefinition.<init>(UserRegistrationDefinition.java:3)
... 35 more
... Removed 15 stack frames]]>
    </failure>
  </testcase> <!-- runScenario -->
  <testcase classname="io.cucumber.testng.AbstractTestNGCucumberTests" name="runScenario" time="0.11">
    <failure type="io.cucumber.core.exception.CucumberException" message="Failed to instantiate class com.definitions.UserRegistrationDefinition">
      <![CDATA[io.cucumber.core.exception.CucumberException: Failed to instantiate class com.definitions.UserRegistrationDefinition
at io.cucumber.core.backend.DefaultObjectFactory.cacheNewInstance(DefaultObjectFactory.java:67)
at io.cucumber.core.backend.DefaultObjectFactory.getInstance(DefaultObjectFactory.java:45)
at io.cucumber.java.AbstractGlueDefinition.invokeMethod(AbstractGlueDefinition.java:47)
at io.cucumber.java.JavaStepDefinition.execute(JavaStepDefinition.java:29)
at io.cucumber.core.runner.CoreStepDefinition.execute(CoreStepDefinition.java:66)
at io.cucumber.core.runner.PickleStepDefinitionMatch.runStep(PickleStepDefinitionMatch.java:62)
at io.cucumber.core.runner.ExecutionMode$1.execute(ExecutionMode.java:10)
at io.cucumber.core.runner.TestStep.executeStep(TestStep.java:81)
at io.cucumber.core.runner.TestStep.run(TestStep.java:53)
at io.cucumber.core.runner.PickleStepTestStep.run(PickleStepTestStep.java:51)
at io.cucumber.core.runner.TestCase.run(TestCase.java:86)
at io.cucumber.core.runner.Runner.runPickle(Runner.java:77)
at io.cucumber.testng.TestNGCucumberRunner.lambda$runScenario$1(TestNGCucumberRunner.java:135)
at io.cucumber.core.runtime.CucumberExecutionContext.lambda$runTestCase$5(CucumberExecutionContext.java:136)
at io.cucumber.core.runtime.RethrowingThrowableCollector.executeAndThrow(RethrowingThrowableCollector.java:23)
at io.cucumber.core.runtime.CucumberExecutionContext.runTestCase(CucumberExecutionContext.java:136)
at io.cucumber.testng.TestNGCucumberRunner.runScenario(TestNGCucumberRunner.java:132)
at io.cucumber.testng.AbstractTestNGCucumberTests.runScenario(AbstractTestNGCucumberTests.java:35)
at java.base/java.util.concurrent.ThreadPoolExecutor.runWorker(ThreadPoolExecutor.java:1136)
at java.base/java.util.concurrent.ThreadPoolExecutor$Worker.run(ThreadPoolExecutor.java:635)
at java.base/java.lang.Thread.run(Thread.java:842)
at io.cucumber.core.backend.DefaultObjectFactory.cacheNewInstance(DefaultObjectFactory.java:53)
... 28 more
Caused by: java.lang.Error: Unresolved compilation problems: 
The import com.actions cannot be resolved
The import com.utilities cannot be resolved
UserRegistrationAction cannot be resolved to a type
UserRegistrationAction cannot be resolved to a type
HelperClass cannot be resolved
UserRegistrationAction cannot be resolved to a type
UserRegistrationAction cannot be resolved to a type
UserRegistrationAction cannot be resolved to a type
UserRegistrationAction cannot be resolved to a type
UserRegistrationAction cannot be resolved to a type
UserRegistrationAction cannot be resolved to a type
UserRegistrationAction cannot be resolved to a type
UserRegistrationAction cannot be resolved to a type
UserRegistrationAction cannot be resolved to a type
UserRegistrationAction cannot be resolved to a type
UserRegistrationAction cannot be resolved to a type
UserRegistrationAction cannot be resolved to a type
UserRegistrationAction cannot be resolved to a type
UserRegistrationAction cannot be resolved to a type

at com.definitions.UserRegistrationDefinition.<init>(UserRegistrationDefinition.java:3)
... 33 more
... Removed 13 stack frames]]>
    </failure>
  </testcase> <!-- runScenario -->
  <testcase classname="io.cucumber.testng.AbstractTestNGCucumberTests" name="runScenario" time="0.098">
    <failure type="io.cucumber.core.exception.CucumberException" message="Failed to instantiate class com.definitions.UserRegistrationDefinition">
      <![CDATA[io.cucumber.core.exception.CucumberException: Failed to instantiate class com.definitions.UserRegistrationDefinition
at io.cucumber.core.backend.DefaultObjectFactory.cacheNewInstance(DefaultObjectFactory.java:67)
at io.cucumber.core.backend.DefaultObjectFactory.getInstance(DefaultObjectFactory.java:45)
at io.cucumber.java.AbstractGlueDefinition.invokeMethod(AbstractGlueDefinition.java:47)
at io.cucumber.java.JavaStepDefinition.execute(JavaStepDefinition.java:29)
at io.cucumber.core.runner.CoreStepDefinition.execute(CoreStepDefinition.java:66)
at io.cucumber.core.runner.PickleStepDefinitionMatch.runStep(PickleStepDefinitionMatch.java:62)
at io.cucumber.core.runner.ExecutionMode$1.execute(ExecutionMode.java:10)
at io.cucumber.core.runner.TestStep.executeStep(TestStep.java:81)
at io.cucumber.core.runner.TestStep.run(TestStep.java:53)
at io.cucumber.core.runner.PickleStepTestStep.run(PickleStepTestStep.java:51)
at io.cucumber.core.runner.TestCase.run(TestCase.java:86)
at io.cucumber.core.runner.Runner.runPickle(Runner.java:77)
at io.cucumber.testng.TestNGCucumberRunner.lambda$runScenario$1(TestNGCucumberRunner.java:135)
at io.cucumber.core.runtime.CucumberExecutionContext.lambda$runTestCase$5(CucumberExecutionContext.java:136)
at io.cucumber.core.runtime.RethrowingThrowableCollector.executeAndThrow(RethrowingThrowableCollector.java:23)
at io.cucumber.core.runtime.CucumberExecutionContext.runTestCase(CucumberExecutionContext.java:136)
at io.cucumber.testng.TestNGCucumberRunner.runScenario(TestNGCucumberRunner.java:132)
at io.cucumber.testng.AbstractTestNGCucumberTests.runScenario(AbstractTestNGCucumberTests.java:35)
at java.base/java.util.concurrent.ThreadPoolExecutor.runWorker(ThreadPoolExecutor.java:1136)
at java.base/java.util.concurrent.ThreadPoolExecutor$Worker.run(ThreadPoolExecutor.java:635)
at java.base/java.lang.Thread.run(Thread.java:842)
at io.cucumber.core.backend.DefaultObjectFactory.cacheNewInstance(DefaultObjectFactory.java:53)
... 28 more
Caused by: java.lang.Error: Unresolved compilation problems: 
The import com.actions cannot be resolved
The import com.utilities cannot be resolved
UserRegistrationAction cannot be resolved to a type
UserRegistrationAction cannot be resolved to a type
HelperClass cannot be resolved
UserRegistrationAction cannot be resolved to a type
UserRegistrationAction cannot be resolved to a type
UserRegistrationAction cannot be resolved to a type
UserRegistrationAction cannot be resolved to a type
UserRegistrationAction cannot be resolved to a type
UserRegistrationAction cannot be resolved to a type
UserRegistrationAction cannot be resolved to a type
UserRegistrationAction cannot be resolved to a type
UserRegistrationAction cannot be resolved to a type
UserRegistrationAction cannot be resolved to a type
UserRegistrationAction cannot be resolved to a type
UserRegistrationAction cannot be resolved to a type
UserRegistrationAction cannot be resolved to a type
UserRegistrationAction cannot be resolved to a type

at com.definitions.UserRegistrationDefinition.<init>(UserRegistrationDefinition.java:3)
... 33 more
... Removed 13 stack frames]]>
    </failure>
  </testcase> <!-- runScenario -->
  <testcase classname="io.cucumber.testng.AbstractTestNGCucumberTests" name="runScenario" time="0.184">
    <failure type="io.cucumber.core.exception.CucumberException" message="Failed to instantiate class com.definitions.UserRegistrationDefinition">
      <![CDATA[io.cucumber.core.exception.CucumberException: Failed to instantiate class com.definitions.UserRegistrationDefinition
at io.cucumber.core.backend.DefaultObjectFactory.cacheNewInstance(DefaultObjectFactory.java:67)
at io.cucumber.core.backend.DefaultObjectFactory.getInstance(DefaultObjectFactory.java:45)
at io.cucumber.java.AbstractGlueDefinition.invokeMethod(AbstractGlueDefinition.java:47)
at io.cucumber.java.JavaStepDefinition.execute(JavaStepDefinition.java:29)
at io.cucumber.core.runner.CoreStepDefinition.execute(CoreStepDefinition.java:66)
at io.cucumber.core.runner.PickleStepDefinitionMatch.runStep(PickleStepDefinitionMatch.java:62)
at io.cucumber.core.runner.ExecutionMode$1.execute(ExecutionMode.java:10)
at io.cucumber.core.runner.TestStep.executeStep(TestStep.java:81)
at io.cucumber.core.runner.TestStep.run(TestStep.java:53)
at io.cucumber.core.runner.PickleStepTestStep.run(PickleStepTestStep.java:51)
at io.cucumber.core.runner.TestCase.run(TestCase.java:86)
at io.cucumber.core.runner.Runner.runPickle(Runner.java:77)
at io.cucumber.testng.TestNGCucumberRunner.lambda$runScenario$1(TestNGCucumberRunner.java:135)
at io.cucumber.core.runtime.CucumberExecutionContext.lambda$runTestCase$5(CucumberExecutionContext.java:136)
at io.cucumber.core.runtime.RethrowingThrowableCollector.executeAndThrow(RethrowingThrowableCollector.java:23)
at io.cucumber.core.runtime.CucumberExecutionContext.runTestCase(CucumberExecutionContext.java:136)
at io.cucumber.testng.TestNGCucumberRunner.runScenario(TestNGCucumberRunner.java:132)
at io.cucumber.testng.AbstractTestNGCucumberTests.runScenario(AbstractTestNGCucumberTests.java:35)
at java.base/java.util.concurrent.ThreadPoolExecutor.runWorker(ThreadPoolExecutor.java:1136)
at java.base/java.util.concurrent.ThreadPoolExecutor$Worker.run(ThreadPoolExecutor.java:635)
at java.base/java.lang.Thread.run(Thread.java:842)
at io.cucumber.core.backend.DefaultObjectFactory.cacheNewInstance(DefaultObjectFactory.java:53)
... 29 more
Caused by: java.lang.Error: Unresolved compilation problems: 
The import com.actions cannot be resolved
The import com.utilities cannot be resolved
UserRegistrationAction cannot be resolved to a type
UserRegistrationAction cannot be resolved to a type
HelperClass cannot be resolved
UserRegistrationAction cannot be resolved to a type
UserRegistrationAction cannot be resolved to a type
UserRegistrationAction cannot be resolved to a type
UserRegistrationAction cannot be resolved to a type
UserRegistrationAction cannot be resolved to a type
UserRegistrationAction cannot be resolved to a type
UserRegistrationAction cannot be resolved to a type
UserRegistrationAction cannot be resolved to a type
UserRegistrationAction cannot be resolved to a type
UserRegistrationAction cannot be resolved to a type
UserRegistrationAction cannot be resolved to a type
UserRegistrationAction cannot be resolved to a type
UserRegistrationAction cannot be resolved to a type
UserRegistrationAction cannot be resolved to a type

at com.definitions.UserRegistrationDefinition.<init>(UserRegistrationDefinition.java:3)
... 34 more
... Removed 14 stack frames]]>
    </failure>
  </testcase> <!-- runScenario -->
  <testcase classname="io.cucumber.testng.AbstractTestNGCucumberTests" name="runScenario" time="0.033">
    <failure type="io.cucumber.core.exception.CucumberException" message="Failed to instantiate class com.definitions.UserRegistrationDefinition">
      <![CDATA[io.cucumber.core.exception.CucumberException: Failed to instantiate class com.definitions.UserRegistrationDefinition
at io.cucumber.core.backend.DefaultObjectFactory.cacheNewInstance(DefaultObjectFactory.java:67)
at io.cucumber.core.backend.DefaultObjectFactory.getInstance(DefaultObjectFactory.java:45)
at io.cucumber.java.AbstractGlueDefinition.invokeMethod(AbstractGlueDefinition.java:47)
at io.cucumber.java.JavaStepDefinition.execute(JavaStepDefinition.java:29)
at io.cucumber.core.runner.CoreStepDefinition.execute(CoreStepDefinition.java:66)
at io.cucumber.core.runner.PickleStepDefinitionMatch.runStep(PickleStepDefinitionMatch.java:62)
at io.cucumber.core.runner.ExecutionMode$1.execute(ExecutionMode.java:10)
at io.cucumber.core.runner.TestStep.executeStep(TestStep.java:81)
at io.cucumber.core.runner.TestStep.run(TestStep.java:53)
at io.cucumber.core.runner.PickleStepTestStep.run(PickleStepTestStep.java:51)
at io.cucumber.core.runner.TestCase.run(TestCase.java:86)
at io.cucumber.core.runner.Runner.runPickle(Runner.java:77)
at io.cucumber.testng.TestNGCucumberRunner.lambda$runScenario$1(TestNGCucumberRunner.java:135)
at io.cucumber.core.runtime.CucumberExecutionContext.lambda$runTestCase$5(CucumberExecutionContext.java:136)
at io.cucumber.core.runtime.RethrowingThrowableCollector.executeAndThrow(RethrowingThrowableCollector.java:23)
at io.cucumber.core.runtime.CucumberExecutionContext.runTestCase(CucumberExecutionContext.java:136)
at io.cucumber.testng.TestNGCucumberRunner.runScenario(TestNGCucumberRunner.java:132)
at io.cucumber.testng.AbstractTestNGCucumberTests.runScenario(AbstractTestNGCucumberTests.java:35)
at java.base/java.util.concurrent.ThreadPoolExecutor.runWorker(ThreadPoolExecutor.java:1136)
at java.base/java.util.concurrent.ThreadPoolExecutor$Worker.run(ThreadPoolExecutor.java:635)
at java.base/java.lang.Thread.run(Thread.java:842)
at io.cucumber.core.backend.DefaultObjectFactory.cacheNewInstance(DefaultObjectFactory.java:53)
... 28 more
Caused by: java.lang.Error: Unresolved compilation problems: 
The import com.actions cannot be resolved
The import com.utilities cannot be resolved
UserRegistrationAction cannot be resolved to a type
UserRegistrationAction cannot be resolved to a type
HelperClass cannot be resolved
UserRegistrationAction cannot be resolved to a type
UserRegistrationAction cannot be resolved to a type
UserRegistrationAction cannot be resolved to a type
UserRegistrationAction cannot be resolved to a type
UserRegistrationAction cannot be resolved to a type
UserRegistrationAction cannot be resolved to a type
UserRegistrationAction cannot be resolved to a type
UserRegistrationAction cannot be resolved to a type
UserRegistrationAction cannot be resolved to a type
UserRegistrationAction cannot be resolved to a type
UserRegistrationAction cannot be resolved to a type
UserRegistrationAction cannot be resolved to a type
UserRegistrationAction cannot be resolved to a type
UserRegistrationAction cannot be resolved to a type

at com.definitions.UserRegistrationDefinition.<init>(UserRegistrationDefinition.java:3)
... 33 more
... Removed 13 stack frames]]>
    </failure>
  </testcase> <!-- runScenario -->
  <testcase classname="io.cucumber.testng.AbstractTestNGCucumberTests" name="runScenario" time="0.037">
    <failure type="io.cucumber.core.exception.CucumberException" message="Failed to instantiate class com.definitions.UserRegistrationDefinition">
      <![CDATA[io.cucumber.core.exception.CucumberException: Failed to instantiate class com.definitions.UserRegistrationDefinition
at io.cucumber.core.backend.DefaultObjectFactory.cacheNewInstance(DefaultObjectFactory.java:67)
at io.cucumber.core.backend.DefaultObjectFactory.getInstance(DefaultObjectFactory.java:45)
at io.cucumber.java.AbstractGlueDefinition.invokeMethod(AbstractGlueDefinition.java:47)
at io.cucumber.java.JavaStepDefinition.execute(JavaStepDefinition.java:29)
at io.cucumber.core.runner.CoreStepDefinition.execute(CoreStepDefinition.java:66)
at io.cucumber.core.runner.PickleStepDefinitionMatch.runStep(PickleStepDefinitionMatch.java:62)
at io.cucumber.core.runner.ExecutionMode$1.execute(ExecutionMode.java:10)
at io.cucumber.core.runner.TestStep.executeStep(TestStep.java:81)
at io.cucumber.core.runner.TestStep.run(TestStep.java:53)
at io.cucumber.core.runner.PickleStepTestStep.run(PickleStepTestStep.java:51)
at io.cucumber.core.runner.TestCase.run(TestCase.java:86)
at io.cucumber.core.runner.Runner.runPickle(Runner.java:77)
at io.cucumber.testng.TestNGCucumberRunner.lambda$runScenario$1(TestNGCucumberRunner.java:135)
at io.cucumber.core.runtime.CucumberExecutionContext.lambda$runTestCase$5(CucumberExecutionContext.java:136)
at io.cucumber.core.runtime.RethrowingThrowableCollector.executeAndThrow(RethrowingThrowableCollector.java:23)
at io.cucumber.core.runtime.CucumberExecutionContext.runTestCase(CucumberExecutionContext.java:136)
at io.cucumber.testng.TestNGCucumberRunner.runScenario(TestNGCucumberRunner.java:132)
at io.cucumber.testng.AbstractTestNGCucumberTests.runScenario(AbstractTestNGCucumberTests.java:35)
at java.base/java.util.concurrent.ThreadPoolExecutor.runWorker(ThreadPoolExecutor.java:1136)
at java.base/java.util.concurrent.ThreadPoolExecutor$Worker.run(ThreadPoolExecutor.java:635)
at java.base/java.lang.Thread.run(Thread.java:842)
at io.cucumber.core.backend.DefaultObjectFactory.cacheNewInstance(DefaultObjectFactory.java:53)
... 28 more
Caused by: java.lang.Error: Unresolved compilation problems: 
The import com.actions cannot be resolved
The import com.utilities cannot be resolved
UserRegistrationAction cannot be resolved to a type
UserRegistrationAction cannot be resolved to a type
HelperClass cannot be resolved
UserRegistrationAction cannot be resolved to a type
UserRegistrationAction cannot be resolved to a type
UserRegistrationAction cannot be resolved to a type
UserRegistrationAction cannot be resolved to a type
UserRegistrationAction cannot be resolved to a type
UserRegistrationAction cannot be resolved to a type
UserRegistrationAction cannot be resolved to a type
UserRegistrationAction cannot be resolved to a type
UserRegistrationAction cannot be resolved to a type
UserRegistrationAction cannot be resolved to a type
UserRegistrationAction cannot be resolved to a type
UserRegistrationAction cannot be resolved to a type
UserRegistrationAction cannot be resolved to a type
UserRegistrationAction cannot be resolved to a type

at com.definitions.UserRegistrationDefinition.<init>(UserRegistrationDefinition.java:3)
... 33 more
... Removed 13 stack frames]]>
    </failure>
  </testcase> <!-- runScenario -->
  <testcase classname="io.cucumber.testng.AbstractTestNGCucumberTests" name="runScenario" time="0.041">
    <failure type="io.cucumber.core.exception.CucumberException" message="Failed to instantiate class com.definitions.UserRegistrationDefinition">
      <![CDATA[io.cucumber.core.exception.CucumberException: Failed to instantiate class com.definitions.UserRegistrationDefinition
at io.cucumber.core.backend.DefaultObjectFactory.cacheNewInstance(DefaultObjectFactory.java:67)
at io.cucumber.core.backend.DefaultObjectFactory.getInstance(DefaultObjectFactory.java:45)
[...]
at io.cucumber.core.runner.CoreStepDefinition.execute(CoreStepDefinition.java:66)
at io.cucumber.core.runner.PickleStepDefinitionMatch.runStep(PickleStepDefinitionMatch.java:62)
at io.cucumber.core.runner.ExecutionMode$1.execute(ExecutionMode.java:10)
at io.cucumber.core.runner.TestStep.executeStep(TestStep.java:81)
at io.cucumber.core.runner.TestStep.run(TestStep.java:53)
at io.cucumber.core.runner.PickleStepTestStep.run(PickleStepTestStep.java:51)
at io.cucumber.core.runner.TestCase.run(TestCase.java:86)
at io.cucumber.core.runner.Runner.runPickle(Runner.java:77)
at io.cucumber.testng.TestNGCucumberRunner.lambda$runScenario$1(TestNGCucumberRunner.java:135)
at io.cucumber.core.runtime.CucumberExecutionContext.lambda$runTestCase$5(CucumberExecutionContext.java:136)
at io.cucumber.core.runtime.RethrowingThrowableCollector.executeAndThrow(RethrowingThrowableCollector.java:23)
at io.cucumber.core.runtime.CucumberExecutionContext.runTestCase(CucumberExecutionContext.java:136)
at io.cucumber.testng.TestNGCucumberRunner.runScenario(TestNGCucumberRunner.java:132)
at io.cucumber.testng.AbstractTestNGCucumberTests.runScenario(AbstractTestNGCucumberTests.java:35)
at java.base/java.util.concurrent.ThreadPoolExecutor.runWorker(ThreadPoolExecutor.java:1136)
at java.base/java.util.concurrent.ThreadPoolExecutor$Worker.run(ThreadPoolExecutor.java:635)
at java.base/java.lang.Thread.run(Thread.java:842)
at io.cucumber.core.backend.DefaultObjectFactory.cacheNewInstance(DefaultObjectFactory.java:53)
... 28 more
Caused by: java.lang.Error: Unresolved compilation problems: 
The import com.actions cannot be resolved
The import com.utilities cannot be resolved
UserRegistrationAction cannot be resolved to a type
UserRegistrationAction cannot be resolved to a type
HelperClass cannot be resolved
UserRegistrationAction cannot be resolved to a type
UserRegistrationAction cannot be resolved to a type
UserRegistrationAction cannot be resolved to a type
UserRegistrationAction cannot be resolved to a type
UserRegistrationAction cannot be resolved to a type
UserRegistrationAction cannot be resolved to a type
UserRegistrationAction cannot be resolved to a type
UserRegistrationAction cannot be resolved to a type
UserRegistrationAction cannot be resolved to a type
UserRegistrationAction cannot be resolved to a type
UserRegistrationAction cannot be resolved to a type
UserRegistrationAction cannot be resolved to a type
UserRegistrationAction cannot be resolved to a type
UserRegistrationAction cannot be resolved to a type

at com.definitions.UserRegistrationDefinition.<init>(UserRegistrationDefinition.java:3)
... 33 more
... Removed 13 stack frames]]>
    </failure>
  </testcase> <!-- runScenario -->
  <testcase classname="io.cucumber.testng.AbstractTestNGCucumberTests" name="runScenario" time="0.07">
    <failure type="io.cucumber.core.exception.CucumberException" message="Failed to instantiate class com.definitions.UserRegistrationDefinition">
      <![CDATA[io.cucumber.core.exception.CucumberException: Failed to instantiate class com.definitions.UserRegistrationDefinition
at io.cucumber.core.backend.DefaultObjectFactory.cacheNewInstance(DefaultObjectFactory.java:67)
at io.cucumber.core.backend.DefaultObjectFactory.getInstance(DefaultObjectFactory.java:45)
at io.cucumber.java.AbstractGlueDefinition.invokeMethod(AbstractGlueDefinition.java:47)
at io.cucumber.java.JavaStepDefinition.execute(JavaStepDefinition.java:29)
at io.cucumber.core.runner.CoreStepDefinition.execute(CoreStepDefinition.java:66)
at io.cucumber.core.runner.PickleStepDefinitionMatch.runStep(PickleStepDefinitionMatch.java:62)
at io.cucumber.core.runner.ExecutionMode$1.execute(ExecutionMode.java:10)
at io.cucumber.core.runner.TestStep.executeStep(TestStep.java:81)
at io.cucumber.core.runner.TestStep.run(TestStep.java:53)
at io.cucumber.core.runner.PickleStepTestStep.run(PickleStepTestStep.java:51)
at io.cucumber.core.runner.TestCase.run(TestCase.java:86)
at io.cucumber.core.runner.Runner.runPickle(Runner.java:77)
at io.cucumber.testng.TestNGCucumberRunner.lambda$runScenario$1(TestNGCucumberRunner.java:135)
at io.cucumber.core.runtime.CucumberExecutionContext.lambda$runTestCase$5(CucumberExecutionContext.java:136)
at io.cucumber.core.runtime.RethrowingThrowableCollector.executeAndThrow(RethrowingThrowableCollector.java:23)
at io.cucumber.core.runtime.CucumberExecutionContext.runTestCase(CucumberExecutionContext.java:136)
at io.cucumber.testng.TestNGCucumberRunner.runScenario(TestNGCucumberRunner.java:132)
at io.cucumber.testng.AbstractTestNGCucumberTests.runScenario(AbstractTestNGCucumberTests.java:35)
at java.base/java.util.concurrent.ThreadPoolExecutor.runWorker(ThreadPoolExecutor.java:1136)
at java.base/java.util.concurrent.ThreadPoolExecutor$Worker.run(ThreadPoolExecutor.java:635)
at java.base/java.lang.Thread.run(Thread.java:842)
at io.cucumber.core.backend.DefaultObjectFactory.cacheNewInstance(DefaultObjectFactory.java:53)
... 28 more
Caused by: java.lang.Error: Unresolved compilation problems: 
The import com.actions cannot be resolved
The import com.utilities cannot be resolved
UserRegistrationAction cannot be resolved to a type
UserRegistrationAction cannot be resolved to a type
HelperClass cannot be resolved
UserRegistrationAction cannot be resolved to a type
UserRegistrationAction cannot be resolved to a type
UserRegistrationAction cannot be resolved to a type
UserRegistrationAction cannot be resolved to a type
UserRegistrationAction cannot be resolved to a type
UserRegistrationAction cannot be resolved to a type
UserRegistrationAction cannot be resolved to a type
UserRegistrationAction cannot be resolved to a type
UserRegistrationAction cannot be resolved to a type
UserRegistrationAction cannot be resolved to a type
UserRegistrationAction cannot be resolved to a type
UserRegistrationAction cannot be resolved to a type
UserRegistrationAction cannot be resolved to a type
UserRegistrationAction cannot be resolved to a type

at com.definitions.UserRegistrationDefinition.<init>(UserRegistrationDefinition.java:3)
... 33 more
... Removed 13 stack frames]]>
    </failure>
  </testcase> <!-- runScenario -->
  <testcase classname="io.cucumber.testng.AbstractTestNGCucumberTests" name="runScenario" time="0.027">
    <failure type="io.cucumber.core.exception.CucumberException" message="Failed to instantiate class com.definitions.UserRegistrationDefinition">
      <![CDATA[io.cucumber.core.exception.CucumberException: Failed to instantiate class com.definitions.UserRegistrationDefinition
at io.cucumber.core.backend.DefaultObjectFactory.cacheNewInstance(DefaultObjectFactory.java:67)
at io.cucumber.core.backend.DefaultObjectFactory.getInstance(DefaultObjectFactory.java:45)
at io.cucumber.java.AbstractGlueDefinition.invokeMethod(AbstractGlueDefinition.java:47)
at io.cucumber.java.JavaStepDefinition.execute(JavaStepDefinition.java:29)
at io.cucumber.core.runner.CoreStepDefinition.execute(CoreStepDefinition.java:66)
at io.cucumber.core.runner.PickleStepDefinitionMatch.runStep(PickleStepDefinitionMatch.java:62)
at io.cucumber.core.runner.ExecutionMode$1.execute(ExecutionMode.java:10)
at io.cucumber.core.runner.TestStep.executeStep(TestStep.java:81)
at io.cucumber.core.runner.TestStep.run(TestStep.java:53)
at io.cucumber.core.runner.PickleStepTestStep.run(PickleStepTestStep.java:51)
at io.cucumber.core.runner.TestCase.run(TestCase.java:86)
at io.cucumber.core.runner.Runner.runPickle(Runner.java:77)
at io.cucumber.testng.TestNGCucumberRunner.lambda$runScenario$1(TestNGCucumberRunner.java:135)
at io.cucumber.core.runtime.CucumberExecutionContext.lambda$runTestCase$5(CucumberExecutionContext.java:136)
at io.cucumber.core.runtime.RethrowingThrowableCollector.executeAndThrow(RethrowingThrowableCollector.java:23)
at io.cucumber.core.runtime.CucumberExecutionContext.runTestCase(CucumberExecutionContext.java:136)
at io.cucumber.testng.TestNGCucumberRunner.runScenario(TestNGCucumberRunner.java:132)
at io.cucumber.testng.AbstractTestNGCucumberTests.runScenario(AbstractTestNGCucumberTests.java:35)
at java.base/java.util.concurrent.ThreadPoolExecutor.runWorker(ThreadPoolExecutor.java:1136)
at java.base/java.util.concurrent.ThreadPoolExecutor$Worker.run(ThreadPoolExecutor.java:635)
at java.base/java.lang.Thread.run(Thread.java:842)
at io.cucumber.core.backend.DefaultObjectFactory.cacheNewInstance(DefaultObjectFactory.java:53)
... 28 more
Caused by: java.lang.Error: Unresolved compilation problems: 
The import com.actions cannot be resolved
The import com.utilities cannot be resolved
UserRegistrationAction cannot be resolved to a type
UserRegistrationAction cannot be resolved to a type
HelperClass cannot be resolved
UserRegistrationAction cannot be resolved to a type
UserRegistrationAction cannot be resolved to a type
UserRegistrationAction cannot be resolved to a type
UserRegistrationAction cannot be resolved to a type
UserRegistrationAction cannot be resolved to a type
UserRegistrationAction cannot be resolved to a type
UserRegistrationAction cannot be resolved to a type
UserRegistrationAction cannot be resolved to a type
UserRegistrationAction cannot be resolved to a type
UserRegistrationAction cannot be resolved to a type
UserRegistrationAction cannot be resolved to a type
UserRegistrationAction cannot be resolved to a type
UserRegistrationAction cannot be resolved to a type
UserRegistrationAction cannot be resolved to a type

at com.definitions.UserRegistrationDefinition.<init>(UserRegistrationDefinition.java:3)
... 33 more
... Removed 13 stack frames]]>
    </failure>
  </testcase> <!-- runScenario -->
  <testcase classname="io.cucumber.testng.AbstractTestNGCucumberTests" name="runScenario" time="0.079">
    <failure type="io.cucumber.core.exception.CucumberException" message="Failed to instantiate class com.definitions.UserRegistrationDefinition">
      <![CDATA[io.cucumber.core.exception.CucumberException: Failed to instantiate class com.definitions.UserRegistrationDefinition
at io.cucumber.core.backend.DefaultObjectFactory.cacheNewInstance(DefaultObjectFactory.java:67)
at io.cucumber.core.backend.DefaultObjectFactory.getInstance(DefaultObjectFactory.java:45)
at io.cucumber.java.AbstractGlueDefinition.invokeMethod(AbstractGlueDefinition.java:47)
at io.cucumber.java.JavaStepDefinition.execute(JavaStepDefinition.java:29)
at io.cucumber.core.runner.CoreStepDefinition.execute(CoreStepDefinition.java:66)
at io.cucumber.core.runner.PickleStepDefinitionMatch.runStep(PickleStepDefinitionMatch.java:62)
at io.cucumber.core.runner.ExecutionMode$1.execute(ExecutionMode.java:10)
at io.cucumber.core.runner.TestStep.executeStep(TestStep.java:81)
at io.cucumber.core.runner.TestStep.run(TestStep.java:53)
at io.cucumber.core.runner.PickleStepTestStep.run(PickleStepTestStep.java:51)
at io.cucumber.core.runner.TestCase.run(TestCase.java:86)
at io.cucumber.core.runner.Runner.runPickle(Runner.java:77)
at io.cucumber.testng.TestNGCucumberRunner.lambda$runScenario$1(TestNGCucumberRunner.java:135)
at io.cucumber.core.runtime.CucumberExecutionContext.lambda$runTestCase$5(CucumberExecutionContext.java:136)
at io.cucumber.core.runtime.RethrowingThrowableCollector.executeAndThrow(RethrowingThrowableCollector.java:23)
at io.cucumber.core.runtime.CucumberExecutionContext.runTestCase(CucumberExecutionContext.java:136)
at io.cucumber.testng.TestNGCucumberRunner.runScenario(TestNGCucumberRunner.java:132)
at io.cucumber.testng.AbstractTestNGCucumberTests.runScenario(AbstractTestNGCucumberTests.java:35)
at java.base/java.util.concurrent.ThreadPoolExecutor.runWorker(ThreadPoolExecutor.java:1136)
at java.base/java.util.concurrent.ThreadPoolExecutor$Worker.run(ThreadPoolExecutor.java:635)
at java.base/java.lang.Thread.run(Thread.java:842)
at io.cucumber.core.backend.DefaultObjectFactory.cacheNewInstance(DefaultObjectFactory.java:53)
... 28 more
Caused by: java.lang.Error: Unresolved compilation problems: 
The import com.actions cannot be resolved
The import com.utilities cannot be resolved
UserRegistrationAction cannot be resolved to a type
UserRegistrationAction cannot be resolved to a type
HelperClass cannot be resolved
UserRegistrationAction cannot be resolved to a type
UserRegistrationAction cannot be resolved to a type
UserRegistrationAction cannot be resolved to a type
UserRegistrationAction cannot be resolved to a type
UserRegistrationAction cannot be resolved to a type
UserRegistrationAction cannot be resolved to a type
UserRegistrationAction cannot be resolved to a type
UserRegistrationAction cannot be resolved to a type
UserRegistrationAction cannot be resolved to a type
UserRegistrationAction cannot be resolved to a type
UserRegistrationAction cannot be resolved to a type
UserRegistrationAction cannot be resolved to a type
UserRegistrationAction cannot be resolved to a type
UserRegistrationAction cannot be resolved to a type

at com.definitions.UserRegistrationDefinition.<init>(UserRegistrationDefinition.java:3)
... 33 more
... Removed 13 stack frames]]>
    </failure>
  </testcase> <!-- runScenario -->
  <testcase classname="io.cucumber.testng.AbstractTestNGCucumberTests" name="runScenario" time="0.034">
    <failure type="io.cucumber.core.exception.CucumberException" message="Failed to instantiate class com.definitions.UserRegistrationDefinition">
      <![CDATA[io.cucumber.core.exception.CucumberException: Failed to instantiate class com.definitions.UserRegistrationDefinition
at io.cucumber.core.backend.DefaultObjectFactory.cacheNewInstance(DefaultObjectFactory.java:67)
at io.cucumber.core.backend.DefaultObjectFactory.getInstance(DefaultObjectFactory.java:45)
at io.cucumber.java.AbstractGlueDefinition.invokeMethod(AbstractGlueDefinition.java:47)
at io.cucumber.java.JavaStepDefinition.execute(JavaStepDefinition.java:29)
at io.cucumber.core.runner.CoreStepDefinition.execute(CoreStepDefinition.java:66)
at io.cucumber.core.runner.PickleStepDefinitionMatch.runStep(PickleStepDefinitionMatch.java:62)
at io.cucumber.core.runner.ExecutionMode$1.execute(ExecutionMode.java:10)
at io.cucumber.core.runner.TestStep.executeStep(TestStep.java:81)
at io.cucumber.core.runner.TestStep.run(TestStep.java:53)
at io.cucumber.core.runner.PickleStepTestStep.run(PickleStepTestStep.java:51)
at io.cucumber.core.runner.TestCase.run(TestCase.java:86)
at io.cucumber.core.runner.Runner.runPickle(Runner.java:77)
at io.cucumber.testng.TestNGCucumberRunner.lambda$runScenario$1(TestNGCucumberRunner.java:135)
at io.cucumber.core.runtime.CucumberExecutionContext.lambda$runTestCase$5(CucumberExecutionContext.java:136)
at io.cucumber.core.runtime.RethrowingThrowableCollector.executeAndThrow(RethrowingThrowableCollector.java:23)
at io.cucumber.core.runtime.CucumberExecutionContext.runTestCase(CucumberExecutionContext.java:136)
at io.cucumber.testng.TestNGCucumberRunner.runScenario(TestNGCucumberRunner.java:132)
at io.cucumber.testng.AbstractTestNGCucumberTests.runScenario(AbstractTestNGCucumberTests.java:35)
at java.base/java.util.concurrent.ThreadPoolExecutor.runWorker(ThreadPoolExecutor.java:1136)
at java.base/java.util.concurrent.ThreadPoolExecutor$Worker.run(ThreadPoolExecutor.java:635)
at java.base/java.lang.Thread.run(Thread.java:842)
at io.cucumber.core.backend.DefaultObjectFactory.cacheNewInstance(DefaultObjectFactory.java:53)
... 28 more
Caused by: java.lang.Error: Unresolved compilation problems: 
The import com.actions cannot be resolved
The import com.utilities cannot be resolved
UserRegistrationAction cannot be resolved to a type
UserRegistrationAction cannot be resolved to a type
HelperClass cannot be resolved
UserRegistrationAction cannot be resolved to a type
UserRegistrationAction cannot be resolved to a type
UserRegistrationAction cannot be resolved to a type
UserRegistrationAction cannot be resolved to a type
UserRegistrationAction cannot be resolved to a type
UserRegistrationAction cannot be resolved to a type
UserRegistrationAction cannot be resolved to a type
UserRegistrationAction cannot be resolved to a type
UserRegistrationAction cannot be resolved to a type
UserRegistrationAction cannot be resolved to a type
UserRegistrationAction cannot be resolved to a type
UserRegistrationAction cannot be resolved to a type
UserRegistrationAction cannot be resolved to a type
UserRegistrationAction cannot be resolved to a type

at com.definitions.UserRegistrationDefinition.<init>(UserRegistrationDefinition.java:3)
... 33 more
... Removed 13 stack frames]]>
    </failure>
  </testcase> <!-- runScenario -->
  <testcase classname="io.cucumber.testng.AbstractTestNGCucumberTests" name="runScenario" time="0.016">
    <failure type="io.cucumber.core.exception.CucumberException" message="Failed to instantiate class com.definitions.UserRegistrationDefinition">
      <![CDATA[io.cucumber.core.exception.CucumberException: Failed to instantiate class com.definitions.UserRegistrationDefinition
at io.cucumber.core.backend.DefaultObjectFactory.cacheNewInstance(DefaultObjectFactory.java:67)
at io.cucumber.core.backend.DefaultObjectFactory.getInstance(DefaultObjectFactory.java:45)
at io.cucumber.java.AbstractGlueDefinition.invokeMethod(AbstractGlueDefinition.java:47)
at io.cucumber.java.JavaStepDefinition.execute(JavaStepDefinition.java:29)
at io.cucumber.core.runner.CoreStepDefinition.execute(CoreStepDefinition.java:66)
at io.cucumber.core.runner.PickleStepDefinitionMatch.runStep(PickleStepDefinitionMatch.java:62)
at io.cucumber.core.runner.ExecutionMode$1.execute(ExecutionMode.java:10)
at io.cucumber.core.runner.TestStep.executeStep(TestStep.java:81)
at io.cucumber.core.runner.TestStep.run(TestStep.java:53)
at io.cucumber.core.runner.PickleStepTestStep.run(PickleStepTestStep.java:51)
at io.cucumber.core.runner.TestCase.run(TestCase.java:86)
at io.cucumber.core.runner.Runner.runPickle(Runner.java:77)
at io.cucumber.testng.TestNGCucumberRunner.lambda$runScenario$1(TestNGCucumberRunner.java:135)
at io.cucumber.core.runtime.CucumberExecutionContext.lambda$runTestCase$5(CucumberExecutionContext.java:136)
at io.cucumber.core.runtime.RethrowingThrowableCollector.executeAndThrow(RethrowingThrowableCollector.java:23)
at io.cucumber.core.runtime.CucumberExecutionContext.runTestCase(CucumberExecutionContext.java:136)
at io.cucumber.testng.TestNGCucumberRunner.runScenario(TestNGCucumberRunner.java:132)
at io.cucumber.testng.AbstractTestNGCucumberTests.runScenario(AbstractTestNGCucumberTests.java:35)
at java.base/java.util.concurrent.ThreadPoolExecutor.runWorker(ThreadPoolExecutor.java:1136)
at java.base/java.util.concurrent.ThreadPoolExecutor$Worker.run(ThreadPoolExecutor.java:635)
at java.base/java.lang.Thread.run(Thread.java:842)
at io.cucumber.core.backend.DefaultObjectFactory.cacheNewInstance(DefaultObjectFactory.java:53)
... 28 more
Caused by: java.lang.Error: Unresolved compilation problems: 
The import com.actions cannot be resolved
The import com.utilities cannot be resolved
UserRegistrationAction cannot be resolved to a type
UserRegistrationAction cannot be resolved to a type
HelperClass cannot be resolved
UserRegistrationAction cannot be resolved to a type
UserRegistrationAction cannot be resolved to a type
UserRegistrationAction cannot be resolved to a type
UserRegistrationAction cannot be resolved to a type
UserRegistrationAction cannot be resolved to a type
UserRegistrationAction cannot be resolved to a type
UserRegistrationAction cannot be resolved to a type
UserRegistrationAction cannot be resolved to a type
UserRegistrationAction cannot be resolved to a type
UserRegistrationAction cannot be resolved to a type
UserRegistrationAction cannot be resolved to a type
UserRegistrationAction cannot be resolved to a type
UserRegistrationAction cannot be resolved to a type
UserRegistrationAction cannot be resolved to a type

at com.definitions.UserRegistrationDefinition.<init>(UserRegistrationDefinition.java:3)
... 33 more
... Removed 13 stack frames]]>
    </failure>
  </testcase> <!-- runScenario -->
</testsuite> <!-- Test -->
