<?xml version="1.0" encoding="UTF-8"?>
<!-- Generated by org.testng.reporters.JUnitXMLReporter -->
<testsuite ignored="0" hostname="LAPTOP-LEC46EMO" failures="1" tests="2" name="Test" time="48.874" errors="0" timestamp="2025-04-17T09:58:43 IST">
  <testcase classname="io.cucumber.testng.AbstractTestNGCucumberTests" name="runScenario" time="40.745">
    <failure type="java.lang.IllegalArgumentException" message="Invalid check value. Must be &amp;apos;valid&amp;apos; or &amp;apos;invalid&amp;apos;">
      <![CDATA[java.lang.IllegalArgumentException: Invalid check value. Must be 'valid' or 'invalid'
at com.definitions.AffiliateAccountDefinition.the_user_sees_based_on(AffiliateAccountDefinition.java:51)
at ✽.the user sees "Cheque Payee Name required!" based on "invalid"(file:///C:/Users/kirub/git/Ecommerce-lamdatest-bdd/ecommerce-lambdatest-bd/src/test/resources/com/features/AffiliateAccount.feature:20)
]]>
    </failure>
  </testcase> <!-- runScenario -->
  <testcase classname="io.cucumber.testng.AbstractTestNGCucumberTests" name="runScenario" time="42.294"/>
</testsuite> <!-- Test -->
