<?xml version="1.0" encoding="UTF-8"?>
<!-- Generated by org.testng.reporters.JUnitXMLReporter -->
<testsuite ignored="0" hostname="Saranya" failures="6" tests="6" name="Default test" time="3.065" errors="0" timestamp="2025-04-11T00:44:27 IST">
  <testcase classname="io.cucumber.testng.AbstractTestNGCucumberTests" name="runScenario" time="0.379">
    <failure type="java.lang.NullPointerException">
      <![CDATA[java.lang.NullPointerException
at java.base/java.io.FileInputStream.<init>(FileInputStream.java:144)
at java.base/java.io.FileInputStream.<init>(FileInputStream.java:106)
at com.utilities.ConfigReader.loadProperties(ConfigReader.java:12)
at com.utilities.HelperClass.<init>(HelperClass.java:24)
at com.utilities.HelperClass.setUpDriver(HelperClass.java:63)
at com.definitions.Hooks.setUp(Hooks.java:24)
]]>
    </failure>
  </testcase> <!-- runScenario -->
  <testcase classname="io.cucumber.testng.AbstractTestNGCucumberTests" name="runScenario" time="0.018">
    <failure type="java.lang.NullPointerException">
      <![CDATA[java.lang.NullPointerException
at java.base/java.io.FileInputStream.<init>(FileInputStream.java:144)
at java.base/java.io.FileInputStream.<init>(FileInputStream.java:106)
at com.utilities.ConfigReader.loadProperties(ConfigReader.java:12)
at com.utilities.HelperClass.<init>(HelperClass.java:24)
at com.utilities.HelperClass.setUpDriver(HelperClass.java:63)
at com.definitions.Hooks.setUp(Hooks.java:24)
]]>
    </failure>
  </testcase> <!-- runScenario -->
  <testcase classname="io.cucumber.testng.AbstractTestNGCucumberTests" name="runScenario" time="0.014">
    <failure type="java.lang.NullPointerException">
      <![CDATA[java.lang.NullPointerException
at java.base/java.io.FileInputStream.<init>(FileInputStream.java:144)
at java.base/java.io.FileInputStream.<init>(FileInputStream.java:106)
at com.utilities.ConfigReader.loadProperties(ConfigReader.java:12)
at com.utilities.HelperClass.<init>(HelperClass.java:24)
at com.utilities.HelperClass.setUpDriver(HelperClass.java:63)
at com.definitions.Hooks.setUp(Hooks.java:24)
]]>
    </failure>
  </testcase> <!-- runScenario -->
  <testcase classname="io.cucumber.testng.AbstractTestNGCucumberTests" name="runScenario" time="0.02">
    <failure type="java.lang.NullPointerException">
      <![CDATA[java.lang.NullPointerException
at java.base/java.io.FileInputStream.<init>(FileInputStream.java:144)
at java.base/java.io.FileInputStream.<init>(FileInputStream.java:106)
at com.utilities.ConfigReader.loadProperties(ConfigReader.java:12)
at com.utilities.HelperClass.<init>(HelperClass.java:24)
at com.utilities.HelperClass.setUpDriver(HelperClass.java:63)
at com.definitions.Hooks.setUp(Hooks.java:24)
]]>
    </failure>
  </testcase> <!-- runScenario -->
  <testcase classname="io.cucumber.testng.AbstractTestNGCucumberTests" name="runScenario" time="0.021">
    <failure type="java.lang.NullPointerException">
      <![CDATA[java.lang.NullPointerException
at java.base/java.io.FileInputStream.<init>(FileInputStream.java:144)
at java.base/java.io.FileInputStream.<init>(FileInputStream.java:106)
at com.utilities.ConfigReader.loadProperties(ConfigReader.java:12)
at com.utilities.HelperClass.<init>(HelperClass.java:24)
at com.utilities.HelperClass.setUpDriver(HelperClass.java:63)
at com.definitions.Hooks.setUp(Hooks.java:24)
]]>
    </failure>
  </testcase> <!-- runScenario -->
  <testcase classname="io.cucumber.testng.AbstractTestNGCucumberTests" name="runScenario" time="0.018">
    <failure type="java.lang.NullPointerException">
      <![CDATA[java.lang.NullPointerException
at java.base/java.io.FileInputStream.<init>(FileInputStream.java:144)
at java.base/java.io.FileInputStream.<init>(FileInputStream.java:106)
at com.utilities.ConfigReader.loadProperties(ConfigReader.java:12)
at com.utilities.HelperClass.<init>(HelperClass.java:24)
at com.utilities.HelperClass.setUpDriver(HelperClass.java:63)
at com.definitions.Hooks.setUp(Hooks.java:24)
]]>
    </failure>
  </testcase> <!-- runScenario -->
</testsuite> <!-- Default test -->
