<?xml version="1.0" encoding="UTF-8"?>
<!-- Generated by org.testng.reporters.JUnitXMLReporter -->
<testsuite ignored="0" hostname="Saranya" failures="5" tests="5" name="Default test" time="30.334" errors="0" timestamp="2025-04-10T01:25:25 IST">
  <testcase classname="io.cucumber.testng.AbstractTestNGCucumberTests" name="runScenario" time="8.532">
    <failure type="io.cucumber.java.PendingException" message="TODO: implement me">
      <![CDATA[io.cucumber.java.PendingException: TODO: implement me
at com.definitions.UserRegistrationDefinition.clicks_the_register_button(UserRegistrationDefinition.java:23)
at ✽.clicks the register button(file:///C:/Users/saran/git/SeleniumFinalCucumber/ecommerce-lambdatest-bd/src/test/resources/com/features/UserRegistration.feature:8)
]]>
    </failure>
  </testcase> <!-- runScenario -->
  <testcase classname="io.cucumber.testng.AbstractTestNGCucumberTests" name="runScenario" time="5.371">
    <failure type="io.cucumber.java.PendingException" message="TODO: implement me">
      <![CDATA[io.cucumber.java.PendingException: TODO: implement me
at com.definitions.UserRegistrationDefinition.clicks_the_register_button(UserRegistrationDefinition.java:23)
at ✽.clicks the register button(file:///C:/Users/saran/git/SeleniumFinalCucumber/ecommerce-lambdatest-bd/src/test/resources/com/features/UserRegistration.feature:8)
]]>
    </failure>
  </testcase> <!-- runScenario -->
  <testcase classname="io.cucumber.testng.AbstractTestNGCucumberTests" name="runScenario" time="5.205">
    <failure type="io.cucumber.java.PendingException" message="TODO: implement me">
      <![CDATA[io.cucumber.java.PendingException: TODO: implement me
at com.definitions.UserRegistrationDefinition.clicks_the_register_button(UserRegistrationDefinition.java:23)
at ✽.clicks the register button(file:///C:/Users/saran/git/SeleniumFinalCucumber/ecommerce-lambdatest-bd/src/test/resources/com/features/UserRegistration.feature:8)
]]>
    </failure>
  </testcase> <!-- runScenario -->
  <testcase classname="io.cucumber.testng.AbstractTestNGCucumberTests" name="runScenario" time="5.275">
    <failure type="io.cucumber.java.PendingException" message="TODO: implement me">
      <![CDATA[io.cucumber.java.PendingException: TODO: implement me
at com.definitions.UserRegistrationDefinition.clicks_the_register_button(UserRegistrationDefinition.java:23)
at ✽.clicks the register button(file:///C:/Users/saran/git/SeleniumFinalCucumber/ecommerce-lambdatest-bd/src/test/resources/com/features/UserRegistration.feature:8)
]]>
    </failure>
  </testcase> <!-- runScenario -->
  <testcase classname="io.cucumber.testng.AbstractTestNGCucumberTests" name="runScenario" time="5.357">
    <failure type="io.cucumber.java.PendingException" message="TODO: implement me">
      <![CDATA[io.cucumber.java.PendingException: TODO: implement me
at com.definitions.UserRegistrationDefinition.clicks_the_register_button(UserRegistrationDefinition.java:23)
at ✽.clicks the register button(file:///C:/Users/saran/git/SeleniumFinalCucumber/ecommerce-lambdatest-bd/src/test/resources/com/features/UserRegistration.feature:8)
]]>
    </failure>
  </testcase> <!-- runScenario -->
</testsuite> <!-- Default test -->
